<?xml version="1.0" encoding="UTF-8"?>
<testsuites>
	<testsuite tests="5" errors="0" failures="5" time="0.004" timestamp="2015-03-18T17:45:03">
		<testcase classname="Ship with a crew" name="`docked` should return false for ships with a crew" time="0.001">
			<failure type="" message="ReferenceError: Can&amp;apos;t find variable: Spaceship in file:///Users/deniznida/Documents/FIS/space-invaders-ruby-007/spec/space-invaders-spec.js (line 67)">
	at file:///Users/deniznida/Documents/FIS/space-invaders-ruby-007/spec/space-invaders-spec.js:67:30
	at attemptSync (file:///Users/deniznida/.rvm/gems/ruby-2.2.0-preview1/gems/ironboard-0.0.5/lib/ironboard/jasmine/jasmine.js:1510:16)
	at run (file:///Users/deniznida/.rvm/gems/ruby-2.2.0-preview1/gems/ironboard-0.0.5/lib/ironboard/jasmine/jasmine.js:1498:20)
	at execute (file:///Users/deniznida/.rvm/gems/ruby-2.2.0-preview1/gems/ironboard-0.0.5/lib/ironboard/jasmine/jasmine.js:1485:13)
	at queueRunnerFactory (file:///Users/deniznida/.rvm/gems/ruby-2.2.0-preview1/gems/ironboard-0.0.5/lib/ironboard/jasmine/jasmine.js:518:42)
	at execute (file:///Users/deniznida/.rvm/gems/ruby-2.2.0-preview1/gems/ironboard-0.0.5/lib/ironboard/jasmine/jasmine.js:306:28)
	at file:///Users/deniznida/.rvm/gems/ruby-2.2.0-preview1/gems/ironboard-0.0.5/lib/ironboard/jasmine/jasmine.js:1708:44
	at attemptAsync (file:///Users/deniznida/.rvm/gems/ruby-2.2.0-preview1/gems/ironboard-0.0.5/lib/ironboard/jasmine/jasmine.js:1520:16)
	at run (file:///Users/deniznida/.rvm/gems/ruby-2.2.0-preview1/gems/ironboard-0.0.5/lib/ironboard/jasmine/jasmine.js:1496:28)
	at execute (file:///Users/deniznida/.rvm/gems/ruby-2.2.0-preview1/gems/ironboard-0.0.5/lib/ironboard/jasmine/jasmine.js:1485:13)
	at queueRunnerFactory (file:///Users/deniznida/.rvm/gems/ruby-2.2.0-preview1/gems/ironboard-0.0.5/lib/ironboard/jasmine/jasmine.js:518:42)
	at execute (file:///Users/deniznida/.rvm/gems/ruby-2.2.0-preview1/gems/ironboard-0.0.5/lib/ironboard/jasmine/jasmine.js:1694:21)
	at file:///Users/deniznida/.rvm/gems/ruby-2.2.0-preview1/gems/ironboard-0.0.5/lib/ironboard/jasmine/jasmine.js:1708:44
	at attemptAsync (file:///Users/deniznida/.rvm/gems/ruby-2.2.0-preview1/gems/ironboard-0.0.5/lib/ironboard/jasmine/jasmine.js:1520:16)
	at run (file:///Users/deniznida/.rvm/gems/ruby-2.2.0-preview1/gems/ironboard-0.0.5/lib/ironboard/jasmine/jasmine.js:1496:28)
	at next (file:///Users/deniznida/.rvm/gems/ruby-2.2.0-preview1/gems/ironboard-0.0.5/lib/ironboard/jasmine/jasmine.js:1517:40)
	at complete (file:///Users/deniznida/.rvm/gems/ruby-2.2.0-preview1/gems/ironboard-0.0.5/lib/ironboard/jasmine/jasmine.js:1703:19)
	at clearStack (file:///Users/deniznida/.rvm/gems/ruby-2.2.0-preview1/gems/ironboard-0.0.5/lib/ironboard/jasmine/jasmine.js:506:11)
	at run (file:///Users/deniznida/.rvm/gems/ruby-2.2.0-preview1/gems/ironboard-0.0.5/lib/ironboard/jasmine/jasmine.js:1505:22)
	at next (file:///Users/deniznida/.rvm/gems/ruby-2.2.0-preview1/gems/ironboard-0.0.5/lib/ironboard/jasmine/jasmine.js:1517:40)
	at complete (file:///Users/deniznida/.rvm/gems/ruby-2.2.0-preview1/gems/ironboard-0.0.5/lib/ironboard/jasmine/jasmine.js:333:19)
	at clearStack (file:///Users/deniznida/.rvm/gems/ruby-2.2.0-preview1/gems/ironboard-0.0.5/lib/ironboard/jasmine/jasmine.js:506:11)
	at run (file:///Users/deniznida/.rvm/gems/ruby-2.2.0-preview1/gems/ironboard-0.0.5/lib/ironboard/jasmine/jasmine.js:1505:22)
	at execute (file:///Users/deniznida/.rvm/gems/ruby-2.2.0-preview1/gems/ironboard-0.0.5/lib/ironboard/jasmine/jasmine.js:1485:13)
	at queueRunnerFactory (file:///Users/deniznida/.rvm/gems/ruby-2.2.0-preview1/gems/ironboard-0.0.5/lib/ironboard/jasmine/jasmine.js:518:42)
	at execute (file:///Users/deniznida/.rvm/gems/ruby-2.2.0-preview1/gems/ironboard-0.0.5/lib/ironboard/jasmine/jasmine.js:306:28)
	at file:///Users/deniznida/.rvm/gems/ruby-2.2.0-preview1/gems/ironboard-0.0.5/lib/ironboard/jasmine/jasmine.js:1708:44
	at attemptAsync (file:///Users/deniznida/.rvm/gems/ruby-2.2.0-preview1/gems/ironboard-0.0.5/lib/ironboard/jasmine/jasmine.js:1520:16)
	at run (file:///Users/deniznida/.rvm/gems/ruby-2.2.0-preview1/gems/ironboard-0.0.5/lib/ironboard/jasmine/jasmine.js:1496:28)
	at next (file:///Users/deniznida/.rvm/gems/ruby-2.2.0-preview1/gems/ironboard-0.0.5/lib/ironboard/jasmine/jasmine.js:1517:40)
	at complete (file:///Users/deniznida/.rvm/gems/ruby-2.2.0-preview1/gems/ironboard-0.0.5/lib/ironboard/jasmine/jasmine.js:333:19)
	at clearStack (file:///Users/deniznida/.rvm/gems/ruby-2.2.0-preview1/gems/ironboard-0.0.5/lib/ironboard/jasmine/jasmine.js:506:11)
	at run (file:///Users/deniznida/.rvm/gems/ruby-2.2.0-preview1/gems/ironboard-0.0.5/lib/ironboard/jasmine/jasmine.js:1505:22)
	at execute (file:///Users/deniznida/.rvm/gems/ruby-2.2.0-preview1/gems/ironboard-0.0.5/lib/ironboard/jasmine/jasmine.js:1485:13)
	at queueRunnerFactory (file:///Users/deniznida/.rvm/gems/ruby-2.2.0-preview1/gems/ironboard-0.0.5/lib/ironboard/jasmine/jasmine.js:518:42)
	at execute (file:///Users/deniznida/.rvm/gems/ruby-2.2.0-preview1/gems/ironboard-0.0.5/lib/ironboard/jasmine/jasmine.js:306:28)
	at file:///Users/deniznida/.rvm/gems/ruby-2.2.0-preview1/gems/ironboard-0.0.5/lib/ironboard/jasmine/jasmine.js:1708:44
	at attemptAsync (file:///Users/deniznida/.rvm/gems/ruby-2.2.0-preview1/gems/ironboard-0.0.5/lib/ironboard/jasmine/jasmine.js:1520:16)
	at run (file:///Users/deniznida/.rvm/gems/ruby-2.2.0-preview1/gems/ironboard-0.0.5/lib/ironboard/jasmine/jasmine.js:1496:28)
	at next (file:///Users/deniznida/.rvm/gems/ruby-2.2.0-preview1/gems/ironboard-0.0.5/lib/ironboard/jasmine/jasmine.js:1517:40)
	at complete (file:///Users/deniznida/.rvm/gems/ruby-2.2.0-preview1/gems/ironboard-0.0.5/lib/ironboard/jasmine/jasmine.js:333:19)
	at clearStack (file:///Users/deniznida/.rvm/gems/ruby-2.2.0-preview1/gems/ironboard-0.0.5/lib/ironboard/jasmine/jasmine.js:506:11)
	at run (file:///Users/deniznida/.rvm/gems/ruby-2.2.0-preview1/gems/ironboard-0.0.5/lib/ironboard/jasmine/jasmine.js:1505:22)
	at execute (file:///Users/deniznida/.rvm/gems/ruby-2.2.0-preview1/gems/ironboard-0.0.5/lib/ironboard/jasmine/jasmine.js:1485:13)
	at queueRunnerFactory (file:///Users/deniznida/.rvm/gems/ruby-2.2.0-preview1/gems/ironboard-0.0.5/lib/ironboard/jasmine/jasmine.js:518:42)
	at execute (file:///Users/deniznida/.rvm/gems/ruby-2.2.0-preview1/gems/ironboard-0.0.5/lib/ironboard/jasmine/jasmine.js:306:28)
	at file:///Users/deniznida/.rvm/gems/ruby-2.2.0-preview1/gems/ironboard-0.0.5/lib/ironboard/jasmine/jasmine.js:1708:44
	at attemptAsync (file:///Users/deniznida/.rvm/gems/ruby-2.2.0-preview1/gems/ironboard-0.0.5/lib/ironboard/jasmine/jasmine.js:1520:16)
	at run (file:///Users/deniznida/.rvm/gems/ruby-2.2.0-preview1/gems/ironboard-0.0.5/lib/ironboard/jasmine/jasmine.js:1496:28)
	at next (file:///Users/deniznida/.rvm/gems/ruby-2.2.0-preview1/gems/ironboard-0.0.5/lib/ironboard/jasmine/jasmine.js:1517:40)
	at complete (file:///Users/deniznida/.rvm/gems/ruby-2.2.0-preview1/gems/ironboard-0.0.5/lib/ironboard/jasmine/jasmine.js:333:19)
	at clearStack (file:///Users/deniznida/.rvm/gems/ruby-2.2.0-preview1/gems/ironboard-0.0.5/lib/ironboard/jasmine/jasmine.js:506:11)
	at run (file:///Users/deniznida/.rvm/gems/ruby-2.2.0-preview1/gems/ironboard-0.0.5/lib/ironboard/jasmine/jasmine.js:1505:22)
	at execute (file:///Users/deniznida/.rvm/gems/ruby-2.2.0-preview1/gems/ironboard-0.0.5/lib/ironboard/jasmine/jasmine.js:1485:13)
	at queueRunnerFactory (file:///Users/deniznida/.rvm/gems/ruby-2.2.0-preview1/gems/ironboard-0.0.5/lib/ironboard/jasmine/jasmine.js:518:42)
	at execute (file:///Users/deniznida/.rvm/gems/ruby-2.2.0-preview1/gems/ironboard-0.0.5/lib/ironboard/jasmine/jasmine.js:306:28)
	at file:///Users/deniznida/.rvm/gems/ruby-2.2.0-preview1/gems/ironboard-0.0.5/lib/ironboard/jasmine/jasmine.js:1708:44
	at attemptAsync (file:///Users/deniznida/.rvm/gems/ruby-2.2.0-preview1/gems/ironboard-0.0.5/lib/ironboard/jasmine/jasmine.js:1520:16)
	at run (file:///Users/deniznida/.rvm/gems/ruby-2.2.0-preview1/gems/ironboard-0.0.5/lib/ironboard/jasmine/jasmine.js:1496:28)
	at next (file:///Users/deniznida/.rvm/gems/ruby-2.2.0-preview1/gems/ironboard-0.0.5/lib/ironboard/jasmine/jasmine.js:1517:40)
	at complete (file:///Users/deniznida/.rvm/gems/ruby-2.2.0-preview1/gems/ironboard-0.0.5/lib/ironboard/jasmine/jasmine.js:333:19)
	at clearStack (file:///Users/deniznida/.rvm/gems/ruby-2.2.0-preview1/gems/ironboard-0.0.5/lib/ironboard/jasmine/jasmine.js:506:11)
	at run (file:///Users/deniznida/.rvm/gems/ruby-2.2.0-preview1/gems/ironboard-0.0.5/lib/ironboard/jasmine/jasmine.js:1505:22)
	at execute (file:///Users/deniznida/.rvm/gems/ruby-2.2.0-preview1/gems/ironboard-0.0.5/lib/ironboard/jasmine/jasmine.js:1485:13)
	at queueRunnerFactory (file:///Users/deniznida/.rvm/gems/ruby-2.2.0-preview1/gems/ironboard-0.0.5/lib/ironboard/jasmine/jasmine.js:518:42)
	at execute (file:///Users/deniznida/.rvm/gems/ruby-2.2.0-preview1/gems/ironboard-0.0.5/lib/ironboard/jasmine/jasmine.js:306:28)
	at file:///Users/deniznida/.rvm/gems/ruby-2.2.0-preview1/gems/ironboard-0.0.5/lib/ironboard/jasmine/jasmine.js:1708:44
	at attemptAsync (file:///Users/deniznida/.rvm/gems/ruby-2.2.0-preview1/gems/ironboard-0.0.5/lib/ironboard/jasmine/jasmine.js:1520:16)
	at run (file:///Users/deniznida/.rvm/gems/ruby-2.2.0-preview1/gems/ironboard-0.0.5/lib/ironboard/jasmine/jasmine.js:1496:28)
	at next (file:///Users/deniznida/.rvm/gems/ruby-2.2.0-preview1/gems/ironboard-0.0.5/lib/ironboard/jasmine/jasmine.js:1517:40)
	at complete (file:///Users/deniznida/.rvm/gems/ruby-2.2.0-preview1/gems/ironboard-0.0.5/lib/ironboard/jasmine/jasmine.js:333:19)
	at clearStack (file:///Users/deniznida/.rvm/gems/ruby-2.2.0-preview1/gems/ironboard-0.0.5/lib/ironboard/jasmine/jasmine.js:506:11)
	at run (file:///Users/deniznida/.rvm/gems/ruby-2.2.0-preview1/gems/ironboard-0.0.5/lib/ironboard/jasmine/jasmine.js:1505:22)
	at execute (file:///Users/deniznida/.rvm/gems/ruby-2.2.0-preview1/gems/ironboard-0.0.5/lib/ironboard/jasmine/jasmine.js:1485:13)
	at queueRunnerFactory (file:///Users/deniznida/.rvm/gems/ruby-2.2.0-preview1/gems/ironboard-0.0.5/lib/ironboard/jasmine/jasmine.js:518:42)
	at execute (file:///Users/deniznida/.rvm/gems/ruby-2.2.0-preview1/gems/ironboard-0.0.5/lib/ironboard/jasmine/jasmine.js:306:28)
	at file:///Users/deniznida/.rvm/gems/ruby-2.2.0-preview1/gems/ironboard-0.0.5/lib/ironboard/jasmine/jasmine.js:1708:44
	at attemptAsync (file:///Users/deniznida/.rvm/gems/ruby-2.2.0-preview1/gems/ironboard-0.0.5/lib/ironboard/jasmine/jasmine.js:1520:16)
	at run (file:///Users/deniznida/.rvm/gems/ruby-2.2.0-preview1/gems/ironboard-0.0.5/lib/ironboard/jasmine/jasmine.js:1496:28)
	at next (file:///Users/deniznida/.rvm/gems/ruby-2.2.0-preview1/gems/ironboard-0.0.5/lib/ironboard/jasmine/jasmine.js:1517:40)
	at complete (file:///Users/deniznida/.rvm/gems/ruby-2.2.0-preview1/gems/ironboard-0.0.5/lib/ironboard/jasmine/jasmine.js:333:19)
	at clearStack (file:///Users/deniznida/.rvm/gems/ruby-2.2.0-preview1/gems/ironboard-0.0.5/lib/ironboard/jasmine/jasmine.js:506:11)
	at run (file:///Users/deniznida/.rvm/gems/ruby-2.2.0-preview1/gems/ironboard-0.0.5/lib/ironboard/jasmine/jasmine.js:1505:22)
	at execute (file:///Users/deniznida/.rvm/gems/ruby-2.2.0-preview1/gems/ironboard-0.0.5/lib/ironboard/jasmine/jasmine.js:1485:13)
	at queueRunnerFactory (file:///Users/deniznida/.rvm/gems/ruby-2.2.0-preview1/gems/ironboard-0.0.5/lib/ironboard/jasmine/jasmine.js:518:42)
	at execute (file:///Users/deniznida/.rvm/gems/ruby-2.2.0-preview1/gems/ironboard-0.0.5/lib/ironboard/jasmine/jasmine.js:306:28)
	at file:///Users/deniznida/.rvm/gems/ruby-2.2.0-preview1/gems/ironboard-0.0.5/lib/ironboard/jasmine/jasmine.js:1708:44
	at attemptAsync (file:///Users/deniznida/.rvm/gems/ruby-2.2.0-preview1/gems/ironboard-0.0.5/lib/ironboard/jasmine/jasmine.js:1520:16)
	at run (file:///Users/deniznida/.rvm/gems/ruby-2.2.0-preview1/gems/ironboard-0.0.5/lib/ironboard/jasmine/jasmine.js:1496:28)
	at execute (file:///Users/deniznida/.rvm/gems/ruby-2.2.0-preview1/gems/ironboard-0.0.5/lib/ironboard/jasmine/jasmine.js:1485:13)
	at queueRunnerFactory (file:///Users/deniznida/.rvm/gems/ruby-2.2.0-preview1/gems/ironboard-0.0.5/lib/ironboard/jasmine/jasmine.js:518:42)
	at execute (file:///Users/deniznida/.rvm/gems/ruby-2.2.0-preview1/gems/ironboard-0.0.5/lib/ironboard/jasmine/jasmine.js:1694:21)
	at file:///Users/deniznida/.rvm/gems/ruby-2.2.0-preview1/gems/ironboard-0.0.5/lib/ironboard/jasmine/jasmine.js:1708:44
	at attemptAsync (file:///Users/deniznida/.rvm/gems/ruby-2.2.0-preview1/gems/ironboard-0.0.5/lib/ironboard/jasmine/jasmine.js:1520:16)
	at run (file:///Users/deniznida/.rvm/gems/ruby-2.2.0-preview1/gems/ironboard-0.0.5/lib/ironboard/jasmine/jasmine.js:1496:28)
	at next (file:///Users/deniznida/.rvm/gems/ruby-2.2.0-preview1/gems/ironboard-0.0.5/lib/ironboard/jasmine/jasmine.js:1517:40)
	at complete (file:///Users/deniznida/.rvm/gems/ruby-2.2.0-preview1/gems/ironboard-0.0.5/lib/ironboard/jasmine/jasmine.js:1703:19)
	at clearStack (file:///Users/deniznida/.rvm/gems/ruby-2.2.0-preview1/gems/ironboard-0.0.5/lib/ironboard/jasmine/jasmine.js:506:11)
	at run (file:///Users/deniznida/.rvm/gems/ruby-2.2.0-preview1/gems/ironboard-0.0.5/lib/ironboard/jasmine/jasmine.js:1505:22)
	at next (file:///Users/deniznida/.rvm/gems/ruby-2.2.0-preview1/gems/ironboard-0.0.5/lib/ironboard/jasmine/jasmine.js:1517:40)
	at complete (file:///Users/deniznida/.rvm/gems/ruby-2.2.0-preview1/gems/ironboard-0.0.5/lib/ironboard/jasmine/jasmine.js:333:19)
	at clearStack (file:///Users/deniznida/.rvm/gems/ruby-2.2.0-preview1/gems/ironboard-0.0.5/lib/ironboard/jasmine/jasmine.js:506:11)
	at run (file:///Users/deniznida/.rvm/gems/ruby-2.2.0-preview1/gems/ironboard-0.0.5/lib/ironboard/jasmine/jasmine.js:1505:22)
	at execute (file:///Users/deniznida/.rvm/gems/ruby-2.2.0-preview1/gems/ironboard-0.0.5/lib/ironboard/jasmine/jasmine.js:1485:13)
	at queueRunnerFactory (file:///Users/deniznida/.rvm/gems/ruby-2.2.0-preview1/gems/ironboard-0.0.5/lib/ironboard/jasmine/jasmine.js:518:42)
	at execute (file:///Users/deniznida/.rvm/gems/ruby-2.2.0-preview1/gems/ironboard-0.0.5/lib/ironboard/jasmine/jasmine.js:306:28)
	at file:///Users/deniznida/.rvm/gems/ruby-2.2.0-preview1/gems/ironboard-0.0.5/lib/ironboard/jasmine/jasmine.js:1708:44
	at attemptAsync (file:///Users/deniznida/.rvm/gems/ruby-2.2.0-preview1/gems/ironboard-0.0.5/lib/ironboard/jasmine/jasmine.js:1520:16)
	at run (file:///Users/deniznida/.rvm/gems/ruby-2.2.0-preview1/gems/ironboard-0.0.5/lib/ironboard/jasmine/jasmine.js:1496:28)
	at next (file:///Users/deniznida/.rvm/gems/ruby-2.2.0-preview1/gems/ironboard-0.0.5/lib/ironboard/jasmine/jasmine.js:1517:40)
	at complete (file:///Users/deniznida/.rvm/gems/ruby-2.2.0-preview1/gems/ironboard-0.0.5/lib/ironboard/jasmine/jasmine.js:333:19)
	at clearStack (file:///Users/deniznida/.rvm/gems/ruby-2.2.0-preview1/gems/ironboard-0.0.5/lib/ironboard/jasmine/jasmine.js:506:11)
	at run (file:///Users/deniznida/.rvm/gems/ruby-2.2.0-preview1/gems/ironboard-0.0.5/lib/ironboard/jasmine/jasmine.js:1505:22)
	at execute (file:///Users/deniznida/.rvm/gems/ruby-2.2.0-preview1/gems/ironboard-0.0.5/lib/ironboard/jasmine/jasmine.js:1485:13)
	at queueRunnerFactory (file:///Users/deniznida/.rvm/gems/ruby-2.2.0-preview1/gems/ironboard-0.0.5/lib/ironboard/jasmine/jasmine.js:518:42)
	at execute (file:///Users/deniznida/.rvm/gems/ruby-2.2.0-preview1/gems/ironboard-0.0.5/lib/ironboard/jasmine/jasmine.js:306:28)
	at file:///Users/deniznida/.rvm/gems/ruby-2.2.0-preview1/gems/ironboard-0.0.5/lib/ironboard/jasmine/jasmine.js:1708:44
	at attemptAsync (file:///Users/deniznida/.rvm/gems/ruby-2.2.0-preview1/gems/ironboard-0.0.5/lib/ironboard/jasmine/jasmine.js:1520:16)
	at run (file:///Users/deniznida/.rvm/gems/ruby-2.2.0-preview1/gems/ironboard-0.0.5/lib/ironboard/jasmine/jasmine.js:1496:28)
	at next (file:///Users/deniznida/.rvm/gems/ruby-2.2.0-preview1/gems/ironboard-0.0.5/lib/ironboard/jasmine/jasmine.js:1517:40)
	at complete (file:///Users/deniznida/.rvm/gems/ruby-2.2.0-preview1/gems/ironboard-0.0.5/lib/ironboard/jasmine/jasmine.js:333:19)
	at clearStack (file:///Users/deniznida/.rvm/gems/ruby-2.2.0-preview1/gems/ironboard-0.0.5/lib/ironboard/jasmine/jasmine.js:506:11)
	at run (file:///Users/deniznida/.rvm/gems/ruby-2.2.0-preview1/gems/ironboard-0.0.5/lib/ironboard/jasmine/jasmine.js:1505:22)
	at execute (file:///Users/deniznida/.rvm/gems/ruby-2.2.0-preview1/gems/ironboard-0.0.5/lib/ironboard/jasmine/jasmine.js:1485:13)
	at queueRunnerFactory (file:///Users/deniznida/.rvm/gems/ruby-2.2.0-preview1/gems/ironboard-0.0.5/lib/ironboard/jasmine/jasmine.js:518:42)
	at execute (file:///Users/deniznida/.rvm/gems/ruby-2.2.0-preview1/gems/ironboard-0.0.5/lib/ironboard/jasmine/jasmine.js:306:28)
	at file:///Users/deniznida/.rvm/gems/ruby-2.2.0-preview1/gems/ironboard-0.0.5/lib/ironboard/jasmine/jasmine.js:1708:44
	at attemptAsync (file:///Users/deniznida/.rvm/gems/ruby-2.2.0-preview1/gems/ironboard-0.0.5/lib/ironboard/jasmine/jasmine.js:1520:16)
	at run (file:///Users/deniznida/.rvm/gems/ruby-2.2.0-preview1/gems/ironboard-0.0.5/lib/ironboard/jasmine/jasmine.js:1496:28)
	at execute (file:///Users/deniznida/.rvm/gems/ruby-2.2.0-preview1/gems/ironboard-0.0.5/lib/ironboard/jasmine/jasmine.js:1485:13)
	at queueRunnerFactory (file:///Users/deniznida/.rvm/gems/ruby-2.2.0-preview1/gems/ironboard-0.0.5/lib/ironboard/jasmine/jasmine.js:518:42)
	at execute (file:///Users/deniznida/.rvm/gems/ruby-2.2.0-preview1/gems/ironboard-0.0.5/lib/ironboard/jasmine/jasmine.js:1694:21)
	at file:///Users/deniznida/.rvm/gems/ruby-2.2.0-preview1/gems/ironboard-0.0.5/lib/ironboard/jasmine/jasmine.js:1708:44
	at attemptAsync (file:///Users/deniznida/.rvm/gems/ruby-2.2.0-preview1/gems/ironboard-0.0.5/lib/ironboard/jasmine/jasmine.js:1520:16)
	at run (file:///Users/deniznida/.rvm/gems/ruby-2.2.0-preview1/gems/ironboard-0.0.5/lib/ironboard/jasmine/jasmine.js:1496:28)
	at execute (file:///Users/deniznida/.rvm/gems/ruby-2.2.0-preview1/gems/ironboard-0.0.5/lib/ironboard/jasmine/jasmine.js:1485:13)
	at queueRunnerFactory (file:///Users/deniznida/.rvm/gems/ruby-2.2.0-preview1/gems/ironboard-0.0.5/lib/ironboard/jasmine/jasmine.js:518:42)
	at execute (file:///Users/deniznida/.rvm/gems/ruby-2.2.0-preview1/gems/ironboard-0.0.5/lib/ironboard/jasmine/jasmine.js:1694:21)
	at file:///Users/deniznida/.rvm/gems/ruby-2.2.0-preview1/gems/ironboard-0.0.5/lib/ironboard/jasmine/jasmine.js:541:83
	at attemptAsync (file:///Users/deniznida/.rvm/gems/ruby-2.2.0-preview1/gems/ironboard-0.0.5/lib/ironboard/jasmine/jasmine.js:1520:16)
	at run (file:///Users/deniznida/.rvm/gems/ruby-2.2.0-preview1/gems/ironboard-0.0.5/lib/ironboard/jasmine/jasmine.js:1496:28)
	at execute (file:///Users/deniznida/.rvm/gems/ruby-2.2.0-preview1/gems/ironboard-0.0.5/lib/ironboard/jasmine/jasmine.js:1485:13)
	at queueRunnerFactory (file:///Users/deniznida/.rvm/gems/ruby-2.2.0-preview1/gems/ironboard-0.0.5/lib/ironboard/jasmine/jasmine.js:518:42)
	at execute (file:///Users/deniznida/.rvm/gems/ruby-2.2.0-preview1/gems/ironboard-0.0.5/lib/ironboard/jasmine/jasmine.js:548:25)
	at onload (file:///Users/deniznida/.rvm/gems/ruby-2.2.0-preview1/gems/ironboard-0.0.5/lib/ironboard/jasmine/boot.js:172:16)			</failure>
			<failure type="" message="TypeError: undefined is not an object (evaluating &amp;apos;spaceship.docked&amp;apos;) in file:///Users/deniznida/Documents/FIS/space-invaders-ruby-007/spec/space-invaders-spec.js (line 71)">
	at file:///Users/deniznida/Documents/FIS/space-invaders-ruby-007/spec/space-invaders-spec.js:71:21
	at attemptSync (file:///Users/deniznida/.rvm/gems/ruby-2.2.0-preview1/gems/ironboard-0.0.5/lib/ironboard/jasmine/jasmine.js:1510:16)
	at run (file:///Users/deniznida/.rvm/gems/ruby-2.2.0-preview1/gems/ironboard-0.0.5/lib/ironboard/jasmine/jasmine.js:1498:20)
	at execute (file:///Users/deniznida/.rvm/gems/ruby-2.2.0-preview1/gems/ironboard-0.0.5/lib/ironboard/jasmine/jasmine.js:1485:13)
	at queueRunnerFactory (file:///Users/deniznida/.rvm/gems/ruby-2.2.0-preview1/gems/ironboard-0.0.5/lib/ironboard/jasmine/jasmine.js:518:42)
	at execute (file:///Users/deniznida/.rvm/gems/ruby-2.2.0-preview1/gems/ironboard-0.0.5/lib/ironboard/jasmine/jasmine.js:306:28)
	at file:///Users/deniznida/.rvm/gems/ruby-2.2.0-preview1/gems/ironboard-0.0.5/lib/ironboard/jasmine/jasmine.js:1708:44
	at attemptAsync (file:///Users/deniznida/.rvm/gems/ruby-2.2.0-preview1/gems/ironboard-0.0.5/lib/ironboard/jasmine/jasmine.js:1520:16)
	at run (file:///Users/deniznida/.rvm/gems/ruby-2.2.0-preview1/gems/ironboard-0.0.5/lib/ironboard/jasmine/jasmine.js:1496:28)
	at execute (file:///Users/deniznida/.rvm/gems/ruby-2.2.0-preview1/gems/ironboard-0.0.5/lib/ironboard/jasmine/jasmine.js:1485:13)
	at queueRunnerFactory (file:///Users/deniznida/.rvm/gems/ruby-2.2.0-preview1/gems/ironboard-0.0.5/lib/ironboard/jasmine/jasmine.js:518:42)
	at execute (file:///Users/deniznida/.rvm/gems/ruby-2.2.0-preview1/gems/ironboard-0.0.5/lib/ironboard/jasmine/jasmine.js:1694:21)
	at file:///Users/deniznida/.rvm/gems/ruby-2.2.0-preview1/gems/ironboard-0.0.5/lib/ironboard/jasmine/jasmine.js:1708:44
	at attemptAsync (file:///Users/deniznida/.rvm/gems/ruby-2.2.0-preview1/gems/ironboard-0.0.5/lib/ironboard/jasmine/jasmine.js:1520:16)
	at run (file:///Users/deniznida/.rvm/gems/ruby-2.2.0-preview1/gems/ironboard-0.0.5/lib/ironboard/jasmine/jasmine.js:1496:28)
	at next (file:///Users/deniznida/.rvm/gems/ruby-2.2.0-preview1/gems/ironboard-0.0.5/lib/ironboard/jasmine/jasmine.js:1517:40)
	at complete (file:///Users/deniznida/.rvm/gems/ruby-2.2.0-preview1/gems/ironboard-0.0.5/lib/ironboard/jasmine/jasmine.js:1703:19)
	at clearStack (file:///Users/deniznida/.rvm/gems/ruby-2.2.0-preview1/gems/ironboard-0.0.5/lib/ironboard/jasmine/jasmine.js:506:11)
	at run (file:///Users/deniznida/.rvm/gems/ruby-2.2.0-preview1/gems/ironboard-0.0.5/lib/ironboard/jasmine/jasmine.js:1505:22)
	at next (file:///Users/deniznida/.rvm/gems/ruby-2.2.0-preview1/gems/ironboard-0.0.5/lib/ironboard/jasmine/jasmine.js:1517:40)
	at complete (file:///Users/deniznida/.rvm/gems/ruby-2.2.0-preview1/gems/ironboard-0.0.5/lib/ironboard/jasmine/jasmine.js:333:19)
	at clearStack (file:///Users/deniznida/.rvm/gems/ruby-2.2.0-preview1/gems/ironboard-0.0.5/lib/ironboard/jasmine/jasmine.js:506:11)
	at run (file:///Users/deniznida/.rvm/gems/ruby-2.2.0-preview1/gems/ironboard-0.0.5/lib/ironboard/jasmine/jasmine.js:1505:22)
	at execute (file:///Users/deniznida/.rvm/gems/ruby-2.2.0-preview1/gems/ironboard-0.0.5/lib/ironboard/jasmine/jasmine.js:1485:13)
	at queueRunnerFactory (file:///Users/deniznida/.rvm/gems/ruby-2.2.0-preview1/gems/ironboard-0.0.5/lib/ironboard/jasmine/jasmine.js:518:42)
	at execute (file:///Users/deniznida/.rvm/gems/ruby-2.2.0-preview1/gems/ironboard-0.0.5/lib/ironboard/jasmine/jasmine.js:306:28)
	at file:///Users/deniznida/.rvm/gems/ruby-2.2.0-preview1/gems/ironboard-0.0.5/lib/ironboard/jasmine/jasmine.js:1708:44
	at attemptAsync (file:///Users/deniznida/.rvm/gems/ruby-2.2.0-preview1/gems/ironboard-0.0.5/lib/ironboard/jasmine/jasmine.js:1520:16)
	at run (file:///Users/deniznida/.rvm/gems/ruby-2.2.0-preview1/gems/ironboard-0.0.5/lib/ironboard/jasmine/jasmine.js:1496:28)
	at next (file:///Users/deniznida/.rvm/gems/ruby-2.2.0-preview1/gems/ironboard-0.0.5/lib/ironboard/jasmine/jasmine.js:1517:40)
	at complete (file:///Users/deniznida/.rvm/gems/ruby-2.2.0-preview1/gems/ironboard-0.0.5/lib/ironboard/jasmine/jasmine.js:333:19)
	at clearStack (file:///Users/deniznida/.rvm/gems/ruby-2.2.0-preview1/gems/ironboard-0.0.5/lib/ironboard/jasmine/jasmine.js:506:11)
	at run (file:///Users/deniznida/.rvm/gems/ruby-2.2.0-preview1/gems/ironboard-0.0.5/lib/ironboard/jasmine/jasmine.js:1505:22)
	at execute (file:///Users/deniznida/.rvm/gems/ruby-2.2.0-preview1/gems/ironboard-0.0.5/lib/ironboard/jasmine/jasmine.js:1485:13)
	at queueRunnerFactory (file:///Users/deniznida/.rvm/gems/ruby-2.2.0-preview1/gems/ironboard-0.0.5/lib/ironboard/jasmine/jasmine.js:518:42)
	at execute (file:///Users/deniznida/.rvm/gems/ruby-2.2.0-preview1/gems/ironboard-0.0.5/lib/ironboard/jasmine/jasmine.js:306:28)
	at file:///Users/deniznida/.rvm/gems/ruby-2.2.0-preview1/gems/ironboard-0.0.5/lib/ironboard/jasmine/jasmine.js:1708:44
	at attemptAsync (file:///Users/deniznida/.rvm/gems/ruby-2.2.0-preview1/gems/ironboard-0.0.5/lib/ironboard/jasmine/jasmine.js:1520:16)
	at run (file:///Users/deniznida/.rvm/gems/ruby-2.2.0-preview1/gems/ironboard-0.0.5/lib/ironboard/jasmine/jasmine.js:1496:28)
	at next (file:///Users/deniznida/.rvm/gems/ruby-2.2.0-preview1/gems/ironboard-0.0.5/lib/ironboard/jasmine/jasmine.js:1517:40)
	at complete (file:///Users/deniznida/.rvm/gems/ruby-2.2.0-preview1/gems/ironboard-0.0.5/lib/ironboard/jasmine/jasmine.js:333:19)
	at clearStack (file:///Users/deniznida/.rvm/gems/ruby-2.2.0-preview1/gems/ironboard-0.0.5/lib/ironboard/jasmine/jasmine.js:506:11)
	at run (file:///Users/deniznida/.rvm/gems/ruby-2.2.0-preview1/gems/ironboard-0.0.5/lib/ironboard/jasmine/jasmine.js:1505:22)
	at execute (file:///Users/deniznida/.rvm/gems/ruby-2.2.0-preview1/gems/ironboard-0.0.5/lib/ironboard/jasmine/jasmine.js:1485:13)
	at queueRunnerFactory (file:///Users/deniznida/.rvm/gems/ruby-2.2.0-preview1/gems/ironboard-0.0.5/lib/ironboard/jasmine/jasmine.js:518:42)
	at execute (file:///Users/deniznida/.rvm/gems/ruby-2.2.0-preview1/gems/ironboard-0.0.5/lib/ironboard/jasmine/jasmine.js:306:28)
	at file:///Users/deniznida/.rvm/gems/ruby-2.2.0-preview1/gems/ironboard-0.0.5/lib/ironboard/jasmine/jasmine.js:1708:44
	at attemptAsync (file:///Users/deniznida/.rvm/gems/ruby-2.2.0-preview1/gems/ironboard-0.0.5/lib/ironboard/jasmine/jasmine.js:1520:16)
	at run (file:///Users/deniznida/.rvm/gems/ruby-2.2.0-preview1/gems/ironboard-0.0.5/lib/ironboard/jasmine/jasmine.js:1496:28)
	at next (file:///Users/deniznida/.rvm/gems/ruby-2.2.0-preview1/gems/ironboard-0.0.5/lib/ironboard/jasmine/jasmine.js:1517:40)
	at complete (file:///Users/deniznida/.rvm/gems/ruby-2.2.0-preview1/gems/ironboard-0.0.5/lib/ironboard/jasmine/jasmine.js:333:19)
	at clearStack (file:///Users/deniznida/.rvm/gems/ruby-2.2.0-preview1/gems/ironboard-0.0.5/lib/ironboard/jasmine/jasmine.js:506:11)
	at run (file:///Users/deniznida/.rvm/gems/ruby-2.2.0-preview1/gems/ironboard-0.0.5/lib/ironboard/jasmine/jasmine.js:1505:22)
	at execute (file:///Users/deniznida/.rvm/gems/ruby-2.2.0-preview1/gems/ironboard-0.0.5/lib/ironboard/jasmine/jasmine.js:1485:13)
	at queueRunnerFactory (file:///Users/deniznida/.rvm/gems/ruby-2.2.0-preview1/gems/ironboard-0.0.5/lib/ironboard/jasmine/jasmine.js:518:42)
	at execute (file:///Users/deniznida/.rvm/gems/ruby-2.2.0-preview1/gems/ironboard-0.0.5/lib/ironboard/jasmine/jasmine.js:306:28)
	at file:///Users/deniznida/.rvm/gems/ruby-2.2.0-preview1/gems/ironboard-0.0.5/lib/ironboard/jasmine/jasmine.js:1708:44
	at attemptAsync (file:///Users/deniznida/.rvm/gems/ruby-2.2.0-preview1/gems/ironboard-0.0.5/lib/ironboard/jasmine/jasmine.js:1520:16)
	at run (file:///Users/deniznida/.rvm/gems/ruby-2.2.0-preview1/gems/ironboard-0.0.5/lib/ironboard/jasmine/jasmine.js:1496:28)
	at next (file:///Users/deniznida/.rvm/gems/ruby-2.2.0-preview1/gems/ironboard-0.0.5/lib/ironboard/jasmine/jasmine.js:1517:40)
	at complete (file:///Users/deniznida/.rvm/gems/ruby-2.2.0-preview1/gems/ironboard-0.0.5/lib/ironboard/jasmine/jasmine.js:333:19)
	at clearStack (file:///Users/deniznida/.rvm/gems/ruby-2.2.0-preview1/gems/ironboard-0.0.5/lib/ironboard/jasmine/jasmine.js:506:11)
	at run (file:///Users/deniznida/.rvm/gems/ruby-2.2.0-preview1/gems/ironboard-0.0.5/lib/ironboard/jasmine/jasmine.js:1505:22)
	at execute (file:///Users/deniznida/.rvm/gems/ruby-2.2.0-preview1/gems/ironboard-0.0.5/lib/ironboard/jasmine/jasmine.js:1485:13)
	at queueRunnerFactory (file:///Users/deniznida/.rvm/gems/ruby-2.2.0-preview1/gems/ironboard-0.0.5/lib/ironboard/jasmine/jasmine.js:518:42)
	at execute (file:///Users/deniznida/.rvm/gems/ruby-2.2.0-preview1/gems/ironboard-0.0.5/lib/ironboard/jasmine/jasmine.js:306:28)
	at file:///Users/deniznida/.rvm/gems/ruby-2.2.0-preview1/gems/ironboard-0.0.5/lib/ironboard/jasmine/jasmine.js:1708:44
	at attemptAsync (file:///Users/deniznida/.rvm/gems/ruby-2.2.0-preview1/gems/ironboard-0.0.5/lib/ironboard/jasmine/jasmine.js:1520:16)
	at run (file:///Users/deniznida/.rvm/gems/ruby-2.2.0-preview1/gems/ironboard-0.0.5/lib/ironboard/jasmine/jasmine.js:1496:28)
	at next (file:///Users/deniznida/.rvm/gems/ruby-2.2.0-preview1/gems/ironboard-0.0.5/lib/ironboard/jasmine/jasmine.js:1517:40)
	at complete (file:///Users/deniznida/.rvm/gems/ruby-2.2.0-preview1/gems/ironboard-0.0.5/lib/ironboard/jasmine/jasmine.js:333:19)
	at clearStack (file:///Users/deniznida/.rvm/gems/ruby-2.2.0-preview1/gems/ironboard-0.0.5/lib/ironboard/jasmine/jasmine.js:506:11)
	at run (file:///Users/deniznida/.rvm/gems/ruby-2.2.0-preview1/gems/ironboard-0.0.5/lib/ironboard/jasmine/jasmine.js:1505:22)
	at execute (file:///Users/deniznida/.rvm/gems/ruby-2.2.0-preview1/gems/ironboard-0.0.5/lib/ironboard/jasmine/jasmine.js:1485:13)
	at queueRunnerFactory (file:///Users/deniznida/.rvm/gems/ruby-2.2.0-preview1/gems/ironboard-0.0.5/lib/ironboard/jasmine/jasmine.js:518:42)
	at execute (file:///Users/deniznida/.rvm/gems/ruby-2.2.0-preview1/gems/ironboard-0.0.5/lib/ironboard/jasmine/jasmine.js:306:28)
	at file:///Users/deniznida/.rvm/gems/ruby-2.2.0-preview1/gems/ironboard-0.0.5/lib/ironboard/jasmine/jasmine.js:1708:44
	at attemptAsync (file:///Users/deniznida/.rvm/gems/ruby-2.2.0-preview1/gems/ironboard-0.0.5/lib/ironboard/jasmine/jasmine.js:1520:16)
	at run (file:///Users/deniznida/.rvm/gems/ruby-2.2.0-preview1/gems/ironboard-0.0.5/lib/ironboard/jasmine/jasmine.js:1496:28)
	at next (file:///Users/deniznida/.rvm/gems/ruby-2.2.0-preview1/gems/ironboard-0.0.5/lib/ironboard/jasmine/jasmine.js:1517:40)
	at complete (file:///Users/deniznida/.rvm/gems/ruby-2.2.0-preview1/gems/ironboard-0.0.5/lib/ironboard/jasmine/jasmine.js:333:19)
	at clearStack (file:///Users/deniznida/.rvm/gems/ruby-2.2.0-preview1/gems/ironboard-0.0.5/lib/ironboard/jasmine/jasmine.js:506:11)
	at run (file:///Users/deniznida/.rvm/gems/ruby-2.2.0-preview1/gems/ironboard-0.0.5/lib/ironboard/jasmine/jasmine.js:1505:22)
	at execute (file:///Users/deniznida/.rvm/gems/ruby-2.2.0-preview1/gems/ironboard-0.0.5/lib/ironboard/jasmine/jasmine.js:1485:13)
	at queueRunnerFactory (file:///Users/deniznida/.rvm/gems/ruby-2.2.0-preview1/gems/ironboard-0.0.5/lib/ironboard/jasmine/jasmine.js:518:42)
	at execute (file:///Users/deniznida/.rvm/gems/ruby-2.2.0-preview1/gems/ironboard-0.0.5/lib/ironboard/jasmine/jasmine.js:306:28)
	at file:///Users/deniznida/.rvm/gems/ruby-2.2.0-preview1/gems/ironboard-0.0.5/lib/ironboard/jasmine/jasmine.js:1708:44
	at attemptAsync (file:///Users/deniznida/.rvm/gems/ruby-2.2.0-preview1/gems/ironboard-0.0.5/lib/ironboard/jasmine/jasmine.js:1520:16)
	at run (file:///Users/deniznida/.rvm/gems/ruby-2.2.0-preview1/gems/ironboard-0.0.5/lib/ironboard/jasmine/jasmine.js:1496:28)
	at execute (file:///Users/deniznida/.rvm/gems/ruby-2.2.0-preview1/gems/ironboard-0.0.5/lib/ironboard/jasmine/jasmine.js:1485:13)
	at queueRunnerFactory (file:///Users/deniznida/.rvm/gems/ruby-2.2.0-preview1/gems/ironboard-0.0.5/lib/ironboard/jasmine/jasmine.js:518:42)
	at execute (file:///Users/deniznida/.rvm/gems/ruby-2.2.0-preview1/gems/ironboard-0.0.5/lib/ironboard/jasmine/jasmine.js:1694:21)
	at file:///Users/deniznida/.rvm/gems/ruby-2.2.0-preview1/gems/ironboard-0.0.5/lib/ironboard/jasmine/jasmine.js:1708:44
	at attemptAsync (file:///Users/deniznida/.rvm/gems/ruby-2.2.0-preview1/gems/ironboard-0.0.5/lib/ironboard/jasmine/jasmine.js:1520:16)
	at run (file:///Users/deniznida/.rvm/gems/ruby-2.2.0-preview1/gems/ironboard-0.0.5/lib/ironboard/jasmine/jasmine.js:1496:28)
	at next (file:///Users/deniznida/.rvm/gems/ruby-2.2.0-preview1/gems/ironboard-0.0.5/lib/ironboard/jasmine/jasmine.js:1517:40)
	at complete (file:///Users/deniznida/.rvm/gems/ruby-2.2.0-preview1/gems/ironboard-0.0.5/lib/ironboard/jasmine/jasmine.js:1703:19)
	at clearStack (file:///Users/deniznida/.rvm/gems/ruby-2.2.0-preview1/gems/ironboard-0.0.5/lib/ironboard/jasmine/jasmine.js:506:11)
	at run (file:///Users/deniznida/.rvm/gems/ruby-2.2.0-preview1/gems/ironboard-0.0.5/lib/ironboard/jasmine/jasmine.js:1505:22)
	at next (file:///Users/deniznida/.rvm/gems/ruby-2.2.0-preview1/gems/ironboard-0.0.5/lib/ironboard/jasmine/jasmine.js:1517:40)
	at complete (file:///Users/deniznida/.rvm/gems/ruby-2.2.0-preview1/gems/ironboard-0.0.5/lib/ironboard/jasmine/jasmine.js:333:19)
	at clearStack (file:///Users/deniznida/.rvm/gems/ruby-2.2.0-preview1/gems/ironboard-0.0.5/lib/ironboard/jasmine/jasmine.js:506:11)
	at run (file:///Users/deniznida/.rvm/gems/ruby-2.2.0-preview1/gems/ironboard-0.0.5/lib/ironboard/jasmine/jasmine.js:1505:22)
	at execute (file:///Users/deniznida/.rvm/gems/ruby-2.2.0-preview1/gems/ironboard-0.0.5/lib/ironboard/jasmine/jasmine.js:1485:13)
	at queueRunnerFactory (file:///Users/deniznida/.rvm/gems/ruby-2.2.0-preview1/gems/ironboard-0.0.5/lib/ironboard/jasmine/jasmine.js:518:42)
	at execute (file:///Users/deniznida/.rvm/gems/ruby-2.2.0-preview1/gems/ironboard-0.0.5/lib/ironboard/jasmine/jasmine.js:306:28)
	at file:///Users/deniznida/.rvm/gems/ruby-2.2.0-preview1/gems/ironboard-0.0.5/lib/ironboard/jasmine/jasmine.js:1708:44
	at attemptAsync (file:///Users/deniznida/.rvm/gems/ruby-2.2.0-preview1/gems/ironboard-0.0.5/lib/ironboard/jasmine/jasmine.js:1520:16)
	at run (file:///Users/deniznida/.rvm/gems/ruby-2.2.0-preview1/gems/ironboard-0.0.5/lib/ironboard/jasmine/jasmine.js:1496:28)
	at next (file:///Users/deniznida/.rvm/gems/ruby-2.2.0-preview1/gems/ironboard-0.0.5/lib/ironboard/jasmine/jasmine.js:1517:40)
	at complete (file:///Users/deniznida/.rvm/gems/ruby-2.2.0-preview1/gems/ironboard-0.0.5/lib/ironboard/jasmine/jasmine.js:333:19)
	at clearStack (file:///Users/deniznida/.rvm/gems/ruby-2.2.0-preview1/gems/ironboard-0.0.5/lib/ironboard/jasmine/jasmine.js:506:11)
	at run (file:///Users/deniznida/.rvm/gems/ruby-2.2.0-preview1/gems/ironboard-0.0.5/lib/ironboard/jasmine/jasmine.js:1505:22)
	at execute (file:///Users/deniznida/.rvm/gems/ruby-2.2.0-preview1/gems/ironboard-0.0.5/lib/ironboard/jasmine/jasmine.js:1485:13)
	at queueRunnerFactory (file:///Users/deniznida/.rvm/gems/ruby-2.2.0-preview1/gems/ironboard-0.0.5/lib/ironboard/jasmine/jasmine.js:518:42)
	at execute (file:///Users/deniznida/.rvm/gems/ruby-2.2.0-preview1/gems/ironboard-0.0.5/lib/ironboard/jasmine/jasmine.js:306:28)
	at file:///Users/deniznida/.rvm/gems/ruby-2.2.0-preview1/gems/ironboard-0.0.5/lib/ironboard/jasmine/jasmine.js:1708:44
	at attemptAsync (file:///Users/deniznida/.rvm/gems/ruby-2.2.0-preview1/gems/ironboard-0.0.5/lib/ironboard/jasmine/jasmine.js:1520:16)
	at run (file:///Users/deniznida/.rvm/gems/ruby-2.2.0-preview1/gems/ironboard-0.0.5/lib/ironboard/jasmine/jasmine.js:1496:28)
	at next (file:///Users/deniznida/.rvm/gems/ruby-2.2.0-preview1/gems/ironboard-0.0.5/lib/ironboard/jasmine/jasmine.js:1517:40)
	at complete (file:///Users/deniznida/.rvm/gems/ruby-2.2.0-preview1/gems/ironboard-0.0.5/lib/ironboard/jasmine/jasmine.js:333:19)
	at clearStack (file:///Users/deniznida/.rvm/gems/ruby-2.2.0-preview1/gems/ironboard-0.0.5/lib/ironboard/jasmine/jasmine.js:506:11)
	at run (file:///Users/deniznida/.rvm/gems/ruby-2.2.0-preview1/gems/ironboard-0.0.5/lib/ironboard/jasmine/jasmine.js:1505:22)
	at execute (file:///Users/deniznida/.rvm/gems/ruby-2.2.0-preview1/gems/ironboard-0.0.5/lib/ironboard/jasmine/jasmine.js:1485:13)
	at queueRunnerFactory (file:///Users/deniznida/.rvm/gems/ruby-2.2.0-preview1/gems/ironboard-0.0.5/lib/ironboard/jasmine/jasmine.js:518:42)
	at execute (file:///Users/deniznida/.rvm/gems/ruby-2.2.0-preview1/gems/ironboard-0.0.5/lib/ironboard/jasmine/jasmine.js:306:28)
	at file:///Users/deniznida/.rvm/gems/ruby-2.2.0-preview1/gems/ironboard-0.0.5/lib/ironboard/jasmine/jasmine.js:1708:44
	at attemptAsync (file:///Users/deniznida/.rvm/gems/ruby-2.2.0-preview1/gems/ironboard-0.0.5/lib/ironboard/jasmine/jasmine.js:1520:16)
	at run (file:///Users/deniznida/.rvm/gems/ruby-2.2.0-preview1/gems/ironboard-0.0.5/lib/ironboard/jasmine/jasmine.js:1496:28)
	at execute (file:///Users/deniznida/.rvm/gems/ruby-2.2.0-preview1/gems/ironboard-0.0.5/lib/ironboard/jasmine/jasmine.js:1485:13)
	at queueRunnerFactory (file:///Users/deniznida/.rvm/gems/ruby-2.2.0-preview1/gems/ironboard-0.0.5/lib/ironboard/jasmine/jasmine.js:518:42)
	at execute (file:///Users/deniznida/.rvm/gems/ruby-2.2.0-preview1/gems/ironboard-0.0.5/lib/ironboard/jasmine/jasmine.js:1694:21)
	at file:///Users/deniznida/.rvm/gems/ruby-2.2.0-preview1/gems/ironboard-0.0.5/lib/ironboard/jasmine/jasmine.js:1708:44
	at attemptAsync (file:///Users/deniznida/.rvm/gems/ruby-2.2.0-preview1/gems/ironboard-0.0.5/lib/ironboard/jasmine/jasmine.js:1520:16)
	at run (file:///Users/deniznida/.rvm/gems/ruby-2.2.0-preview1/gems/ironboard-0.0.5/lib/ironboard/jasmine/jasmine.js:1496:28)
	at execute (file:///Users/deniznida/.rvm/gems/ruby-2.2.0-preview1/gems/ironboard-0.0.5/lib/ironboard/jasmine/jasmine.js:1485:13)
	at queueRunnerFactory (file:///Users/deniznida/.rvm/gems/ruby-2.2.0-preview1/gems/ironboard-0.0.5/lib/ironboard/jasmine/jasmine.js:518:42)
	at execute (file:///Users/deniznida/.rvm/gems/ruby-2.2.0-preview1/gems/ironboard-0.0.5/lib/ironboard/jasmine/jasmine.js:1694:21)
	at file:///Users/deniznida/.rvm/gems/ruby-2.2.0-preview1/gems/ironboard-0.0.5/lib/ironboard/jasmine/jasmine.js:541:83
	at attemptAsync (file:///Users/deniznida/.rvm/gems/ruby-2.2.0-preview1/gems/ironboard-0.0.5/lib/ironboard/jasmine/jasmine.js:1520:16)
	at run (file:///Users/deniznida/.rvm/gems/ruby-2.2.0-preview1/gems/ironboard-0.0.5/lib/ironboard/jasmine/jasmine.js:1496:28)
	at execute (file:///Users/deniznida/.rvm/gems/ruby-2.2.0-preview1/gems/ironboard-0.0.5/lib/ironboard/jasmine/jasmine.js:1485:13)
	at queueRunnerFactory (file:///Users/deniznida/.rvm/gems/ruby-2.2.0-preview1/gems/ironboard-0.0.5/lib/ironboard/jasmine/jasmine.js:518:42)
	at execute (file:///Users/deniznida/.rvm/gems/ruby-2.2.0-preview1/gems/ironboard-0.0.5/lib/ironboard/jasmine/jasmine.js:548:25)
	at onload (file:///Users/deniznida/.rvm/gems/ruby-2.2.0-preview1/gems/ironboard-0.0.5/lib/ironboard/jasmine/boot.js:172:16)			</failure>
		</testcase>
		<testcase classname="Ship with a crew" name="a crew member should return their ship when `currentShip` is called on them" time="0">
			<failure type="" message="ReferenceError: Can&amp;apos;t find variable: Spaceship in file:///Users/deniznida/Documents/FIS/space-invaders-ruby-007/spec/space-invaders-spec.js (line 67)">
	at file:///Users/deniznida/Documents/FIS/space-invaders-ruby-007/spec/space-invaders-spec.js:67:30
	at attemptSync (file:///Users/deniznida/.rvm/gems/ruby-2.2.0-preview1/gems/ironboard-0.0.5/lib/ironboard/jasmine/jasmine.js:1510:16)
	at run (file:///Users/deniznida/.rvm/gems/ruby-2.2.0-preview1/gems/ironboard-0.0.5/lib/ironboard/jasmine/jasmine.js:1498:20)
	at execute (file:///Users/deniznida/.rvm/gems/ruby-2.2.0-preview1/gems/ironboard-0.0.5/lib/ironboard/jasmine/jasmine.js:1485:13)
	at queueRunnerFactory (file:///Users/deniznida/.rvm/gems/ruby-2.2.0-preview1/gems/ironboard-0.0.5/lib/ironboard/jasmine/jasmine.js:518:42)
	at execute (file:///Users/deniznida/.rvm/gems/ruby-2.2.0-preview1/gems/ironboard-0.0.5/lib/ironboard/jasmine/jasmine.js:306:28)
	at file:///Users/deniznida/.rvm/gems/ruby-2.2.0-preview1/gems/ironboard-0.0.5/lib/ironboard/jasmine/jasmine.js:1708:44
	at attemptAsync (file:///Users/deniznida/.rvm/gems/ruby-2.2.0-preview1/gems/ironboard-0.0.5/lib/ironboard/jasmine/jasmine.js:1520:16)
	at run (file:///Users/deniznida/.rvm/gems/ruby-2.2.0-preview1/gems/ironboard-0.0.5/lib/ironboard/jasmine/jasmine.js:1496:28)
	at next (file:///Users/deniznida/.rvm/gems/ruby-2.2.0-preview1/gems/ironboard-0.0.5/lib/ironboard/jasmine/jasmine.js:1517:40)
	at complete (file:///Users/deniznida/.rvm/gems/ruby-2.2.0-preview1/gems/ironboard-0.0.5/lib/ironboard/jasmine/jasmine.js:333:19)
	at clearStack (file:///Users/deniznida/.rvm/gems/ruby-2.2.0-preview1/gems/ironboard-0.0.5/lib/ironboard/jasmine/jasmine.js:506:11)
	at run (file:///Users/deniznida/.rvm/gems/ruby-2.2.0-preview1/gems/ironboard-0.0.5/lib/ironboard/jasmine/jasmine.js:1505:22)
	at execute (file:///Users/deniznida/.rvm/gems/ruby-2.2.0-preview1/gems/ironboard-0.0.5/lib/ironboard/jasmine/jasmine.js:1485:13)
	at queueRunnerFactory (file:///Users/deniznida/.rvm/gems/ruby-2.2.0-preview1/gems/ironboard-0.0.5/lib/ironboard/jasmine/jasmine.js:518:42)
	at execute (file:///Users/deniznida/.rvm/gems/ruby-2.2.0-preview1/gems/ironboard-0.0.5/lib/ironboard/jasmine/jasmine.js:306:28)
	at file:///Users/deniznida/.rvm/gems/ruby-2.2.0-preview1/gems/ironboard-0.0.5/lib/ironboard/jasmine/jasmine.js:1708:44
	at attemptAsync (file:///Users/deniznida/.rvm/gems/ruby-2.2.0-preview1/gems/ironboard-0.0.5/lib/ironboard/jasmine/jasmine.js:1520:16)
	at run (file:///Users/deniznida/.rvm/gems/ruby-2.2.0-preview1/gems/ironboard-0.0.5/lib/ironboard/jasmine/jasmine.js:1496:28)
	at execute (file:///Users/deniznida/.rvm/gems/ruby-2.2.0-preview1/gems/ironboard-0.0.5/lib/ironboard/jasmine/jasmine.js:1485:13)
	at queueRunnerFactory (file:///Users/deniznida/.rvm/gems/ruby-2.2.0-preview1/gems/ironboard-0.0.5/lib/ironboard/jasmine/jasmine.js:518:42)
	at execute (file:///Users/deniznida/.rvm/gems/ruby-2.2.0-preview1/gems/ironboard-0.0.5/lib/ironboard/jasmine/jasmine.js:1694:21)
	at file:///Users/deniznida/.rvm/gems/ruby-2.2.0-preview1/gems/ironboard-0.0.5/lib/ironboard/jasmine/jasmine.js:1708:44
	at attemptAsync (file:///Users/deniznida/.rvm/gems/ruby-2.2.0-preview1/gems/ironboard-0.0.5/lib/ironboard/jasmine/jasmine.js:1520:16)
	at run (file:///Users/deniznida/.rvm/gems/ruby-2.2.0-preview1/gems/ironboard-0.0.5/lib/ironboard/jasmine/jasmine.js:1496:28)
	at next (file:///Users/deniznida/.rvm/gems/ruby-2.2.0-preview1/gems/ironboard-0.0.5/lib/ironboard/jasmine/jasmine.js:1517:40)
	at complete (file:///Users/deniznida/.rvm/gems/ruby-2.2.0-preview1/gems/ironboard-0.0.5/lib/ironboard/jasmine/jasmine.js:1703:19)
	at clearStack (file:///Users/deniznida/.rvm/gems/ruby-2.2.0-preview1/gems/ironboard-0.0.5/lib/ironboard/jasmine/jasmine.js:506:11)
	at run (file:///Users/deniznida/.rvm/gems/ruby-2.2.0-preview1/gems/ironboard-0.0.5/lib/ironboard/jasmine/jasmine.js:1505:22)
	at next (file:///Users/deniznida/.rvm/gems/ruby-2.2.0-preview1/gems/ironboard-0.0.5/lib/ironboard/jasmine/jasmine.js:1517:40)
	at complete (file:///Users/deniznida/.rvm/gems/ruby-2.2.0-preview1/gems/ironboard-0.0.5/lib/ironboard/jasmine/jasmine.js:333:19)
	at clearStack (file:///Users/deniznida/.rvm/gems/ruby-2.2.0-preview1/gems/ironboard-0.0.5/lib/ironboard/jasmine/jasmine.js:506:11)
	at run (file:///Users/deniznida/.rvm/gems/ruby-2.2.0-preview1/gems/ironboard-0.0.5/lib/ironboard/jasmine/jasmine.js:1505:22)
	at execute (file:///Users/deniznida/.rvm/gems/ruby-2.2.0-preview1/gems/ironboard-0.0.5/lib/ironboard/jasmine/jasmine.js:1485:13)
	at queueRunnerFactory (file:///Users/deniznida/.rvm/gems/ruby-2.2.0-preview1/gems/ironboard-0.0.5/lib/ironboard/jasmine/jasmine.js:518:42)
	at execute (file:///Users/deniznida/.rvm/gems/ruby-2.2.0-preview1/gems/ironboard-0.0.5/lib/ironboard/jasmine/jasmine.js:306:28)
	at file:///Users/deniznida/.rvm/gems/ruby-2.2.0-preview1/gems/ironboard-0.0.5/lib/ironboard/jasmine/jasmine.js:1708:44
	at attemptAsync (file:///Users/deniznida/.rvm/gems/ruby-2.2.0-preview1/gems/ironboard-0.0.5/lib/ironboard/jasmine/jasmine.js:1520:16)
	at run (file:///Users/deniznida/.rvm/gems/ruby-2.2.0-preview1/gems/ironboard-0.0.5/lib/ironboard/jasmine/jasmine.js:1496:28)
	at next (file:///Users/deniznida/.rvm/gems/ruby-2.2.0-preview1/gems/ironboard-0.0.5/lib/ironboard/jasmine/jasmine.js:1517:40)
	at complete (file:///Users/deniznida/.rvm/gems/ruby-2.2.0-preview1/gems/ironboard-0.0.5/lib/ironboard/jasmine/jasmine.js:333:19)
	at clearStack (file:///Users/deniznida/.rvm/gems/ruby-2.2.0-preview1/gems/ironboard-0.0.5/lib/ironboard/jasmine/jasmine.js:506:11)
	at run (file:///Users/deniznida/.rvm/gems/ruby-2.2.0-preview1/gems/ironboard-0.0.5/lib/ironboard/jasmine/jasmine.js:1505:22)
	at execute (file:///Users/deniznida/.rvm/gems/ruby-2.2.0-preview1/gems/ironboard-0.0.5/lib/ironboard/jasmine/jasmine.js:1485:13)
	at queueRunnerFactory (file:///Users/deniznida/.rvm/gems/ruby-2.2.0-preview1/gems/ironboard-0.0.5/lib/ironboard/jasmine/jasmine.js:518:42)
	at execute (file:///Users/deniznida/.rvm/gems/ruby-2.2.0-preview1/gems/ironboard-0.0.5/lib/ironboard/jasmine/jasmine.js:306:28)
	at file:///Users/deniznida/.rvm/gems/ruby-2.2.0-preview1/gems/ironboard-0.0.5/lib/ironboard/jasmine/jasmine.js:1708:44
	at attemptAsync (file:///Users/deniznida/.rvm/gems/ruby-2.2.0-preview1/gems/ironboard-0.0.5/lib/ironboard/jasmine/jasmine.js:1520:16)
	at run (file:///Users/deniznida/.rvm/gems/ruby-2.2.0-preview1/gems/ironboard-0.0.5/lib/ironboard/jasmine/jasmine.js:1496:28)
	at next (file:///Users/deniznida/.rvm/gems/ruby-2.2.0-preview1/gems/ironboard-0.0.5/lib/ironboard/jasmine/jasmine.js:1517:40)
	at complete (file:///Users/deniznida/.rvm/gems/ruby-2.2.0-preview1/gems/ironboard-0.0.5/lib/ironboard/jasmine/jasmine.js:333:19)
	at clearStack (file:///Users/deniznida/.rvm/gems/ruby-2.2.0-preview1/gems/ironboard-0.0.5/lib/ironboard/jasmine/jasmine.js:506:11)
	at run (file:///Users/deniznida/.rvm/gems/ruby-2.2.0-preview1/gems/ironboard-0.0.5/lib/ironboard/jasmine/jasmine.js:1505:22)
	at execute (file:///Users/deniznida/.rvm/gems/ruby-2.2.0-preview1/gems/ironboard-0.0.5/lib/ironboard/jasmine/jasmine.js:1485:13)
	at queueRunnerFactory (file:///Users/deniznida/.rvm/gems/ruby-2.2.0-preview1/gems/ironboard-0.0.5/lib/ironboard/jasmine/jasmine.js:518:42)
	at execute (file:///Users/deniznida/.rvm/gems/ruby-2.2.0-preview1/gems/ironboard-0.0.5/lib/ironboard/jasmine/jasmine.js:306:28)
	at file:///Users/deniznida/.rvm/gems/ruby-2.2.0-preview1/gems/ironboard-0.0.5/lib/ironboard/jasmine/jasmine.js:1708:44
	at attemptAsync (file:///Users/deniznida/.rvm/gems/ruby-2.2.0-preview1/gems/ironboard-0.0.5/lib/ironboard/jasmine/jasmine.js:1520:16)
	at run (file:///Users/deniznida/.rvm/gems/ruby-2.2.0-preview1/gems/ironboard-0.0.5/lib/ironboard/jasmine/jasmine.js:1496:28)
	at next (file:///Users/deniznida/.rvm/gems/ruby-2.2.0-preview1/gems/ironboard-0.0.5/lib/ironboard/jasmine/jasmine.js:1517:40)
	at complete (file:///Users/deniznida/.rvm/gems/ruby-2.2.0-preview1/gems/ironboard-0.0.5/lib/ironboard/jasmine/jasmine.js:333:19)
	at clearStack (file:///Users/deniznida/.rvm/gems/ruby-2.2.0-preview1/gems/ironboard-0.0.5/lib/ironboard/jasmine/jasmine.js:506:11)
	at run (file:///Users/deniznida/.rvm/gems/ruby-2.2.0-preview1/gems/ironboard-0.0.5/lib/ironboard/jasmine/jasmine.js:1505:22)
	at execute (file:///Users/deniznida/.rvm/gems/ruby-2.2.0-preview1/gems/ironboard-0.0.5/lib/ironboard/jasmine/jasmine.js:1485:13)
	at queueRunnerFactory (file:///Users/deniznida/.rvm/gems/ruby-2.2.0-preview1/gems/ironboard-0.0.5/lib/ironboard/jasmine/jasmine.js:518:42)
	at execute (file:///Users/deniznida/.rvm/gems/ruby-2.2.0-preview1/gems/ironboard-0.0.5/lib/ironboard/jasmine/jasmine.js:306:28)
	at file:///Users/deniznida/.rvm/gems/ruby-2.2.0-preview1/gems/ironboard-0.0.5/lib/ironboard/jasmine/jasmine.js:1708:44
	at attemptAsync (file:///Users/deniznida/.rvm/gems/ruby-2.2.0-preview1/gems/ironboard-0.0.5/lib/ironboard/jasmine/jasmine.js:1520:16)
	at run (file:///Users/deniznida/.rvm/gems/ruby-2.2.0-preview1/gems/ironboard-0.0.5/lib/ironboard/jasmine/jasmine.js:1496:28)
	at next (file:///Users/deniznida/.rvm/gems/ruby-2.2.0-preview1/gems/ironboard-0.0.5/lib/ironboard/jasmine/jasmine.js:1517:40)
	at complete (file:///Users/deniznida/.rvm/gems/ruby-2.2.0-preview1/gems/ironboard-0.0.5/lib/ironboard/jasmine/jasmine.js:333:19)
	at clearStack (file:///Users/deniznida/.rvm/gems/ruby-2.2.0-preview1/gems/ironboard-0.0.5/lib/ironboard/jasmine/jasmine.js:506:11)
	at run (file:///Users/deniznida/.rvm/gems/ruby-2.2.0-preview1/gems/ironboard-0.0.5/lib/ironboard/jasmine/jasmine.js:1505:22)
	at execute (file:///Users/deniznida/.rvm/gems/ruby-2.2.0-preview1/gems/ironboard-0.0.5/lib/ironboard/jasmine/jasmine.js:1485:13)
	at queueRunnerFactory (file:///Users/deniznida/.rvm/gems/ruby-2.2.0-preview1/gems/ironboard-0.0.5/lib/ironboard/jasmine/jasmine.js:518:42)
	at execute (file:///Users/deniznida/.rvm/gems/ruby-2.2.0-preview1/gems/ironboard-0.0.5/lib/ironboard/jasmine/jasmine.js:306:28)
	at file:///Users/deniznida/.rvm/gems/ruby-2.2.0-preview1/gems/ironboard-0.0.5/lib/ironboard/jasmine/jasmine.js:1708:44
	at attemptAsync (file:///Users/deniznida/.rvm/gems/ruby-2.2.0-preview1/gems/ironboard-0.0.5/lib/ironboard/jasmine/jasmine.js:1520:16)
	at run (file:///Users/deniznida/.rvm/gems/ruby-2.2.0-preview1/gems/ironboard-0.0.5/lib/ironboard/jasmine/jasmine.js:1496:28)
	at next (file:///Users/deniznida/.rvm/gems/ruby-2.2.0-preview1/gems/ironboard-0.0.5/lib/ironboard/jasmine/jasmine.js:1517:40)
	at complete (file:///Users/deniznida/.rvm/gems/ruby-2.2.0-preview1/gems/ironboard-0.0.5/lib/ironboard/jasmine/jasmine.js:333:19)
	at clearStack (file:///Users/deniznida/.rvm/gems/ruby-2.2.0-preview1/gems/ironboard-0.0.5/lib/ironboard/jasmine/jasmine.js:506:11)
	at run (file:///Users/deniznida/.rvm/gems/ruby-2.2.0-preview1/gems/ironboard-0.0.5/lib/ironboard/jasmine/jasmine.js:1505:22)
	at execute (file:///Users/deniznida/.rvm/gems/ruby-2.2.0-preview1/gems/ironboard-0.0.5/lib/ironboard/jasmine/jasmine.js:1485:13)
	at queueRunnerFactory (file:///Users/deniznida/.rvm/gems/ruby-2.2.0-preview1/gems/ironboard-0.0.5/lib/ironboard/jasmine/jasmine.js:518:42)
	at execute (file:///Users/deniznida/.rvm/gems/ruby-2.2.0-preview1/gems/ironboard-0.0.5/lib/ironboard/jasmine/jasmine.js:306:28)
	at file:///Users/deniznida/.rvm/gems/ruby-2.2.0-preview1/gems/ironboard-0.0.5/lib/ironboard/jasmine/jasmine.js:1708:44
	at attemptAsync (file:///Users/deniznida/.rvm/gems/ruby-2.2.0-preview1/gems/ironboard-0.0.5/lib/ironboard/jasmine/jasmine.js:1520:16)
	at run (file:///Users/deniznida/.rvm/gems/ruby-2.2.0-preview1/gems/ironboard-0.0.5/lib/ironboard/jasmine/jasmine.js:1496:28)
	at next (file:///Users/deniznida/.rvm/gems/ruby-2.2.0-preview1/gems/ironboard-0.0.5/lib/ironboard/jasmine/jasmine.js:1517:40)
	at complete (file:///Users/deniznida/.rvm/gems/ruby-2.2.0-preview1/gems/ironboard-0.0.5/lib/ironboard/jasmine/jasmine.js:333:19)
	at clearStack (file:///Users/deniznida/.rvm/gems/ruby-2.2.0-preview1/gems/ironboard-0.0.5/lib/ironboard/jasmine/jasmine.js:506:11)
	at run (file:///Users/deniznida/.rvm/gems/ruby-2.2.0-preview1/gems/ironboard-0.0.5/lib/ironboard/jasmine/jasmine.js:1505:22)
	at execute (file:///Users/deniznida/.rvm/gems/ruby-2.2.0-preview1/gems/ironboard-0.0.5/lib/ironboard/jasmine/jasmine.js:1485:13)
	at queueRunnerFactory (file:///Users/deniznida/.rvm/gems/ruby-2.2.0-preview1/gems/ironboard-0.0.5/lib/ironboard/jasmine/jasmine.js:518:42)
	at execute (file:///Users/deniznida/.rvm/gems/ruby-2.2.0-preview1/gems/ironboard-0.0.5/lib/ironboard/jasmine/jasmine.js:306:28)
	at file:///Users/deniznida/.rvm/gems/ruby-2.2.0-preview1/gems/ironboard-0.0.5/lib/ironboard/jasmine/jasmine.js:1708:44
	at attemptAsync (file:///Users/deniznida/.rvm/gems/ruby-2.2.0-preview1/gems/ironboard-0.0.5/lib/ironboard/jasmine/jasmine.js:1520:16)
	at run (file:///Users/deniznida/.rvm/gems/ruby-2.2.0-preview1/gems/ironboard-0.0.5/lib/ironboard/jasmine/jasmine.js:1496:28)
	at execute (file:///Users/deniznida/.rvm/gems/ruby-2.2.0-preview1/gems/ironboard-0.0.5/lib/ironboard/jasmine/jasmine.js:1485:13)
	at queueRunnerFactory (file:///Users/deniznida/.rvm/gems/ruby-2.2.0-preview1/gems/ironboard-0.0.5/lib/ironboard/jasmine/jasmine.js:518:42)
	at execute (file:///Users/deniznida/.rvm/gems/ruby-2.2.0-preview1/gems/ironboard-0.0.5/lib/ironboard/jasmine/jasmine.js:1694:21)
	at file:///Users/deniznida/.rvm/gems/ruby-2.2.0-preview1/gems/ironboard-0.0.5/lib/ironboard/jasmine/jasmine.js:1708:44
	at attemptAsync (file:///Users/deniznida/.rvm/gems/ruby-2.2.0-preview1/gems/ironboard-0.0.5/lib/ironboard/jasmine/jasmine.js:1520:16)
	at run (file:///Users/deniznida/.rvm/gems/ruby-2.2.0-preview1/gems/ironboard-0.0.5/lib/ironboard/jasmine/jasmine.js:1496:28)
	at next (file:///Users/deniznida/.rvm/gems/ruby-2.2.0-preview1/gems/ironboard-0.0.5/lib/ironboard/jasmine/jasmine.js:1517:40)
	at complete (file:///Users/deniznida/.rvm/gems/ruby-2.2.0-preview1/gems/ironboard-0.0.5/lib/ironboard/jasmine/jasmine.js:1703:19)
	at clearStack (file:///Users/deniznida/.rvm/gems/ruby-2.2.0-preview1/gems/ironboard-0.0.5/lib/ironboard/jasmine/jasmine.js:506:11)
	at run (file:///Users/deniznida/.rvm/gems/ruby-2.2.0-preview1/gems/ironboard-0.0.5/lib/ironboard/jasmine/jasmine.js:1505:22)
	at next (file:///Users/deniznida/.rvm/gems/ruby-2.2.0-preview1/gems/ironboard-0.0.5/lib/ironboard/jasmine/jasmine.js:1517:40)
	at complete (file:///Users/deniznida/.rvm/gems/ruby-2.2.0-preview1/gems/ironboard-0.0.5/lib/ironboard/jasmine/jasmine.js:333:19)
	at clearStack (file:///Users/deniznida/.rvm/gems/ruby-2.2.0-preview1/gems/ironboard-0.0.5/lib/ironboard/jasmine/jasmine.js:506:11)
	at run (file:///Users/deniznida/.rvm/gems/ruby-2.2.0-preview1/gems/ironboard-0.0.5/lib/ironboard/jasmine/jasmine.js:1505:22)
	at execute (file:///Users/deniznida/.rvm/gems/ruby-2.2.0-preview1/gems/ironboard-0.0.5/lib/ironboard/jasmine/jasmine.js:1485:13)
	at queueRunnerFactory (file:///Users/deniznida/.rvm/gems/ruby-2.2.0-preview1/gems/ironboard-0.0.5/lib/ironboard/jasmine/jasmine.js:518:42)
	at execute (file:///Users/deniznida/.rvm/gems/ruby-2.2.0-preview1/gems/ironboard-0.0.5/lib/ironboard/jasmine/jasmine.js:306:28)
	at file:///Users/deniznida/.rvm/gems/ruby-2.2.0-preview1/gems/ironboard-0.0.5/lib/ironboard/jasmine/jasmine.js:1708:44
	at attemptAsync (file:///Users/deniznida/.rvm/gems/ruby-2.2.0-preview1/gems/ironboard-0.0.5/lib/ironboard/jasmine/jasmine.js:1520:16)
	at run (file:///Users/deniznida/.rvm/gems/ruby-2.2.0-preview1/gems/ironboard-0.0.5/lib/ironboard/jasmine/jasmine.js:1496:28)
	at next (file:///Users/deniznida/.rvm/gems/ruby-2.2.0-preview1/gems/ironboard-0.0.5/lib/ironboard/jasmine/jasmine.js:1517:40)
	at complete (file:///Users/deniznida/.rvm/gems/ruby-2.2.0-preview1/gems/ironboard-0.0.5/lib/ironboard/jasmine/jasmine.js:333:19)
	at clearStack (file:///Users/deniznida/.rvm/gems/ruby-2.2.0-preview1/gems/ironboard-0.0.5/lib/ironboard/jasmine/jasmine.js:506:11)
	at run (file:///Users/deniznida/.rvm/gems/ruby-2.2.0-preview1/gems/ironboard-0.0.5/lib/ironboard/jasmine/jasmine.js:1505:22)
	at execute (file:///Users/deniznida/.rvm/gems/ruby-2.2.0-preview1/gems/ironboard-0.0.5/lib/ironboard/jasmine/jasmine.js:1485:13)
	at queueRunnerFactory (file:///Users/deniznida/.rvm/gems/ruby-2.2.0-preview1/gems/ironboard-0.0.5/lib/ironboard/jasmine/jasmine.js:518:42)
	at execute (file:///Users/deniznida/.rvm/gems/ruby-2.2.0-preview1/gems/ironboard-0.0.5/lib/ironboard/jasmine/jasmine.js:306:28)
	at file:///Users/deniznida/.rvm/gems/ruby-2.2.0-preview1/gems/ironboard-0.0.5/lib/ironboard/jasmine/jasmine.js:1708:44
	at attemptAsync (file:///Users/deniznida/.rvm/gems/ruby-2.2.0-preview1/gems/ironboard-0.0.5/lib/ironboard/jasmine/jasmine.js:1520:16)
	at run (file:///Users/deniznida/.rvm/gems/ruby-2.2.0-preview1/gems/ironboard-0.0.5/lib/ironboard/jasmine/jasmine.js:1496:28)
	at next (file:///Users/deniznida/.rvm/gems/ruby-2.2.0-preview1/gems/ironboard-0.0.5/lib/ironboard/jasmine/jasmine.js:1517:40)
	at complete (file:///Users/deniznida/.rvm/gems/ruby-2.2.0-preview1/gems/ironboard-0.0.5/lib/ironboard/jasmine/jasmine.js:333:19)
	at clearStack (file:///Users/deniznida/.rvm/gems/ruby-2.2.0-preview1/gems/ironboard-0.0.5/lib/ironboard/jasmine/jasmine.js:506:11)
	at run (file:///Users/deniznida/.rvm/gems/ruby-2.2.0-preview1/gems/ironboard-0.0.5/lib/ironboard/jasmine/jasmine.js:1505:22)
	at execute (file:///Users/deniznida/.rvm/gems/ruby-2.2.0-preview1/gems/ironboard-0.0.5/lib/ironboard/jasmine/jasmine.js:1485:13)
	at queueRunnerFactory (file:///Users/deniznida/.rvm/gems/ruby-2.2.0-preview1/gems/ironboard-0.0.5/lib/ironboard/jasmine/jasmine.js:518:42)
	at execute (file:///Users/deniznida/.rvm/gems/ruby-2.2.0-preview1/gems/ironboard-0.0.5/lib/ironboard/jasmine/jasmine.js:306:28)
	at file:///Users/deniznida/.rvm/gems/ruby-2.2.0-preview1/gems/ironboard-0.0.5/lib/ironboard/jasmine/jasmine.js:1708:44
	at attemptAsync (file:///Users/deniznida/.rvm/gems/ruby-2.2.0-preview1/gems/ironboard-0.0.5/lib/ironboard/jasmine/jasmine.js:1520:16)
	at run (file:///Users/deniznida/.rvm/gems/ruby-2.2.0-preview1/gems/ironboard-0.0.5/lib/ironboard/jasmine/jasmine.js:1496:28)
	at execute (file:///Users/deniznida/.rvm/gems/ruby-2.2.0-preview1/gems/ironboard-0.0.5/lib/ironboard/jasmine/jasmine.js:1485:13)
	at queueRunnerFactory (file:///Users/deniznida/.rvm/gems/ruby-2.2.0-preview1/gems/ironboard-0.0.5/lib/ironboard/jasmine/jasmine.js:518:42)
	at execute (file:///Users/deniznida/.rvm/gems/ruby-2.2.0-preview1/gems/ironboard-0.0.5/lib/ironboard/jasmine/jasmine.js:1694:21)
	at file:///Users/deniznida/.rvm/gems/ruby-2.2.0-preview1/gems/ironboard-0.0.5/lib/ironboard/jasmine/jasmine.js:1708:44
	at attemptAsync (file:///Users/deniznida/.rvm/gems/ruby-2.2.0-preview1/gems/ironboard-0.0.5/lib/ironboard/jasmine/jasmine.js:1520:16)
	at run (file:///Users/deniznida/.rvm/gems/ruby-2.2.0-preview1/gems/ironboard-0.0.5/lib/ironboard/jasmine/jasmine.js:1496:28)
	at execute (file:///Users/deniznida/.rvm/gems/ruby-2.2.0-preview1/gems/ironboard-0.0.5/lib/ironboard/jasmine/jasmine.js:1485:13)
	at queueRunnerFactory (file:///Users/deniznida/.rvm/gems/ruby-2.2.0-preview1/gems/ironboard-0.0.5/lib/ironboard/jasmine/jasmine.js:518:42)
	at execute (file:///Users/deniznida/.rvm/gems/ruby-2.2.0-preview1/gems/ironboard-0.0.5/lib/ironboard/jasmine/jasmine.js:1694:21)
	at file:///Users/deniznida/.rvm/gems/ruby-2.2.0-preview1/gems/ironboard-0.0.5/lib/ironboard/jasmine/jasmine.js:541:83
	at attemptAsync (file:///Users/deniznida/.rvm/gems/ruby-2.2.0-preview1/gems/ironboard-0.0.5/lib/ironboard/jasmine/jasmine.js:1520:16)
	at run (file:///Users/deniznida/.rvm/gems/ruby-2.2.0-preview1/gems/ironboard-0.0.5/lib/ironboard/jasmine/jasmine.js:1496:28)
	at execute (file:///Users/deniznida/.rvm/gems/ruby-2.2.0-preview1/gems/ironboard-0.0.5/lib/ironboard/jasmine/jasmine.js:1485:13)
	at queueRunnerFactory (file:///Users/deniznida/.rvm/gems/ruby-2.2.0-preview1/gems/ironboard-0.0.5/lib/ironboard/jasmine/jasmine.js:518:42)
	at execute (file:///Users/deniznida/.rvm/gems/ruby-2.2.0-preview1/gems/ironboard-0.0.5/lib/ironboard/jasmine/jasmine.js:548:25)
	at onload (file:///Users/deniznida/.rvm/gems/ruby-2.2.0-preview1/gems/ironboard-0.0.5/lib/ironboard/jasmine/boot.js:172:16)			</failure>
			<failure type="" message="TypeError: undefined is not an object (evaluating &amp;apos;tristan.currentShip.name&amp;apos;) in file:///Users/deniznida/Documents/FIS/space-invaders-ruby-007/spec/space-invaders-spec.js (line 76)">
	at file:///Users/deniznida/Documents/FIS/space-invaders-ruby-007/spec/space-invaders-spec.js:76:31
	at attemptSync (file:///Users/deniznida/.rvm/gems/ruby-2.2.0-preview1/gems/ironboard-0.0.5/lib/ironboard/jasmine/jasmine.js:1510:16)
	at run (file:///Users/deniznida/.rvm/gems/ruby-2.2.0-preview1/gems/ironboard-0.0.5/lib/ironboard/jasmine/jasmine.js:1498:20)
	at execute (file:///Users/deniznida/.rvm/gems/ruby-2.2.0-preview1/gems/ironboard-0.0.5/lib/ironboard/jasmine/jasmine.js:1485:13)
	at queueRunnerFactory (file:///Users/deniznida/.rvm/gems/ruby-2.2.0-preview1/gems/ironboard-0.0.5/lib/ironboard/jasmine/jasmine.js:518:42)
	at execute (file:///Users/deniznida/.rvm/gems/ruby-2.2.0-preview1/gems/ironboard-0.0.5/lib/ironboard/jasmine/jasmine.js:306:28)
	at file:///Users/deniznida/.rvm/gems/ruby-2.2.0-preview1/gems/ironboard-0.0.5/lib/ironboard/jasmine/jasmine.js:1708:44
	at attemptAsync (file:///Users/deniznida/.rvm/gems/ruby-2.2.0-preview1/gems/ironboard-0.0.5/lib/ironboard/jasmine/jasmine.js:1520:16)
	at run (file:///Users/deniznida/.rvm/gems/ruby-2.2.0-preview1/gems/ironboard-0.0.5/lib/ironboard/jasmine/jasmine.js:1496:28)
	at next (file:///Users/deniznida/.rvm/gems/ruby-2.2.0-preview1/gems/ironboard-0.0.5/lib/ironboard/jasmine/jasmine.js:1517:40)
	at complete (file:///Users/deniznida/.rvm/gems/ruby-2.2.0-preview1/gems/ironboard-0.0.5/lib/ironboard/jasmine/jasmine.js:333:19)
	at clearStack (file:///Users/deniznida/.rvm/gems/ruby-2.2.0-preview1/gems/ironboard-0.0.5/lib/ironboard/jasmine/jasmine.js:506:11)
	at run (file:///Users/deniznida/.rvm/gems/ruby-2.2.0-preview1/gems/ironboard-0.0.5/lib/ironboard/jasmine/jasmine.js:1505:22)
	at execute (file:///Users/deniznida/.rvm/gems/ruby-2.2.0-preview1/gems/ironboard-0.0.5/lib/ironboard/jasmine/jasmine.js:1485:13)
	at queueRunnerFactory (file:///Users/deniznida/.rvm/gems/ruby-2.2.0-preview1/gems/ironboard-0.0.5/lib/ironboard/jasmine/jasmine.js:518:42)
	at execute (file:///Users/deniznida/.rvm/gems/ruby-2.2.0-preview1/gems/ironboard-0.0.5/lib/ironboard/jasmine/jasmine.js:306:28)
	at file:///Users/deniznida/.rvm/gems/ruby-2.2.0-preview1/gems/ironboard-0.0.5/lib/ironboard/jasmine/jasmine.js:1708:44
	at attemptAsync (file:///Users/deniznida/.rvm/gems/ruby-2.2.0-preview1/gems/ironboard-0.0.5/lib/ironboard/jasmine/jasmine.js:1520:16)
	at run (file:///Users/deniznida/.rvm/gems/ruby-2.2.0-preview1/gems/ironboard-0.0.5/lib/ironboard/jasmine/jasmine.js:1496:28)
	at execute (file:///Users/deniznida/.rvm/gems/ruby-2.2.0-preview1/gems/ironboard-0.0.5/lib/ironboard/jasmine/jasmine.js:1485:13)
	at queueRunnerFactory (file:///Users/deniznida/.rvm/gems/ruby-2.2.0-preview1/gems/ironboard-0.0.5/lib/ironboard/jasmine/jasmine.js:518:42)
	at execute (file:///Users/deniznida/.rvm/gems/ruby-2.2.0-preview1/gems/ironboard-0.0.5/lib/ironboard/jasmine/jasmine.js:1694:21)
	at file:///Users/deniznida/.rvm/gems/ruby-2.2.0-preview1/gems/ironboard-0.0.5/lib/ironboard/jasmine/jasmine.js:1708:44
	at attemptAsync (file:///Users/deniznida/.rvm/gems/ruby-2.2.0-preview1/gems/ironboard-0.0.5/lib/ironboard/jasmine/jasmine.js:1520:16)
	at run (file:///Users/deniznida/.rvm/gems/ruby-2.2.0-preview1/gems/ironboard-0.0.5/lib/ironboard/jasmine/jasmine.js:1496:28)
	at next (file:///Users/deniznida/.rvm/gems/ruby-2.2.0-preview1/gems/ironboard-0.0.5/lib/ironboard/jasmine/jasmine.js:1517:40)
	at complete (file:///Users/deniznida/.rvm/gems/ruby-2.2.0-preview1/gems/ironboard-0.0.5/lib/ironboard/jasmine/jasmine.js:1703:19)
	at clearStack (file:///Users/deniznida/.rvm/gems/ruby-2.2.0-preview1/gems/ironboard-0.0.5/lib/ironboard/jasmine/jasmine.js:506:11)
	at run (file:///Users/deniznida/.rvm/gems/ruby-2.2.0-preview1/gems/ironboard-0.0.5/lib/ironboard/jasmine/jasmine.js:1505:22)
	at next (file:///Users/deniznida/.rvm/gems/ruby-2.2.0-preview1/gems/ironboard-0.0.5/lib/ironboard/jasmine/jasmine.js:1517:40)
	at complete (file:///Users/deniznida/.rvm/gems/ruby-2.2.0-preview1/gems/ironboard-0.0.5/lib/ironboard/jasmine/jasmine.js:333:19)
	at clearStack (file:///Users/deniznida/.rvm/gems/ruby-2.2.0-preview1/gems/ironboard-0.0.5/lib/ironboard/jasmine/jasmine.js:506:11)
	at run (file:///Users/deniznida/.rvm/gems/ruby-2.2.0-preview1/gems/ironboard-0.0.5/lib/ironboard/jasmine/jasmine.js:1505:22)
	at execute (file:///Users/deniznida/.rvm/gems/ruby-2.2.0-preview1/gems/ironboard-0.0.5/lib/ironboard/jasmine/jasmine.js:1485:13)
	at queueRunnerFactory (file:///Users/deniznida/.rvm/gems/ruby-2.2.0-preview1/gems/ironboard-0.0.5/lib/ironboard/jasmine/jasmine.js:518:42)
	at execute (file:///Users/deniznida/.rvm/gems/ruby-2.2.0-preview1/gems/ironboard-0.0.5/lib/ironboard/jasmine/jasmine.js:306:28)
	at file:///Users/deniznida/.rvm/gems/ruby-2.2.0-preview1/gems/ironboard-0.0.5/lib/ironboard/jasmine/jasmine.js:1708:44
	at attemptAsync (file:///Users/deniznida/.rvm/gems/ruby-2.2.0-preview1/gems/ironboard-0.0.5/lib/ironboard/jasmine/jasmine.js:1520:16)
	at run (file:///Users/deniznida/.rvm/gems/ruby-2.2.0-preview1/gems/ironboard-0.0.5/lib/ironboard/jasmine/jasmine.js:1496:28)
	at next (file:///Users/deniznida/.rvm/gems/ruby-2.2.0-preview1/gems/ironboard-0.0.5/lib/ironboard/jasmine/jasmine.js:1517:40)
	at complete (file:///Users/deniznida/.rvm/gems/ruby-2.2.0-preview1/gems/ironboard-0.0.5/lib/ironboard/jasmine/jasmine.js:333:19)
	at clearStack (file:///Users/deniznida/.rvm/gems/ruby-2.2.0-preview1/gems/ironboard-0.0.5/lib/ironboard/jasmine/jasmine.js:506:11)
	at run (file:///Users/deniznida/.rvm/gems/ruby-2.2.0-preview1/gems/ironboard-0.0.5/lib/ironboard/jasmine/jasmine.js:1505:22)
	at execute (file:///Users/deniznida/.rvm/gems/ruby-2.2.0-preview1/gems/ironboard-0.0.5/lib/ironboard/jasmine/jasmine.js:1485:13)
	at queueRunnerFactory (file:///Users/deniznida/.rvm/gems/ruby-2.2.0-preview1/gems/ironboard-0.0.5/lib/ironboard/jasmine/jasmine.js:518:42)
	at execute (file:///Users/deniznida/.rvm/gems/ruby-2.2.0-preview1/gems/ironboard-0.0.5/lib/ironboard/jasmine/jasmine.js:306:28)
	at file:///Users/deniznida/.rvm/gems/ruby-2.2.0-preview1/gems/ironboard-0.0.5/lib/ironboard/jasmine/jasmine.js:1708:44
	at attemptAsync (file:///Users/deniznida/.rvm/gems/ruby-2.2.0-preview1/gems/ironboard-0.0.5/lib/ironboard/jasmine/jasmine.js:1520:16)
	at run (file:///Users/deniznida/.rvm/gems/ruby-2.2.0-preview1/gems/ironboard-0.0.5/lib/ironboard/jasmine/jasmine.js:1496:28)
	at next (file:///Users/deniznida/.rvm/gems/ruby-2.2.0-preview1/gems/ironboard-0.0.5/lib/ironboard/jasmine/jasmine.js:1517:40)
	at complete (file:///Users/deniznida/.rvm/gems/ruby-2.2.0-preview1/gems/ironboard-0.0.5/lib/ironboard/jasmine/jasmine.js:333:19)
	at clearStack (file:///Users/deniznida/.rvm/gems/ruby-2.2.0-preview1/gems/ironboard-0.0.5/lib/ironboard/jasmine/jasmine.js:506:11)
	at run (file:///Users/deniznida/.rvm/gems/ruby-2.2.0-preview1/gems/ironboard-0.0.5/lib/ironboard/jasmine/jasmine.js:1505:22)
	at execute (file:///Users/deniznida/.rvm/gems/ruby-2.2.0-preview1/gems/ironboard-0.0.5/lib/ironboard/jasmine/jasmine.js:1485:13)
	at queueRunnerFactory (file:///Users/deniznida/.rvm/gems/ruby-2.2.0-preview1/gems/ironboard-0.0.5/lib/ironboard/jasmine/jasmine.js:518:42)
	at execute (file:///Users/deniznida/.rvm/gems/ruby-2.2.0-preview1/gems/ironboard-0.0.5/lib/ironboard/jasmine/jasmine.js:306:28)
	at file:///Users/deniznida/.rvm/gems/ruby-2.2.0-preview1/gems/ironboard-0.0.5/lib/ironboard/jasmine/jasmine.js:1708:44
	at attemptAsync (file:///Users/deniznida/.rvm/gems/ruby-2.2.0-preview1/gems/ironboard-0.0.5/lib/ironboard/jasmine/jasmine.js:1520:16)
	at run (file:///Users/deniznida/.rvm/gems/ruby-2.2.0-preview1/gems/ironboard-0.0.5/lib/ironboard/jasmine/jasmine.js:1496:28)
	at next (file:///Users/deniznida/.rvm/gems/ruby-2.2.0-preview1/gems/ironboard-0.0.5/lib/ironboard/jasmine/jasmine.js:1517:40)
	at complete (file:///Users/deniznida/.rvm/gems/ruby-2.2.0-preview1/gems/ironboard-0.0.5/lib/ironboard/jasmine/jasmine.js:333:19)
	at clearStack (file:///Users/deniznida/.rvm/gems/ruby-2.2.0-preview1/gems/ironboard-0.0.5/lib/ironboard/jasmine/jasmine.js:506:11)
	at run (file:///Users/deniznida/.rvm/gems/ruby-2.2.0-preview1/gems/ironboard-0.0.5/lib/ironboard/jasmine/jasmine.js:1505:22)
	at execute (file:///Users/deniznida/.rvm/gems/ruby-2.2.0-preview1/gems/ironboard-0.0.5/lib/ironboard/jasmine/jasmine.js:1485:13)
	at queueRunnerFactory (file:///Users/deniznida/.rvm/gems/ruby-2.2.0-preview1/gems/ironboard-0.0.5/lib/ironboard/jasmine/jasmine.js:518:42)
	at execute (file:///Users/deniznida/.rvm/gems/ruby-2.2.0-preview1/gems/ironboard-0.0.5/lib/ironboard/jasmine/jasmine.js:306:28)
	at file:///Users/deniznida/.rvm/gems/ruby-2.2.0-preview1/gems/ironboard-0.0.5/lib/ironboard/jasmine/jasmine.js:1708:44
	at attemptAsync (file:///Users/deniznida/.rvm/gems/ruby-2.2.0-preview1/gems/ironboard-0.0.5/lib/ironboard/jasmine/jasmine.js:1520:16)
	at run (file:///Users/deniznida/.rvm/gems/ruby-2.2.0-preview1/gems/ironboard-0.0.5/lib/ironboard/jasmine/jasmine.js:1496:28)
	at next (file:///Users/deniznida/.rvm/gems/ruby-2.2.0-preview1/gems/ironboard-0.0.5/lib/ironboard/jasmine/jasmine.js:1517:40)
	at complete (file:///Users/deniznida/.rvm/gems/ruby-2.2.0-preview1/gems/ironboard-0.0.5/lib/ironboard/jasmine/jasmine.js:333:19)
	at clearStack (file:///Users/deniznida/.rvm/gems/ruby-2.2.0-preview1/gems/ironboard-0.0.5/lib/ironboard/jasmine/jasmine.js:506:11)
	at run (file:///Users/deniznida/.rvm/gems/ruby-2.2.0-preview1/gems/ironboard-0.0.5/lib/ironboard/jasmine/jasmine.js:1505:22)
	at execute (file:///Users/deniznida/.rvm/gems/ruby-2.2.0-preview1/gems/ironboard-0.0.5/lib/ironboard/jasmine/jasmine.js:1485:13)
	at queueRunnerFactory (file:///Users/deniznida/.rvm/gems/ruby-2.2.0-preview1/gems/ironboard-0.0.5/lib/ironboard/jasmine/jasmine.js:518:42)
	at execute (file:///Users/deniznida/.rvm/gems/ruby-2.2.0-preview1/gems/ironboard-0.0.5/lib/ironboard/jasmine/jasmine.js:306:28)
	at file:///Users/deniznida/.rvm/gems/ruby-2.2.0-preview1/gems/ironboard-0.0.5/lib/ironboard/jasmine/jasmine.js:1708:44
	at attemptAsync (file:///Users/deniznida/.rvm/gems/ruby-2.2.0-preview1/gems/ironboard-0.0.5/lib/ironboard/jasmine/jasmine.js:1520:16)
	at run (file:///Users/deniznida/.rvm/gems/ruby-2.2.0-preview1/gems/ironboard-0.0.5/lib/ironboard/jasmine/jasmine.js:1496:28)
	at next (file:///Users/deniznida/.rvm/gems/ruby-2.2.0-preview1/gems/ironboard-0.0.5/lib/ironboard/jasmine/jasmine.js:1517:40)
	at complete (file:///Users/deniznida/.rvm/gems/ruby-2.2.0-preview1/gems/ironboard-0.0.5/lib/ironboard/jasmine/jasmine.js:333:19)
	at clearStack (file:///Users/deniznida/.rvm/gems/ruby-2.2.0-preview1/gems/ironboard-0.0.5/lib/ironboard/jasmine/jasmine.js:506:11)
	at run (file:///Users/deniznida/.rvm/gems/ruby-2.2.0-preview1/gems/ironboard-0.0.5/lib/ironboard/jasmine/jasmine.js:1505:22)
	at execute (file:///Users/deniznida/.rvm/gems/ruby-2.2.0-preview1/gems/ironboard-0.0.5/lib/ironboard/jasmine/jasmine.js:1485:13)
	at queueRunnerFactory (file:///Users/deniznida/.rvm/gems/ruby-2.2.0-preview1/gems/ironboard-0.0.5/lib/ironboard/jasmine/jasmine.js:518:42)
	at execute (file:///Users/deniznida/.rvm/gems/ruby-2.2.0-preview1/gems/ironboard-0.0.5/lib/ironboard/jasmine/jasmine.js:306:28)
	at file:///Users/deniznida/.rvm/gems/ruby-2.2.0-preview1/gems/ironboard-0.0.5/lib/ironboard/jasmine/jasmine.js:1708:44
	at attemptAsync (file:///Users/deniznida/.rvm/gems/ruby-2.2.0-preview1/gems/ironboard-0.0.5/lib/ironboard/jasmine/jasmine.js:1520:16)
	at run (file:///Users/deniznida/.rvm/gems/ruby-2.2.0-preview1/gems/ironboard-0.0.5/lib/ironboard/jasmine/jasmine.js:1496:28)
	at next (file:///Users/deniznida/.rvm/gems/ruby-2.2.0-preview1/gems/ironboard-0.0.5/lib/ironboard/jasmine/jasmine.js:1517:40)
	at complete (file:///Users/deniznida/.rvm/gems/ruby-2.2.0-preview1/gems/ironboard-0.0.5/lib/ironboard/jasmine/jasmine.js:333:19)
	at clearStack (file:///Users/deniznida/.rvm/gems/ruby-2.2.0-preview1/gems/ironboard-0.0.5/lib/ironboard/jasmine/jasmine.js:506:11)
	at run (file:///Users/deniznida/.rvm/gems/ruby-2.2.0-preview1/gems/ironboard-0.0.5/lib/ironboard/jasmine/jasmine.js:1505:22)
	at execute (file:///Users/deniznida/.rvm/gems/ruby-2.2.0-preview1/gems/ironboard-0.0.5/lib/ironboard/jasmine/jasmine.js:1485:13)
	at queueRunnerFactory (file:///Users/deniznida/.rvm/gems/ruby-2.2.0-preview1/gems/ironboard-0.0.5/lib/ironboard/jasmine/jasmine.js:518:42)
	at execute (file:///Users/deniznida/.rvm/gems/ruby-2.2.0-preview1/gems/ironboard-0.0.5/lib/ironboard/jasmine/jasmine.js:306:28)
	at file:///Users/deniznida/.rvm/gems/ruby-2.2.0-preview1/gems/ironboard-0.0.5/lib/ironboard/jasmine/jasmine.js:1708:44
	at attemptAsync (file:///Users/deniznida/.rvm/gems/ruby-2.2.0-preview1/gems/ironboard-0.0.5/lib/ironboard/jasmine/jasmine.js:1520:16)
	at run (file:///Users/deniznida/.rvm/gems/ruby-2.2.0-preview1/gems/ironboard-0.0.5/lib/ironboard/jasmine/jasmine.js:1496:28)
	at execute (file:///Users/deniznida/.rvm/gems/ruby-2.2.0-preview1/gems/ironboard-0.0.5/lib/ironboard/jasmine/jasmine.js:1485:13)
	at queueRunnerFactory (file:///Users/deniznida/.rvm/gems/ruby-2.2.0-preview1/gems/ironboard-0.0.5/lib/ironboard/jasmine/jasmine.js:518:42)
	at execute (file:///Users/deniznida/.rvm/gems/ruby-2.2.0-preview1/gems/ironboard-0.0.5/lib/ironboard/jasmine/jasmine.js:1694:21)
	at file:///Users/deniznida/.rvm/gems/ruby-2.2.0-preview1/gems/ironboard-0.0.5/lib/ironboard/jasmine/jasmine.js:1708:44
	at attemptAsync (file:///Users/deniznida/.rvm/gems/ruby-2.2.0-preview1/gems/ironboard-0.0.5/lib/ironboard/jasmine/jasmine.js:1520:16)
	at run (file:///Users/deniznida/.rvm/gems/ruby-2.2.0-preview1/gems/ironboard-0.0.5/lib/ironboard/jasmine/jasmine.js:1496:28)
	at next (file:///Users/deniznida/.rvm/gems/ruby-2.2.0-preview1/gems/ironboard-0.0.5/lib/ironboard/jasmine/jasmine.js:1517:40)
	at complete (file:///Users/deniznida/.rvm/gems/ruby-2.2.0-preview1/gems/ironboard-0.0.5/lib/ironboard/jasmine/jasmine.js:1703:19)
	at clearStack (file:///Users/deniznida/.rvm/gems/ruby-2.2.0-preview1/gems/ironboard-0.0.5/lib/ironboard/jasmine/jasmine.js:506:11)
	at run (file:///Users/deniznida/.rvm/gems/ruby-2.2.0-preview1/gems/ironboard-0.0.5/lib/ironboard/jasmine/jasmine.js:1505:22)
	at next (file:///Users/deniznida/.rvm/gems/ruby-2.2.0-preview1/gems/ironboard-0.0.5/lib/ironboard/jasmine/jasmine.js:1517:40)
	at complete (file:///Users/deniznida/.rvm/gems/ruby-2.2.0-preview1/gems/ironboard-0.0.5/lib/ironboard/jasmine/jasmine.js:333:19)
	at clearStack (file:///Users/deniznida/.rvm/gems/ruby-2.2.0-preview1/gems/ironboard-0.0.5/lib/ironboard/jasmine/jasmine.js:506:11)
	at run (file:///Users/deniznida/.rvm/gems/ruby-2.2.0-preview1/gems/ironboard-0.0.5/lib/ironboard/jasmine/jasmine.js:1505:22)
	at execute (file:///Users/deniznida/.rvm/gems/ruby-2.2.0-preview1/gems/ironboard-0.0.5/lib/ironboard/jasmine/jasmine.js:1485:13)
	at queueRunnerFactory (file:///Users/deniznida/.rvm/gems/ruby-2.2.0-preview1/gems/ironboard-0.0.5/lib/ironboard/jasmine/jasmine.js:518:42)
	at execute (file:///Users/deniznida/.rvm/gems/ruby-2.2.0-preview1/gems/ironboard-0.0.5/lib/ironboard/jasmine/jasmine.js:306:28)
	at file:///Users/deniznida/.rvm/gems/ruby-2.2.0-preview1/gems/ironboard-0.0.5/lib/ironboard/jasmine/jasmine.js:1708:44
	at attemptAsync (file:///Users/deniznida/.rvm/gems/ruby-2.2.0-preview1/gems/ironboard-0.0.5/lib/ironboard/jasmine/jasmine.js:1520:16)
	at run (file:///Users/deniznida/.rvm/gems/ruby-2.2.0-preview1/gems/ironboard-0.0.5/lib/ironboard/jasmine/jasmine.js:1496:28)
	at next (file:///Users/deniznida/.rvm/gems/ruby-2.2.0-preview1/gems/ironboard-0.0.5/lib/ironboard/jasmine/jasmine.js:1517:40)
	at complete (file:///Users/deniznida/.rvm/gems/ruby-2.2.0-preview1/gems/ironboard-0.0.5/lib/ironboard/jasmine/jasmine.js:333:19)
	at clearStack (file:///Users/deniznida/.rvm/gems/ruby-2.2.0-preview1/gems/ironboard-0.0.5/lib/ironboard/jasmine/jasmine.js:506:11)
	at run (file:///Users/deniznida/.rvm/gems/ruby-2.2.0-preview1/gems/ironboard-0.0.5/lib/ironboard/jasmine/jasmine.js:1505:22)
	at execute (file:///Users/deniznida/.rvm/gems/ruby-2.2.0-preview1/gems/ironboard-0.0.5/lib/ironboard/jasmine/jasmine.js:1485:13)
	at queueRunnerFactory (file:///Users/deniznida/.rvm/gems/ruby-2.2.0-preview1/gems/ironboard-0.0.5/lib/ironboard/jasmine/jasmine.js:518:42)
	at execute (file:///Users/deniznida/.rvm/gems/ruby-2.2.0-preview1/gems/ironboard-0.0.5/lib/ironboard/jasmine/jasmine.js:306:28)
	at file:///Users/deniznida/.rvm/gems/ruby-2.2.0-preview1/gems/ironboard-0.0.5/lib/ironboard/jasmine/jasmine.js:1708:44
	at attemptAsync (file:///Users/deniznida/.rvm/gems/ruby-2.2.0-preview1/gems/ironboard-0.0.5/lib/ironboard/jasmine/jasmine.js:1520:16)
	at run (file:///Users/deniznida/.rvm/gems/ruby-2.2.0-preview1/gems/ironboard-0.0.5/lib/ironboard/jasmine/jasmine.js:1496:28)
	at next (file:///Users/deniznida/.rvm/gems/ruby-2.2.0-preview1/gems/ironboard-0.0.5/lib/ironboard/jasmine/jasmine.js:1517:40)
	at complete (file:///Users/deniznida/.rvm/gems/ruby-2.2.0-preview1/gems/ironboard-0.0.5/lib/ironboard/jasmine/jasmine.js:333:19)
	at clearStack (file:///Users/deniznida/.rvm/gems/ruby-2.2.0-preview1/gems/ironboard-0.0.5/lib/ironboard/jasmine/jasmine.js:506:11)
	at run (file:///Users/deniznida/.rvm/gems/ruby-2.2.0-preview1/gems/ironboard-0.0.5/lib/ironboard/jasmine/jasmine.js:1505:22)
	at execute (file:///Users/deniznida/.rvm/gems/ruby-2.2.0-preview1/gems/ironboard-0.0.5/lib/ironboard/jasmine/jasmine.js:1485:13)
	at queueRunnerFactory (file:///Users/deniznida/.rvm/gems/ruby-2.2.0-preview1/gems/ironboard-0.0.5/lib/ironboard/jasmine/jasmine.js:518:42)
	at execute (file:///Users/deniznida/.rvm/gems/ruby-2.2.0-preview1/gems/ironboard-0.0.5/lib/ironboard/jasmine/jasmine.js:306:28)
	at file:///Users/deniznida/.rvm/gems/ruby-2.2.0-preview1/gems/ironboard-0.0.5/lib/ironboard/jasmine/jasmine.js:1708:44
	at attemptAsync (file:///Users/deniznida/.rvm/gems/ruby-2.2.0-preview1/gems/ironboard-0.0.5/lib/ironboard/jasmine/jasmine.js:1520:16)
	at run (file:///Users/deniznida/.rvm/gems/ruby-2.2.0-preview1/gems/ironboard-0.0.5/lib/ironboard/jasmine/jasmine.js:1496:28)
	at execute (file:///Users/deniznida/.rvm/gems/ruby-2.2.0-preview1/gems/ironboard-0.0.5/lib/ironboard/jasmine/jasmine.js:1485:13)
	at queueRunnerFactory (file:///Users/deniznida/.rvm/gems/ruby-2.2.0-preview1/gems/ironboard-0.0.5/lib/ironboard/jasmine/jasmine.js:518:42)
	at execute (file:///Users/deniznida/.rvm/gems/ruby-2.2.0-preview1/gems/ironboard-0.0.5/lib/ironboard/jasmine/jasmine.js:1694:21)
	at file:///Users/deniznida/.rvm/gems/ruby-2.2.0-preview1/gems/ironboard-0.0.5/lib/ironboard/jasmine/jasmine.js:1708:44
	at attemptAsync (file:///Users/deniznida/.rvm/gems/ruby-2.2.0-preview1/gems/ironboard-0.0.5/lib/ironboard/jasmine/jasmine.js:1520:16)
	at run (file:///Users/deniznida/.rvm/gems/ruby-2.2.0-preview1/gems/ironboard-0.0.5/lib/ironboard/jasmine/jasmine.js:1496:28)
	at execute (file:///Users/deniznida/.rvm/gems/ruby-2.2.0-preview1/gems/ironboard-0.0.5/lib/ironboard/jasmine/jasmine.js:1485:13)
	at queueRunnerFactory (file:///Users/deniznida/.rvm/gems/ruby-2.2.0-preview1/gems/ironboard-0.0.5/lib/ironboard/jasmine/jasmine.js:518:42)
	at execute (file:///Users/deniznida/.rvm/gems/ruby-2.2.0-preview1/gems/ironboard-0.0.5/lib/ironboard/jasmine/jasmine.js:1694:21)
	at file:///Users/deniznida/.rvm/gems/ruby-2.2.0-preview1/gems/ironboard-0.0.5/lib/ironboard/jasmine/jasmine.js:541:83
	at attemptAsync (file:///Users/deniznida/.rvm/gems/ruby-2.2.0-preview1/gems/ironboard-0.0.5/lib/ironboard/jasmine/jasmine.js:1520:16)
	at run (file:///Users/deniznida/.rvm/gems/ruby-2.2.0-preview1/gems/ironboard-0.0.5/lib/ironboard/jasmine/jasmine.js:1496:28)
	at execute (file:///Users/deniznida/.rvm/gems/ruby-2.2.0-preview1/gems/ironboard-0.0.5/lib/ironboard/jasmine/jasmine.js:1485:13)
	at queueRunnerFactory (file:///Users/deniznida/.rvm/gems/ruby-2.2.0-preview1/gems/ironboard-0.0.5/lib/ironboard/jasmine/jasmine.js:518:42)
	at execute (file:///Users/deniznida/.rvm/gems/ruby-2.2.0-preview1/gems/ironboard-0.0.5/lib/ironboard/jasmine/jasmine.js:548:25)
	at onload (file:///Users/deniznida/.rvm/gems/ruby-2.2.0-preview1/gems/ironboard-0.0.5/lib/ironboard/jasmine/boot.js:172:16)			</failure>
		</testcase>
		<testcase classname="Ship with a crew" name="should charge its phasers when a gunner calls `chargePhasers`" time="0">
			<failure type="" message="ReferenceError: Can&amp;apos;t find variable: Spaceship in file:///Users/deniznida/Documents/FIS/space-invaders-ruby-007/spec/space-invaders-spec.js (line 67)">
	at file:///Users/deniznida/Documents/FIS/space-invaders-ruby-007/spec/space-invaders-spec.js:67:30
	at attemptSync (file:///Users/deniznida/.rvm/gems/ruby-2.2.0-preview1/gems/ironboard-0.0.5/lib/ironboard/jasmine/jasmine.js:1510:16)
	at run (file:///Users/deniznida/.rvm/gems/ruby-2.2.0-preview1/gems/ironboard-0.0.5/lib/ironboard/jasmine/jasmine.js:1498:20)
	at execute (file:///Users/deniznida/.rvm/gems/ruby-2.2.0-preview1/gems/ironboard-0.0.5/lib/ironboard/jasmine/jasmine.js:1485:13)
	at queueRunnerFactory (file:///Users/deniznida/.rvm/gems/ruby-2.2.0-preview1/gems/ironboard-0.0.5/lib/ironboard/jasmine/jasmine.js:518:42)
[...]
	at run (file:///Users/deniznida/.rvm/gems/ruby-2.2.0-preview1/gems/ironboard-0.0.5/lib/ironboard/jasmine/jasmine.js:1505:22)
	at execute (file:///Users/deniznida/.rvm/gems/ruby-2.2.0-preview1/gems/ironboard-0.0.5/lib/ironboard/jasmine/jasmine.js:1485:13)
	at queueRunnerFactory (file:///Users/deniznida/.rvm/gems/ruby-2.2.0-preview1/gems/ironboard-0.0.5/lib/ironboard/jasmine/jasmine.js:518:42)
	at execute (file:///Users/deniznida/.rvm/gems/ruby-2.2.0-preview1/gems/ironboard-0.0.5/lib/ironboard/jasmine/jasmine.js:306:28)
	at file:///Users/deniznida/.rvm/gems/ruby-2.2.0-preview1/gems/ironboard-0.0.5/lib/ironboard/jasmine/jasmine.js:1708:44
	at attemptAsync (file:///Users/deniznida/.rvm/gems/ruby-2.2.0-preview1/gems/ironboard-0.0.5/lib/ironboard/jasmine/jasmine.js:1520:16)
	at run (file:///Users/deniznida/.rvm/gems/ruby-2.2.0-preview1/gems/ironboard-0.0.5/lib/ironboard/jasmine/jasmine.js:1496:28)
	at next (file:///Users/deniznida/.rvm/gems/ruby-2.2.0-preview1/gems/ironboard-0.0.5/lib/ironboard/jasmine/jasmine.js:1517:40)
	at complete (file:///Users/deniznida/.rvm/gems/ruby-2.2.0-preview1/gems/ironboard-0.0.5/lib/ironboard/jasmine/jasmine.js:333:19)
	at clearStack (file:///Users/deniznida/.rvm/gems/ruby-2.2.0-preview1/gems/ironboard-0.0.5/lib/ironboard/jasmine/jasmine.js:506:11)
	at run (file:///Users/deniznida/.rvm/gems/ruby-2.2.0-preview1/gems/ironboard-0.0.5/lib/ironboard/jasmine/jasmine.js:1505:22)
	at execute (file:///Users/deniznida/.rvm/gems/ruby-2.2.0-preview1/gems/ironboard-0.0.5/lib/ironboard/jasmine/jasmine.js:1485:13)
	at queueRunnerFactory (file:///Users/deniznida/.rvm/gems/ruby-2.2.0-preview1/gems/ironboard-0.0.5/lib/ironboard/jasmine/jasmine.js:518:42)
	at execute (file:///Users/deniznida/.rvm/gems/ruby-2.2.0-preview1/gems/ironboard-0.0.5/lib/ironboard/jasmine/jasmine.js:306:28)
	at file:///Users/deniznida/.rvm/gems/ruby-2.2.0-preview1/gems/ironboard-0.0.5/lib/ironboard/jasmine/jasmine.js:1708:44
	at attemptAsync (file:///Users/deniznida/.rvm/gems/ruby-2.2.0-preview1/gems/ironboard-0.0.5/lib/ironboard/jasmine/jasmine.js:1520:16)
	at run (file:///Users/deniznida/.rvm/gems/ruby-2.2.0-preview1/gems/ironboard-0.0.5/lib/ironboard/jasmine/jasmine.js:1496:28)
	at execute (file:///Users/deniznida/.rvm/gems/ruby-2.2.0-preview1/gems/ironboard-0.0.5/lib/ironboard/jasmine/jasmine.js:1485:13)
	at queueRunnerFactory (file:///Users/deniznida/.rvm/gems/ruby-2.2.0-preview1/gems/ironboard-0.0.5/lib/ironboard/jasmine/jasmine.js:518:42)
	at execute (file:///Users/deniznida/.rvm/gems/ruby-2.2.0-preview1/gems/ironboard-0.0.5/lib/ironboard/jasmine/jasmine.js:1694:21)
	at file:///Users/deniznida/.rvm/gems/ruby-2.2.0-preview1/gems/ironboard-0.0.5/lib/ironboard/jasmine/jasmine.js:1708:44
	at attemptAsync (file:///Users/deniznida/.rvm/gems/ruby-2.2.0-preview1/gems/ironboard-0.0.5/lib/ironboard/jasmine/jasmine.js:1520:16)
	at run (file:///Users/deniznida/.rvm/gems/ruby-2.2.0-preview1/gems/ironboard-0.0.5/lib/ironboard/jasmine/jasmine.js:1496:28)
	at next (file:///Users/deniznida/.rvm/gems/ruby-2.2.0-preview1/gems/ironboard-0.0.5/lib/ironboard/jasmine/jasmine.js:1517:40)
	at complete (file:///Users/deniznida/.rvm/gems/ruby-2.2.0-preview1/gems/ironboard-0.0.5/lib/ironboard/jasmine/jasmine.js:1703:19)
	at clearStack (file:///Users/deniznida/.rvm/gems/ruby-2.2.0-preview1/gems/ironboard-0.0.5/lib/ironboard/jasmine/jasmine.js:506:11)
	at run (file:///Users/deniznida/.rvm/gems/ruby-2.2.0-preview1/gems/ironboard-0.0.5/lib/ironboard/jasmine/jasmine.js:1505:22)
	at next (file:///Users/deniznida/.rvm/gems/ruby-2.2.0-preview1/gems/ironboard-0.0.5/lib/ironboard/jasmine/jasmine.js:1517:40)
	at complete (file:///Users/deniznida/.rvm/gems/ruby-2.2.0-preview1/gems/ironboard-0.0.5/lib/ironboard/jasmine/jasmine.js:333:19)
	at clearStack (file:///Users/deniznida/.rvm/gems/ruby-2.2.0-preview1/gems/ironboard-0.0.5/lib/ironboard/jasmine/jasmine.js:506:11)
	at run (file:///Users/deniznida/.rvm/gems/ruby-2.2.0-preview1/gems/ironboard-0.0.5/lib/ironboard/jasmine/jasmine.js:1505:22)
	at execute (file:///Users/deniznida/.rvm/gems/ruby-2.2.0-preview1/gems/ironboard-0.0.5/lib/ironboard/jasmine/jasmine.js:1485:13)
	at queueRunnerFactory (file:///Users/deniznida/.rvm/gems/ruby-2.2.0-preview1/gems/ironboard-0.0.5/lib/ironboard/jasmine/jasmine.js:518:42)
	at execute (file:///Users/deniznida/.rvm/gems/ruby-2.2.0-preview1/gems/ironboard-0.0.5/lib/ironboard/jasmine/jasmine.js:306:28)
	at file:///Users/deniznida/.rvm/gems/ruby-2.2.0-preview1/gems/ironboard-0.0.5/lib/ironboard/jasmine/jasmine.js:1708:44
	at attemptAsync (file:///Users/deniznida/.rvm/gems/ruby-2.2.0-preview1/gems/ironboard-0.0.5/lib/ironboard/jasmine/jasmine.js:1520:16)
	at run (file:///Users/deniznida/.rvm/gems/ruby-2.2.0-preview1/gems/ironboard-0.0.5/lib/ironboard/jasmine/jasmine.js:1496:28)
	at next (file:///Users/deniznida/.rvm/gems/ruby-2.2.0-preview1/gems/ironboard-0.0.5/lib/ironboard/jasmine/jasmine.js:1517:40)
	at complete (file:///Users/deniznida/.rvm/gems/ruby-2.2.0-preview1/gems/ironboard-0.0.5/lib/ironboard/jasmine/jasmine.js:333:19)
	at clearStack (file:///Users/deniznida/.rvm/gems/ruby-2.2.0-preview1/gems/ironboard-0.0.5/lib/ironboard/jasmine/jasmine.js:506:11)
	at run (file:///Users/deniznida/.rvm/gems/ruby-2.2.0-preview1/gems/ironboard-0.0.5/lib/ironboard/jasmine/jasmine.js:1505:22)
	at execute (file:///Users/deniznida/.rvm/gems/ruby-2.2.0-preview1/gems/ironboard-0.0.5/lib/ironboard/jasmine/jasmine.js:1485:13)
	at queueRunnerFactory (file:///Users/deniznida/.rvm/gems/ruby-2.2.0-preview1/gems/ironboard-0.0.5/lib/ironboard/jasmine/jasmine.js:518:42)
	at execute (file:///Users/deniznida/.rvm/gems/ruby-2.2.0-preview1/gems/ironboard-0.0.5/lib/ironboard/jasmine/jasmine.js:306:28)
	at file:///Users/deniznida/.rvm/gems/ruby-2.2.0-preview1/gems/ironboard-0.0.5/lib/ironboard/jasmine/jasmine.js:1708:44
	at attemptAsync (file:///Users/deniznida/.rvm/gems/ruby-2.2.0-preview1/gems/ironboard-0.0.5/lib/ironboard/jasmine/jasmine.js:1520:16)
	at run (file:///Users/deniznida/.rvm/gems/ruby-2.2.0-preview1/gems/ironboard-0.0.5/lib/ironboard/jasmine/jasmine.js:1496:28)
	at next (file:///Users/deniznida/.rvm/gems/ruby-2.2.0-preview1/gems/ironboard-0.0.5/lib/ironboard/jasmine/jasmine.js:1517:40)
	at complete (file:///Users/deniznida/.rvm/gems/ruby-2.2.0-preview1/gems/ironboard-0.0.5/lib/ironboard/jasmine/jasmine.js:333:19)
	at clearStack (file:///Users/deniznida/.rvm/gems/ruby-2.2.0-preview1/gems/ironboard-0.0.5/lib/ironboard/jasmine/jasmine.js:506:11)
	at run (file:///Users/deniznida/.rvm/gems/ruby-2.2.0-preview1/gems/ironboard-0.0.5/lib/ironboard/jasmine/jasmine.js:1505:22)
	at execute (file:///Users/deniznida/.rvm/gems/ruby-2.2.0-preview1/gems/ironboard-0.0.5/lib/ironboard/jasmine/jasmine.js:1485:13)
	at queueRunnerFactory (file:///Users/deniznida/.rvm/gems/ruby-2.2.0-preview1/gems/ironboard-0.0.5/lib/ironboard/jasmine/jasmine.js:518:42)
	at execute (file:///Users/deniznida/.rvm/gems/ruby-2.2.0-preview1/gems/ironboard-0.0.5/lib/ironboard/jasmine/jasmine.js:306:28)
	at file:///Users/deniznida/.rvm/gems/ruby-2.2.0-preview1/gems/ironboard-0.0.5/lib/ironboard/jasmine/jasmine.js:1708:44
	at attemptAsync (file:///Users/deniznida/.rvm/gems/ruby-2.2.0-preview1/gems/ironboard-0.0.5/lib/ironboard/jasmine/jasmine.js:1520:16)
	at run (file:///Users/deniznida/.rvm/gems/ruby-2.2.0-preview1/gems/ironboard-0.0.5/lib/ironboard/jasmine/jasmine.js:1496:28)
	at next (file:///Users/deniznida/.rvm/gems/ruby-2.2.0-preview1/gems/ironboard-0.0.5/lib/ironboard/jasmine/jasmine.js:1517:40)
	at complete (file:///Users/deniznida/.rvm/gems/ruby-2.2.0-preview1/gems/ironboard-0.0.5/lib/ironboard/jasmine/jasmine.js:333:19)
	at clearStack (file:///Users/deniznida/.rvm/gems/ruby-2.2.0-preview1/gems/ironboard-0.0.5/lib/ironboard/jasmine/jasmine.js:506:11)
	at run (file:///Users/deniznida/.rvm/gems/ruby-2.2.0-preview1/gems/ironboard-0.0.5/lib/ironboard/jasmine/jasmine.js:1505:22)
	at execute (file:///Users/deniznida/.rvm/gems/ruby-2.2.0-preview1/gems/ironboard-0.0.5/lib/ironboard/jasmine/jasmine.js:1485:13)
	at queueRunnerFactory (file:///Users/deniznida/.rvm/gems/ruby-2.2.0-preview1/gems/ironboard-0.0.5/lib/ironboard/jasmine/jasmine.js:518:42)
	at execute (file:///Users/deniznida/.rvm/gems/ruby-2.2.0-preview1/gems/ironboard-0.0.5/lib/ironboard/jasmine/jasmine.js:306:28)
	at file:///Users/deniznida/.rvm/gems/ruby-2.2.0-preview1/gems/ironboard-0.0.5/lib/ironboard/jasmine/jasmine.js:1708:44
	at attemptAsync (file:///Users/deniznida/.rvm/gems/ruby-2.2.0-preview1/gems/ironboard-0.0.5/lib/ironboard/jasmine/jasmine.js:1520:16)
	at run (file:///Users/deniznida/.rvm/gems/ruby-2.2.0-preview1/gems/ironboard-0.0.5/lib/ironboard/jasmine/jasmine.js:1496:28)
	at next (file:///Users/deniznida/.rvm/gems/ruby-2.2.0-preview1/gems/ironboard-0.0.5/lib/ironboard/jasmine/jasmine.js:1517:40)
	at complete (file:///Users/deniznida/.rvm/gems/ruby-2.2.0-preview1/gems/ironboard-0.0.5/lib/ironboard/jasmine/jasmine.js:333:19)
	at clearStack (file:///Users/deniznida/.rvm/gems/ruby-2.2.0-preview1/gems/ironboard-0.0.5/lib/ironboard/jasmine/jasmine.js:506:11)
	at run (file:///Users/deniznida/.rvm/gems/ruby-2.2.0-preview1/gems/ironboard-0.0.5/lib/ironboard/jasmine/jasmine.js:1505:22)
	at execute (file:///Users/deniznida/.rvm/gems/ruby-2.2.0-preview1/gems/ironboard-0.0.5/lib/ironboard/jasmine/jasmine.js:1485:13)
	at queueRunnerFactory (file:///Users/deniznida/.rvm/gems/ruby-2.2.0-preview1/gems/ironboard-0.0.5/lib/ironboard/jasmine/jasmine.js:518:42)
	at execute (file:///Users/deniznida/.rvm/gems/ruby-2.2.0-preview1/gems/ironboard-0.0.5/lib/ironboard/jasmine/jasmine.js:306:28)
	at file:///Users/deniznida/.rvm/gems/ruby-2.2.0-preview1/gems/ironboard-0.0.5/lib/ironboard/jasmine/jasmine.js:1708:44
	at attemptAsync (file:///Users/deniznida/.rvm/gems/ruby-2.2.0-preview1/gems/ironboard-0.0.5/lib/ironboard/jasmine/jasmine.js:1520:16)
	at run (file:///Users/deniznida/.rvm/gems/ruby-2.2.0-preview1/gems/ironboard-0.0.5/lib/ironboard/jasmine/jasmine.js:1496:28)
	at next (file:///Users/deniznida/.rvm/gems/ruby-2.2.0-preview1/gems/ironboard-0.0.5/lib/ironboard/jasmine/jasmine.js:1517:40)
	at complete (file:///Users/deniznida/.rvm/gems/ruby-2.2.0-preview1/gems/ironboard-0.0.5/lib/ironboard/jasmine/jasmine.js:333:19)
	at clearStack (file:///Users/deniznida/.rvm/gems/ruby-2.2.0-preview1/gems/ironboard-0.0.5/lib/ironboard/jasmine/jasmine.js:506:11)
	at run (file:///Users/deniznida/.rvm/gems/ruby-2.2.0-preview1/gems/ironboard-0.0.5/lib/ironboard/jasmine/jasmine.js:1505:22)
	at execute (file:///Users/deniznida/.rvm/gems/ruby-2.2.0-preview1/gems/ironboard-0.0.5/lib/ironboard/jasmine/jasmine.js:1485:13)
	at queueRunnerFactory (file:///Users/deniznida/.rvm/gems/ruby-2.2.0-preview1/gems/ironboard-0.0.5/lib/ironboard/jasmine/jasmine.js:518:42)
	at execute (file:///Users/deniznida/.rvm/gems/ruby-2.2.0-preview1/gems/ironboard-0.0.5/lib/ironboard/jasmine/jasmine.js:306:28)
	at file:///Users/deniznida/.rvm/gems/ruby-2.2.0-preview1/gems/ironboard-0.0.5/lib/ironboard/jasmine/jasmine.js:1708:44
	at attemptAsync (file:///Users/deniznida/.rvm/gems/ruby-2.2.0-preview1/gems/ironboard-0.0.5/lib/ironboard/jasmine/jasmine.js:1520:16)
	at run (file:///Users/deniznida/.rvm/gems/ruby-2.2.0-preview1/gems/ironboard-0.0.5/lib/ironboard/jasmine/jasmine.js:1496:28)
	at next (file:///Users/deniznida/.rvm/gems/ruby-2.2.0-preview1/gems/ironboard-0.0.5/lib/ironboard/jasmine/jasmine.js:1517:40)
	at complete (file:///Users/deniznida/.rvm/gems/ruby-2.2.0-preview1/gems/ironboard-0.0.5/lib/ironboard/jasmine/jasmine.js:333:19)
	at clearStack (file:///Users/deniznida/.rvm/gems/ruby-2.2.0-preview1/gems/ironboard-0.0.5/lib/ironboard/jasmine/jasmine.js:506:11)
	at run (file:///Users/deniznida/.rvm/gems/ruby-2.2.0-preview1/gems/ironboard-0.0.5/lib/ironboard/jasmine/jasmine.js:1505:22)
	at execute (file:///Users/deniznida/.rvm/gems/ruby-2.2.0-preview1/gems/ironboard-0.0.5/lib/ironboard/jasmine/jasmine.js:1485:13)
	at queueRunnerFactory (file:///Users/deniznida/.rvm/gems/ruby-2.2.0-preview1/gems/ironboard-0.0.5/lib/ironboard/jasmine/jasmine.js:518:42)
	at execute (file:///Users/deniznida/.rvm/gems/ruby-2.2.0-preview1/gems/ironboard-0.0.5/lib/ironboard/jasmine/jasmine.js:306:28)
	at file:///Users/deniznida/.rvm/gems/ruby-2.2.0-preview1/gems/ironboard-0.0.5/lib/ironboard/jasmine/jasmine.js:1708:44
	at attemptAsync (file:///Users/deniznida/.rvm/gems/ruby-2.2.0-preview1/gems/ironboard-0.0.5/lib/ironboard/jasmine/jasmine.js:1520:16)
	at run (file:///Users/deniznida/.rvm/gems/ruby-2.2.0-preview1/gems/ironboard-0.0.5/lib/ironboard/jasmine/jasmine.js:1496:28)
	at execute (file:///Users/deniznida/.rvm/gems/ruby-2.2.0-preview1/gems/ironboard-0.0.5/lib/ironboard/jasmine/jasmine.js:1485:13)
	at queueRunnerFactory (file:///Users/deniznida/.rvm/gems/ruby-2.2.0-preview1/gems/ironboard-0.0.5/lib/ironboard/jasmine/jasmine.js:518:42)
	at execute (file:///Users/deniznida/.rvm/gems/ruby-2.2.0-preview1/gems/ironboard-0.0.5/lib/ironboard/jasmine/jasmine.js:1694:21)
	at file:///Users/deniznida/.rvm/gems/ruby-2.2.0-preview1/gems/ironboard-0.0.5/lib/ironboard/jasmine/jasmine.js:1708:44
	at attemptAsync (file:///Users/deniznida/.rvm/gems/ruby-2.2.0-preview1/gems/ironboard-0.0.5/lib/ironboard/jasmine/jasmine.js:1520:16)
	at run (file:///Users/deniznida/.rvm/gems/ruby-2.2.0-preview1/gems/ironboard-0.0.5/lib/ironboard/jasmine/jasmine.js:1496:28)
	at next (file:///Users/deniznida/.rvm/gems/ruby-2.2.0-preview1/gems/ironboard-0.0.5/lib/ironboard/jasmine/jasmine.js:1517:40)
	at complete (file:///Users/deniznida/.rvm/gems/ruby-2.2.0-preview1/gems/ironboard-0.0.5/lib/ironboard/jasmine/jasmine.js:1703:19)
	at clearStack (file:///Users/deniznida/.rvm/gems/ruby-2.2.0-preview1/gems/ironboard-0.0.5/lib/ironboard/jasmine/jasmine.js:506:11)
	at run (file:///Users/deniznida/.rvm/gems/ruby-2.2.0-preview1/gems/ironboard-0.0.5/lib/ironboard/jasmine/jasmine.js:1505:22)
	at next (file:///Users/deniznida/.rvm/gems/ruby-2.2.0-preview1/gems/ironboard-0.0.5/lib/ironboard/jasmine/jasmine.js:1517:40)
	at complete (file:///Users/deniznida/.rvm/gems/ruby-2.2.0-preview1/gems/ironboard-0.0.5/lib/ironboard/jasmine/jasmine.js:333:19)
	at clearStack (file:///Users/deniznida/.rvm/gems/ruby-2.2.0-preview1/gems/ironboard-0.0.5/lib/ironboard/jasmine/jasmine.js:506:11)
	at run (file:///Users/deniznida/.rvm/gems/ruby-2.2.0-preview1/gems/ironboard-0.0.5/lib/ironboard/jasmine/jasmine.js:1505:22)
	at execute (file:///Users/deniznida/.rvm/gems/ruby-2.2.0-preview1/gems/ironboard-0.0.5/lib/ironboard/jasmine/jasmine.js:1485:13)
	at queueRunnerFactory (file:///Users/deniznida/.rvm/gems/ruby-2.2.0-preview1/gems/ironboard-0.0.5/lib/ironboard/jasmine/jasmine.js:518:42)
	at execute (file:///Users/deniznida/.rvm/gems/ruby-2.2.0-preview1/gems/ironboard-0.0.5/lib/ironboard/jasmine/jasmine.js:306:28)
	at file:///Users/deniznida/.rvm/gems/ruby-2.2.0-preview1/gems/ironboard-0.0.5/lib/ironboard/jasmine/jasmine.js:1708:44
	at attemptAsync (file:///Users/deniznida/.rvm/gems/ruby-2.2.0-preview1/gems/ironboard-0.0.5/lib/ironboard/jasmine/jasmine.js:1520:16)
	at run (file:///Users/deniznida/.rvm/gems/ruby-2.2.0-preview1/gems/ironboard-0.0.5/lib/ironboard/jasmine/jasmine.js:1496:28)
	at next (file:///Users/deniznida/.rvm/gems/ruby-2.2.0-preview1/gems/ironboard-0.0.5/lib/ironboard/jasmine/jasmine.js:1517:40)
	at complete (file:///Users/deniznida/.rvm/gems/ruby-2.2.0-preview1/gems/ironboard-0.0.5/lib/ironboard/jasmine/jasmine.js:333:19)
	at clearStack (file:///Users/deniznida/.rvm/gems/ruby-2.2.0-preview1/gems/ironboard-0.0.5/lib/ironboard/jasmine/jasmine.js:506:11)
	at run (file:///Users/deniznida/.rvm/gems/ruby-2.2.0-preview1/gems/ironboard-0.0.5/lib/ironboard/jasmine/jasmine.js:1505:22)
	at execute (file:///Users/deniznida/.rvm/gems/ruby-2.2.0-preview1/gems/ironboard-0.0.5/lib/ironboard/jasmine/jasmine.js:1485:13)
	at queueRunnerFactory (file:///Users/deniznida/.rvm/gems/ruby-2.2.0-preview1/gems/ironboard-0.0.5/lib/ironboard/jasmine/jasmine.js:518:42)
	at execute (file:///Users/deniznida/.rvm/gems/ruby-2.2.0-preview1/gems/ironboard-0.0.5/lib/ironboard/jasmine/jasmine.js:306:28)
	at file:///Users/deniznida/.rvm/gems/ruby-2.2.0-preview1/gems/ironboard-0.0.5/lib/ironboard/jasmine/jasmine.js:1708:44
	at attemptAsync (file:///Users/deniznida/.rvm/gems/ruby-2.2.0-preview1/gems/ironboard-0.0.5/lib/ironboard/jasmine/jasmine.js:1520:16)
	at run (file:///Users/deniznida/.rvm/gems/ruby-2.2.0-preview1/gems/ironboard-0.0.5/lib/ironboard/jasmine/jasmine.js:1496:28)
	at next (file:///Users/deniznida/.rvm/gems/ruby-2.2.0-preview1/gems/ironboard-0.0.5/lib/ironboard/jasmine/jasmine.js:1517:40)
	at complete (file:///Users/deniznida/.rvm/gems/ruby-2.2.0-preview1/gems/ironboard-0.0.5/lib/ironboard/jasmine/jasmine.js:333:19)
	at clearStack (file:///Users/deniznida/.rvm/gems/ruby-2.2.0-preview1/gems/ironboard-0.0.5/lib/ironboard/jasmine/jasmine.js:506:11)
	at run (file:///Users/deniznida/.rvm/gems/ruby-2.2.0-preview1/gems/ironboard-0.0.5/lib/ironboard/jasmine/jasmine.js:1505:22)
	at execute (file:///Users/deniznida/.rvm/gems/ruby-2.2.0-preview1/gems/ironboard-0.0.5/lib/ironboard/jasmine/jasmine.js:1485:13)
	at queueRunnerFactory (file:///Users/deniznida/.rvm/gems/ruby-2.2.0-preview1/gems/ironboard-0.0.5/lib/ironboard/jasmine/jasmine.js:518:42)
	at execute (file:///Users/deniznida/.rvm/gems/ruby-2.2.0-preview1/gems/ironboard-0.0.5/lib/ironboard/jasmine/jasmine.js:306:28)
	at file:///Users/deniznida/.rvm/gems/ruby-2.2.0-preview1/gems/ironboard-0.0.5/lib/ironboard/jasmine/jasmine.js:1708:44
	at attemptAsync (file:///Users/deniznida/.rvm/gems/ruby-2.2.0-preview1/gems/ironboard-0.0.5/lib/ironboard/jasmine/jasmine.js:1520:16)
	at run (file:///Users/deniznida/.rvm/gems/ruby-2.2.0-preview1/gems/ironboard-0.0.5/lib/ironboard/jasmine/jasmine.js:1496:28)
	at execute (file:///Users/deniznida/.rvm/gems/ruby-2.2.0-preview1/gems/ironboard-0.0.5/lib/ironboard/jasmine/jasmine.js:1485:13)
	at queueRunnerFactory (file:///Users/deniznida/.rvm/gems/ruby-2.2.0-preview1/gems/ironboard-0.0.5/lib/ironboard/jasmine/jasmine.js:518:42)
	at execute (file:///Users/deniznida/.rvm/gems/ruby-2.2.0-preview1/gems/ironboard-0.0.5/lib/ironboard/jasmine/jasmine.js:1694:21)
	at file:///Users/deniznida/.rvm/gems/ruby-2.2.0-preview1/gems/ironboard-0.0.5/lib/ironboard/jasmine/jasmine.js:1708:44
	at attemptAsync (file:///Users/deniznida/.rvm/gems/ruby-2.2.0-preview1/gems/ironboard-0.0.5/lib/ironboard/jasmine/jasmine.js:1520:16)
	at run (file:///Users/deniznida/.rvm/gems/ruby-2.2.0-preview1/gems/ironboard-0.0.5/lib/ironboard/jasmine/jasmine.js:1496:28)
	at execute (file:///Users/deniznida/.rvm/gems/ruby-2.2.0-preview1/gems/ironboard-0.0.5/lib/ironboard/jasmine/jasmine.js:1485:13)
	at queueRunnerFactory (file:///Users/deniznida/.rvm/gems/ruby-2.2.0-preview1/gems/ironboard-0.0.5/lib/ironboard/jasmine/jasmine.js:518:42)
	at execute (file:///Users/deniznida/.rvm/gems/ruby-2.2.0-preview1/gems/ironboard-0.0.5/lib/ironboard/jasmine/jasmine.js:1694:21)
	at file:///Users/deniznida/.rvm/gems/ruby-2.2.0-preview1/gems/ironboard-0.0.5/lib/ironboard/jasmine/jasmine.js:541:83
	at attemptAsync (file:///Users/deniznida/.rvm/gems/ruby-2.2.0-preview1/gems/ironboard-0.0.5/lib/ironboard/jasmine/jasmine.js:1520:16)
	at run (file:///Users/deniznida/.rvm/gems/ruby-2.2.0-preview1/gems/ironboard-0.0.5/lib/ironboard/jasmine/jasmine.js:1496:28)
	at execute (file:///Users/deniznida/.rvm/gems/ruby-2.2.0-preview1/gems/ironboard-0.0.5/lib/ironboard/jasmine/jasmine.js:1485:13)
	at queueRunnerFactory (file:///Users/deniznida/.rvm/gems/ruby-2.2.0-preview1/gems/ironboard-0.0.5/lib/ironboard/jasmine/jasmine.js:518:42)
	at execute (file:///Users/deniznida/.rvm/gems/ruby-2.2.0-preview1/gems/ironboard-0.0.5/lib/ironboard/jasmine/jasmine.js:548:25)
	at onload (file:///Users/deniznida/.rvm/gems/ruby-2.2.0-preview1/gems/ironboard-0.0.5/lib/ironboard/jasmine/boot.js:172:16)			</failure>
		</testcase>
	</testsuite>
</testsuites>

