<?xml version="1.0" encoding="UTF-8"?>
<testsuites>
	<testsuite tests="7" errors="0" failures="7" time="0.004" timestamp="2015-03-18T17:45:03">
		<testcase classname="Spaceship" name="should know it&amp;apos;s own name" time="0.001">
			<failure type="" message="ReferenceError: Can&amp;apos;t find variable: Spaceship in file:///Users/deniznida/Documents/FIS/space-invaders-ruby-007/spec/space-invaders-spec.js (line 29)">
	at file:///Users/deniznida/Documents/FIS/space-invaders-ruby-007/spec/space-invaders-spec.js:29:30
	at attemptSync (file:///Users/deniznida/.rvm/gems/ruby-2.2.0-preview1/gems/ironboard-0.0.5/lib/ironboard/jasmine/jasmine.js:1510:16)
	at run (file:///Users/deniznida/.rvm/gems/ruby-2.2.0-preview1/gems/ironboard-0.0.5/lib/ironboard/jasmine/jasmine.js:1498:20)
	at execute (file:///Users/deniznida/.rvm/gems/ruby-2.2.0-preview1/gems/ironboard-0.0.5/lib/ironboard/jasmine/jasmine.js:1485:13)
	at queueRunnerFactory (file:///Users/deniznida/.rvm/gems/ruby-2.2.0-preview1/gems/ironboard-0.0.5/lib/ironboard/jasmine/jasmine.js:518:42)
	at execute (file:///Users/deniznida/.rvm/gems/ruby-2.2.0-preview1/gems/ironboard-0.0.5/lib/ironboard/jasmine/jasmine.js:306:28)
	at file:///Users/deniznida/.rvm/gems/ruby-2.2.0-preview1/gems/ironboard-0.0.5/lib/ironboard/jasmine/jasmine.js:1708:44
	at attemptAsync (file:///Users/deniznida/.rvm/gems/ruby-2.2.0-preview1/gems/ironboard-0.0.5/lib/ironboard/jasmine/jasmine.js:1520:16)
	at run (file:///Users/deniznida/.rvm/gems/ruby-2.2.0-preview1/gems/ironboard-0.0.5/lib/ironboard/jasmine/jasmine.js:1496:28)
	at execute (file:///Users/deniznida/.rvm/gems/ruby-2.2.0-preview1/gems/ironboard-0.0.5/lib/ironboard/jasmine/jasmine.js:1485:13)
	at queueRunnerFactory (file:///Users/deniznida/.rvm/gems/ruby-2.2.0-preview1/gems/ironboard-0.0.5/lib/ironboard/jasmine/jasmine.js:518:42)
	at execute (file:///Users/deniznida/.rvm/gems/ruby-2.2.0-preview1/gems/ironboard-0.0.5/lib/ironboard/jasmine/jasmine.js:1694:21)
	at file:///Users/deniznida/.rvm/gems/ruby-2.2.0-preview1/gems/ironboard-0.0.5/lib/ironboard/jasmine/jasmine.js:1708:44
	at attemptAsync (file:///Users/deniznida/.rvm/gems/ruby-2.2.0-preview1/gems/ironboard-0.0.5/lib/ironboard/jasmine/jasmine.js:1520:16)
	at run (file:///Users/deniznida/.rvm/gems/ruby-2.2.0-preview1/gems/ironboard-0.0.5/lib/ironboard/jasmine/jasmine.js:1496:28)
	at next (file:///Users/deniznida/.rvm/gems/ruby-2.2.0-preview1/gems/ironboard-0.0.5/lib/ironboard/jasmine/jasmine.js:1517:40)
	at complete (file:///Users/deniznida/.rvm/gems/ruby-2.2.0-preview1/gems/ironboard-0.0.5/lib/ironboard/jasmine/jasmine.js:1703:19)
	at clearStack (file:///Users/deniznida/.rvm/gems/ruby-2.2.0-preview1/gems/ironboard-0.0.5/lib/ironboard/jasmine/jasmine.js:506:11)
	at run (file:///Users/deniznida/.rvm/gems/ruby-2.2.0-preview1/gems/ironboard-0.0.5/lib/ironboard/jasmine/jasmine.js:1505:22)
	at next (file:///Users/deniznida/.rvm/gems/ruby-2.2.0-preview1/gems/ironboard-0.0.5/lib/ironboard/jasmine/jasmine.js:1517:40)
	at complete (file:///Users/deniznida/.rvm/gems/ruby-2.2.0-preview1/gems/ironboard-0.0.5/lib/ironboard/jasmine/jasmine.js:333:19)
	at clearStack (file:///Users/deniznida/.rvm/gems/ruby-2.2.0-preview1/gems/ironboard-0.0.5/lib/ironboard/jasmine/jasmine.js:506:11)
	at run (file:///Users/deniznida/.rvm/gems/ruby-2.2.0-preview1/gems/ironboard-0.0.5/lib/ironboard/jasmine/jasmine.js:1505:22)
	at execute (file:///Users/deniznida/.rvm/gems/ruby-2.2.0-preview1/gems/ironboard-0.0.5/lib/ironboard/jasmine/jasmine.js:1485:13)
	at queueRunnerFactory (file:///Users/deniznida/.rvm/gems/ruby-2.2.0-preview1/gems/ironboard-0.0.5/lib/ironboard/jasmine/jasmine.js:518:42)
	at execute (file:///Users/deniznida/.rvm/gems/ruby-2.2.0-preview1/gems/ironboard-0.0.5/lib/ironboard/jasmine/jasmine.js:306:28)
	at file:///Users/deniznida/.rvm/gems/ruby-2.2.0-preview1/gems/ironboard-0.0.5/lib/ironboard/jasmine/jasmine.js:1708:44
	at attemptAsync (file:///Users/deniznida/.rvm/gems/ruby-2.2.0-preview1/gems/ironboard-0.0.5/lib/ironboard/jasmine/jasmine.js:1520:16)
	at run (file:///Users/deniznida/.rvm/gems/ruby-2.2.0-preview1/gems/ironboard-0.0.5/lib/ironboard/jasmine/jasmine.js:1496:28)
	at next (file:///Users/deniznida/.rvm/gems/ruby-2.2.0-preview1/gems/ironboard-0.0.5/lib/ironboard/jasmine/jasmine.js:1517:40)
	at complete (file:///Users/deniznida/.rvm/gems/ruby-2.2.0-preview1/gems/ironboard-0.0.5/lib/ironboard/jasmine/jasmine.js:333:19)
	at clearStack (file:///Users/deniznida/.rvm/gems/ruby-2.2.0-preview1/gems/ironboard-0.0.5/lib/ironboard/jasmine/jasmine.js:506:11)
	at run (file:///Users/deniznida/.rvm/gems/ruby-2.2.0-preview1/gems/ironboard-0.0.5/lib/ironboard/jasmine/jasmine.js:1505:22)
	at execute (file:///Users/deniznida/.rvm/gems/ruby-2.2.0-preview1/gems/ironboard-0.0.5/lib/ironboard/jasmine/jasmine.js:1485:13)
	at queueRunnerFactory (file:///Users/deniznida/.rvm/gems/ruby-2.2.0-preview1/gems/ironboard-0.0.5/lib/ironboard/jasmine/jasmine.js:518:42)
	at execute (file:///Users/deniznida/.rvm/gems/ruby-2.2.0-preview1/gems/ironboard-0.0.5/lib/ironboard/jasmine/jasmine.js:306:28)
	at file:///Users/deniznida/.rvm/gems/ruby-2.2.0-preview1/gems/ironboard-0.0.5/lib/ironboard/jasmine/jasmine.js:1708:44
	at attemptAsync (file:///Users/deniznida/.rvm/gems/ruby-2.2.0-preview1/gems/ironboard-0.0.5/lib/ironboard/jasmine/jasmine.js:1520:16)
	at run (file:///Users/deniznida/.rvm/gems/ruby-2.2.0-preview1/gems/ironboard-0.0.5/lib/ironboard/jasmine/jasmine.js:1496:28)
	at next (file:///Users/deniznida/.rvm/gems/ruby-2.2.0-preview1/gems/ironboard-0.0.5/lib/ironboard/jasmine/jasmine.js:1517:40)
	at complete (file:///Users/deniznida/.rvm/gems/ruby-2.2.0-preview1/gems/ironboard-0.0.5/lib/ironboard/jasmine/jasmine.js:333:19)
	at clearStack (file:///Users/deniznida/.rvm/gems/ruby-2.2.0-preview1/gems/ironboard-0.0.5/lib/ironboard/jasmine/jasmine.js:506:11)
	at run (file:///Users/deniznida/.rvm/gems/ruby-2.2.0-preview1/gems/ironboard-0.0.5/lib/ironboard/jasmine/jasmine.js:1505:22)
	at execute (file:///Users/deniznida/.rvm/gems/ruby-2.2.0-preview1/gems/ironboard-0.0.5/lib/ironboard/jasmine/jasmine.js:1485:13)
	at queueRunnerFactory (file:///Users/deniznida/.rvm/gems/ruby-2.2.0-preview1/gems/ironboard-0.0.5/lib/ironboard/jasmine/jasmine.js:518:42)
	at execute (file:///Users/deniznida/.rvm/gems/ruby-2.2.0-preview1/gems/ironboard-0.0.5/lib/ironboard/jasmine/jasmine.js:306:28)
	at file:///Users/deniznida/.rvm/gems/ruby-2.2.0-preview1/gems/ironboard-0.0.5/lib/ironboard/jasmine/jasmine.js:1708:44
	at attemptAsync (file:///Users/deniznida/.rvm/gems/ruby-2.2.0-preview1/gems/ironboard-0.0.5/lib/ironboard/jasmine/jasmine.js:1520:16)
	at run (file:///Users/deniznida/.rvm/gems/ruby-2.2.0-preview1/gems/ironboard-0.0.5/lib/ironboard/jasmine/jasmine.js:1496:28)
	at execute (file:///Users/deniznida/.rvm/gems/ruby-2.2.0-preview1/gems/ironboard-0.0.5/lib/ironboard/jasmine/jasmine.js:1485:13)
	at queueRunnerFactory (file:///Users/deniznida/.rvm/gems/ruby-2.2.0-preview1/gems/ironboard-0.0.5/lib/ironboard/jasmine/jasmine.js:518:42)
	at execute (file:///Users/deniznida/.rvm/gems/ruby-2.2.0-preview1/gems/ironboard-0.0.5/lib/ironboard/jasmine/jasmine.js:1694:21)
	at file:///Users/deniznida/.rvm/gems/ruby-2.2.0-preview1/gems/ironboard-0.0.5/lib/ironboard/jasmine/jasmine.js:1708:44
	at attemptAsync (file:///Users/deniznida/.rvm/gems/ruby-2.2.0-preview1/gems/ironboard-0.0.5/lib/ironboard/jasmine/jasmine.js:1520:16)
	at run (file:///Users/deniznida/.rvm/gems/ruby-2.2.0-preview1/gems/ironboard-0.0.5/lib/ironboard/jasmine/jasmine.js:1496:28)
	at execute (file:///Users/deniznida/.rvm/gems/ruby-2.2.0-preview1/gems/ironboard-0.0.5/lib/ironboard/jasmine/jasmine.js:1485:13)
	at queueRunnerFactory (file:///Users/deniznida/.rvm/gems/ruby-2.2.0-preview1/gems/ironboard-0.0.5/lib/ironboard/jasmine/jasmine.js:518:42)
	at execute (file:///Users/deniznida/.rvm/gems/ruby-2.2.0-preview1/gems/ironboard-0.0.5/lib/ironboard/jasmine/jasmine.js:1694:21)
	at file:///Users/deniznida/.rvm/gems/ruby-2.2.0-preview1/gems/ironboard-0.0.5/lib/ironboard/jasmine/jasmine.js:541:83
	at attemptAsync (file:///Users/deniznida/.rvm/gems/ruby-2.2.0-preview1/gems/ironboard-0.0.5/lib/ironboard/jasmine/jasmine.js:1520:16)
	at run (file:///Users/deniznida/.rvm/gems/ruby-2.2.0-preview1/gems/ironboard-0.0.5/lib/ironboard/jasmine/jasmine.js:1496:28)
	at execute (file:///Users/deniznida/.rvm/gems/ruby-2.2.0-preview1/gems/ironboard-0.0.5/lib/ironboard/jasmine/jasmine.js:1485:13)
	at queueRunnerFactory (file:///Users/deniznida/.rvm/gems/ruby-2.2.0-preview1/gems/ironboard-0.0.5/lib/ironboard/jasmine/jasmine.js:518:42)
	at execute (file:///Users/deniznida/.rvm/gems/ruby-2.2.0-preview1/gems/ironboard-0.0.5/lib/ironboard/jasmine/jasmine.js:548:25)
	at onload (file:///Users/deniznida/.rvm/gems/ruby-2.2.0-preview1/gems/ironboard-0.0.5/lib/ironboard/jasmine/boot.js:172:16)			</failure>
			<failure type="" message="TypeError: undefined is not an object (evaluating &amp;apos;spaceship.name&amp;apos;) in file:///Users/deniznida/Documents/FIS/space-invaders-ruby-007/spec/space-invaders-spec.js (line 33)">
	at file:///Users/deniznida/Documents/FIS/space-invaders-ruby-007/spec/space-invaders-spec.js:33:21
	at attemptSync (file:///Users/deniznida/.rvm/gems/ruby-2.2.0-preview1/gems/ironboard-0.0.5/lib/ironboard/jasmine/jasmine.js:1510:16)
	at run (file:///Users/deniznida/.rvm/gems/ruby-2.2.0-preview1/gems/ironboard-0.0.5/lib/ironboard/jasmine/jasmine.js:1498:20)
	at execute (file:///Users/deniznida/.rvm/gems/ruby-2.2.0-preview1/gems/ironboard-0.0.5/lib/ironboard/jasmine/jasmine.js:1485:13)
	at queueRunnerFactory (file:///Users/deniznida/.rvm/gems/ruby-2.2.0-preview1/gems/ironboard-0.0.5/lib/ironboard/jasmine/jasmine.js:518:42)
	at execute (file:///Users/deniznida/.rvm/gems/ruby-2.2.0-preview1/gems/ironboard-0.0.5/lib/ironboard/jasmine/jasmine.js:306:28)
	at file:///Users/deniznida/.rvm/gems/ruby-2.2.0-preview1/gems/ironboard-0.0.5/lib/ironboard/jasmine/jasmine.js:1708:44
	at attemptAsync (file:///Users/deniznida/.rvm/gems/ruby-2.2.0-preview1/gems/ironboard-0.0.5/lib/ironboard/jasmine/jasmine.js:1520:16)
	at run (file:///Users/deniznida/.rvm/gems/ruby-2.2.0-preview1/gems/ironboard-0.0.5/lib/ironboard/jasmine/jasmine.js:1496:28)
	at execute (file:///Users/deniznida/.rvm/gems/ruby-2.2.0-preview1/gems/ironboard-0.0.5/lib/ironboard/jasmine/jasmine.js:1485:13)
	at queueRunnerFactory (file:///Users/deniznida/.rvm/gems/ruby-2.2.0-preview1/gems/ironboard-0.0.5/lib/ironboard/jasmine/jasmine.js:518:42)
	at execute (file:///Users/deniznida/.rvm/gems/ruby-2.2.0-preview1/gems/ironboard-0.0.5/lib/ironboard/jasmine/jasmine.js:1694:21)
	at file:///Users/deniznida/.rvm/gems/ruby-2.2.0-preview1/gems/ironboard-0.0.5/lib/ironboard/jasmine/jasmine.js:1708:44
	at attemptAsync (file:///Users/deniznida/.rvm/gems/ruby-2.2.0-preview1/gems/ironboard-0.0.5/lib/ironboard/jasmine/jasmine.js:1520:16)
	at run (file:///Users/deniznida/.rvm/gems/ruby-2.2.0-preview1/gems/ironboard-0.0.5/lib/ironboard/jasmine/jasmine.js:1496:28)
	at next (file:///Users/deniznida/.rvm/gems/ruby-2.2.0-preview1/gems/ironboard-0.0.5/lib/ironboard/jasmine/jasmine.js:1517:40)
	at complete (file:///Users/deniznida/.rvm/gems/ruby-2.2.0-preview1/gems/ironboard-0.0.5/lib/ironboard/jasmine/jasmine.js:1703:19)
	at clearStack (file:///Users/deniznida/.rvm/gems/ruby-2.2.0-preview1/gems/ironboard-0.0.5/lib/ironboard/jasmine/jasmine.js:506:11)
	at run (file:///Users/deniznida/.rvm/gems/ruby-2.2.0-preview1/gems/ironboard-0.0.5/lib/ironboard/jasmine/jasmine.js:1505:22)
	at next (file:///Users/deniznida/.rvm/gems/ruby-2.2.0-preview1/gems/ironboard-0.0.5/lib/ironboard/jasmine/jasmine.js:1517:40)
	at complete (file:///Users/deniznida/.rvm/gems/ruby-2.2.0-preview1/gems/ironboard-0.0.5/lib/ironboard/jasmine/jasmine.js:333:19)
	at clearStack (file:///Users/deniznida/.rvm/gems/ruby-2.2.0-preview1/gems/ironboard-0.0.5/lib/ironboard/jasmine/jasmine.js:506:11)
	at run (file:///Users/deniznida/.rvm/gems/ruby-2.2.0-preview1/gems/ironboard-0.0.5/lib/ironboard/jasmine/jasmine.js:1505:22)
	at execute (file:///Users/deniznida/.rvm/gems/ruby-2.2.0-preview1/gems/ironboard-0.0.5/lib/ironboard/jasmine/jasmine.js:1485:13)
	at queueRunnerFactory (file:///Users/deniznida/.rvm/gems/ruby-2.2.0-preview1/gems/ironboard-0.0.5/lib/ironboard/jasmine/jasmine.js:518:42)
	at execute (file:///Users/deniznida/.rvm/gems/ruby-2.2.0-preview1/gems/ironboard-0.0.5/lib/ironboard/jasmine/jasmine.js:306:28)
	at file:///Users/deniznida/.rvm/gems/ruby-2.2.0-preview1/gems/ironboard-0.0.5/lib/ironboard/jasmine/jasmine.js:1708:44
	at attemptAsync (file:///Users/deniznida/.rvm/gems/ruby-2.2.0-preview1/gems/ironboard-0.0.5/lib/ironboard/jasmine/jasmine.js:1520:16)
	at run (file:///Users/deniznida/.rvm/gems/ruby-2.2.0-preview1/gems/ironboard-0.0.5/lib/ironboard/jasmine/jasmine.js:1496:28)
	at next (file:///Users/deniznida/.rvm/gems/ruby-2.2.0-preview1/gems/ironboard-0.0.5/lib/ironboard/jasmine/jasmine.js:1517:40)
	at complete (file:///Users/deniznida/.rvm/gems/ruby-2.2.0-preview1/gems/ironboard-0.0.5/lib/ironboard/jasmine/jasmine.js:333:19)
	at clearStack (file:///Users/deniznida/.rvm/gems/ruby-2.2.0-preview1/gems/ironboard-0.0.5/lib/ironboard/jasmine/jasmine.js:506:11)
	at run (file:///Users/deniznida/.rvm/gems/ruby-2.2.0-preview1/gems/ironboard-0.0.5/lib/ironboard/jasmine/jasmine.js:1505:22)
	at execute (file:///Users/deniznida/.rvm/gems/ruby-2.2.0-preview1/gems/ironboard-0.0.5/lib/ironboard/jasmine/jasmine.js:1485:13)
	at queueRunnerFactory (file:///Users/deniznida/.rvm/gems/ruby-2.2.0-preview1/gems/ironboard-0.0.5/lib/ironboard/jasmine/jasmine.js:518:42)
	at execute (file:///Users/deniznida/.rvm/gems/ruby-2.2.0-preview1/gems/ironboard-0.0.5/lib/ironboard/jasmine/jasmine.js:306:28)
	at file:///Users/deniznida/.rvm/gems/ruby-2.2.0-preview1/gems/ironboard-0.0.5/lib/ironboard/jasmine/jasmine.js:1708:44
	at attemptAsync (file:///Users/deniznida/.rvm/gems/ruby-2.2.0-preview1/gems/ironboard-0.0.5/lib/ironboard/jasmine/jasmine.js:1520:16)
	at run (file:///Users/deniznida/.rvm/gems/ruby-2.2.0-preview1/gems/ironboard-0.0.5/lib/ironboard/jasmine/jasmine.js:1496:28)
	at next (file:///Users/deniznida/.rvm/gems/ruby-2.2.0-preview1/gems/ironboard-0.0.5/lib/ironboard/jasmine/jasmine.js:1517:40)
	at complete (file:///Users/deniznida/.rvm/gems/ruby-2.2.0-preview1/gems/ironboard-0.0.5/lib/ironboard/jasmine/jasmine.js:333:19)
	at clearStack (file:///Users/deniznida/.rvm/gems/ruby-2.2.0-preview1/gems/ironboard-0.0.5/lib/ironboard/jasmine/jasmine.js:506:11)
	at run (file:///Users/deniznida/.rvm/gems/ruby-2.2.0-preview1/gems/ironboard-0.0.5/lib/ironboard/jasmine/jasmine.js:1505:22)
	at execute (file:///Users/deniznida/.rvm/gems/ruby-2.2.0-preview1/gems/ironboard-0.0.5/lib/ironboard/jasmine/jasmine.js:1485:13)
	at queueRunnerFactory (file:///Users/deniznida/.rvm/gems/ruby-2.2.0-preview1/gems/ironboard-0.0.5/lib/ironboard/jasmine/jasmine.js:518:42)
	at execute (file:///Users/deniznida/.rvm/gems/ruby-2.2.0-preview1/gems/ironboard-0.0.5/lib/ironboard/jasmine/jasmine.js:306:28)
	at file:///Users/deniznida/.rvm/gems/ruby-2.2.0-preview1/gems/ironboard-0.0.5/lib/ironboard/jasmine/jasmine.js:1708:44
	at attemptAsync (file:///Users/deniznida/.rvm/gems/ruby-2.2.0-preview1/gems/ironboard-0.0.5/lib/ironboard/jasmine/jasmine.js:1520:16)
	at run (file:///Users/deniznida/.rvm/gems/ruby-2.2.0-preview1/gems/ironboard-0.0.5/lib/ironboard/jasmine/jasmine.js:1496:28)
	at execute (file:///Users/deniznida/.rvm/gems/ruby-2.2.0-preview1/gems/ironboard-0.0.5/lib/ironboard/jasmine/jasmine.js:1485:13)
	at queueRunnerFactory (file:///Users/deniznida/.rvm/gems/ruby-2.2.0-preview1/gems/ironboard-0.0.5/lib/ironboard/jasmine/jasmine.js:518:42)
	at execute (file:///Users/deniznida/.rvm/gems/ruby-2.2.0-preview1/gems/ironboard-0.0.5/lib/ironboard/jasmine/jasmine.js:1694:21)
	at file:///Users/deniznida/.rvm/gems/ruby-2.2.0-preview1/gems/ironboard-0.0.5/lib/ironboard/jasmine/jasmine.js:1708:44
	at attemptAsync (file:///Users/deniznida/.rvm/gems/ruby-2.2.0-preview1/gems/ironboard-0.0.5/lib/ironboard/jasmine/jasmine.js:1520:16)
	at run (file:///Users/deniznida/.rvm/gems/ruby-2.2.0-preview1/gems/ironboard-0.0.5/lib/ironboard/jasmine/jasmine.js:1496:28)
	at execute (file:///Users/deniznida/.rvm/gems/ruby-2.2.0-preview1/gems/ironboard-0.0.5/lib/ironboard/jasmine/jasmine.js:1485:13)
	at queueRunnerFactory (file:///Users/deniznida/.rvm/gems/ruby-2.2.0-preview1/gems/ironboard-0.0.5/lib/ironboard/jasmine/jasmine.js:518:42)
	at execute (file:///Users/deniznida/.rvm/gems/ruby-2.2.0-preview1/gems/ironboard-0.0.5/lib/ironboard/jasmine/jasmine.js:1694:21)
	at file:///Users/deniznida/.rvm/gems/ruby-2.2.0-preview1/gems/ironboard-0.0.5/lib/ironboard/jasmine/jasmine.js:541:83
	at attemptAsync (file:///Users/deniznida/.rvm/gems/ruby-2.2.0-preview1/gems/ironboard-0.0.5/lib/ironboard/jasmine/jasmine.js:1520:16)
	at run (file:///Users/deniznida/.rvm/gems/ruby-2.2.0-preview1/gems/ironboard-0.0.5/lib/ironboard/jasmine/jasmine.js:1496:28)
	at execute (file:///Users/deniznida/.rvm/gems/ruby-2.2.0-preview1/gems/ironboard-0.0.5/lib/ironboard/jasmine/jasmine.js:1485:13)
	at queueRunnerFactory (file:///Users/deniznida/.rvm/gems/ruby-2.2.0-preview1/gems/ironboard-0.0.5/lib/ironboard/jasmine/jasmine.js:518:42)
	at execute (file:///Users/deniznida/.rvm/gems/ruby-2.2.0-preview1/gems/ironboard-0.0.5/lib/ironboard/jasmine/jasmine.js:548:25)
	at onload (file:///Users/deniznida/.rvm/gems/ruby-2.2.0-preview1/gems/ironboard-0.0.5/lib/ironboard/jasmine/boot.js:172:16)			</failure>
		</testcase>
		<testcase classname="Spaceship" name="should have the correct number of phasers (5)" time="0">
			<failure type="" message="ReferenceError: Can&amp;apos;t find variable: Spaceship in file:///Users/deniznida/Documents/FIS/space-invaders-ruby-007/spec/space-invaders-spec.js (line 29)">
	at file:///Users/deniznida/Documents/FIS/space-invaders-ruby-007/spec/space-invaders-spec.js:29:30
	at attemptSync (file:///Users/deniznida/.rvm/gems/ruby-2.2.0-preview1/gems/ironboard-0.0.5/lib/ironboard/jasmine/jasmine.js:1510:16)
	at run (file:///Users/deniznida/.rvm/gems/ruby-2.2.0-preview1/gems/ironboard-0.0.5/lib/ironboard/jasmine/jasmine.js:1498:20)
	at execute (file:///Users/deniznida/.rvm/gems/ruby-2.2.0-preview1/gems/ironboard-0.0.5/lib/ironboard/jasmine/jasmine.js:1485:13)
	at queueRunnerFactory (file:///Users/deniznida/.rvm/gems/ruby-2.2.0-preview1/gems/ironboard-0.0.5/lib/ironboard/jasmine/jasmine.js:518:42)
	at execute (file:///Users/deniznida/.rvm/gems/ruby-2.2.0-preview1/gems/ironboard-0.0.5/lib/ironboard/jasmine/jasmine.js:306:28)
	at file:///Users/deniznida/.rvm/gems/ruby-2.2.0-preview1/gems/ironboard-0.0.5/lib/ironboard/jasmine/jasmine.js:1708:44
	at attemptAsync (file:///Users/deniznida/.rvm/gems/ruby-2.2.0-preview1/gems/ironboard-0.0.5/lib/ironboard/jasmine/jasmine.js:1520:16)
	at run (file:///Users/deniznida/.rvm/gems/ruby-2.2.0-preview1/gems/ironboard-0.0.5/lib/ironboard/jasmine/jasmine.js:1496:28)
	at next (file:///Users/deniznida/.rvm/gems/ruby-2.2.0-preview1/gems/ironboard-0.0.5/lib/ironboard/jasmine/jasmine.js:1517:40)
	at complete (file:///Users/deniznida/.rvm/gems/ruby-2.2.0-preview1/gems/ironboard-0.0.5/lib/ironboard/jasmine/jasmine.js:333:19)
	at clearStack (file:///Users/deniznida/.rvm/gems/ruby-2.2.0-preview1/gems/ironboard-0.0.5/lib/ironboard/jasmine/jasmine.js:506:11)
	at run (file:///Users/deniznida/.rvm/gems/ruby-2.2.0-preview1/gems/ironboard-0.0.5/lib/ironboard/jasmine/jasmine.js:1505:22)
	at execute (file:///Users/deniznida/.rvm/gems/ruby-2.2.0-preview1/gems/ironboard-0.0.5/lib/ironboard/jasmine/jasmine.js:1485:13)
	at queueRunnerFactory (file:///Users/deniznida/.rvm/gems/ruby-2.2.0-preview1/gems/ironboard-0.0.5/lib/ironboard/jasmine/jasmine.js:518:42)
	at execute (file:///Users/deniznida/.rvm/gems/ruby-2.2.0-preview1/gems/ironboard-0.0.5/lib/ironboard/jasmine/jasmine.js:306:28)
	at file:///Users/deniznida/.rvm/gems/ruby-2.2.0-preview1/gems/ironboard-0.0.5/lib/ironboard/jasmine/jasmine.js:1708:44
	at attemptAsync (file:///Users/deniznida/.rvm/gems/ruby-2.2.0-preview1/gems/ironboard-0.0.5/lib/ironboard/jasmine/jasmine.js:1520:16)
	at run (file:///Users/deniznida/.rvm/gems/ruby-2.2.0-preview1/gems/ironboard-0.0.5/lib/ironboard/jasmine/jasmine.js:1496:28)
	at execute (file:///Users/deniznida/.rvm/gems/ruby-2.2.0-preview1/gems/ironboard-0.0.5/lib/ironboard/jasmine/jasmine.js:1485:13)
	at queueRunnerFactory (file:///Users/deniznida/.rvm/gems/ruby-2.2.0-preview1/gems/ironboard-0.0.5/lib/ironboard/jasmine/jasmine.js:518:42)
	at execute (file:///Users/deniznida/.rvm/gems/ruby-2.2.0-preview1/gems/ironboard-0.0.5/lib/ironboard/jasmine/jasmine.js:1694:21)
	at file:///Users/deniznida/.rvm/gems/ruby-2.2.0-preview1/gems/ironboard-0.0.5/lib/ironboard/jasmine/jasmine.js:1708:44
	at attemptAsync (file:///Users/deniznida/.rvm/gems/ruby-2.2.0-preview1/gems/ironboard-0.0.5/lib/ironboard/jasmine/jasmine.js:1520:16)
	at run (file:///Users/deniznida/.rvm/gems/ruby-2.2.0-preview1/gems/ironboard-0.0.5/lib/ironboard/jasmine/jasmine.js:1496:28)
	at next (file:///Users/deniznida/.rvm/gems/ruby-2.2.0-preview1/gems/ironboard-0.0.5/lib/ironboard/jasmine/jasmine.js:1517:40)
	at complete (file:///Users/deniznida/.rvm/gems/ruby-2.2.0-preview1/gems/ironboard-0.0.5/lib/ironboard/jasmine/jasmine.js:1703:19)
	at clearStack (file:///Users/deniznida/.rvm/gems/ruby-2.2.0-preview1/gems/ironboard-0.0.5/lib/ironboard/jasmine/jasmine.js:506:11)
	at run (file:///Users/deniznida/.rvm/gems/ruby-2.2.0-preview1/gems/ironboard-0.0.5/lib/ironboard/jasmine/jasmine.js:1505:22)
	at next (file:///Users/deniznida/.rvm/gems/ruby-2.2.0-preview1/gems/ironboard-0.0.5/lib/ironboard/jasmine/jasmine.js:1517:40)
	at complete (file:///Users/deniznida/.rvm/gems/ruby-2.2.0-preview1/gems/ironboard-0.0.5/lib/ironboard/jasmine/jasmine.js:333:19)
	at clearStack (file:///Users/deniznida/.rvm/gems/ruby-2.2.0-preview1/gems/ironboard-0.0.5/lib/ironboard/jasmine/jasmine.js:506:11)
	at run (file:///Users/deniznida/.rvm/gems/ruby-2.2.0-preview1/gems/ironboard-0.0.5/lib/ironboard/jasmine/jasmine.js:1505:22)
	at execute (file:///Users/deniznida/.rvm/gems/ruby-2.2.0-preview1/gems/ironboard-0.0.5/lib/ironboard/jasmine/jasmine.js:1485:13)
	at queueRunnerFactory (file:///Users/deniznida/.rvm/gems/ruby-2.2.0-preview1/gems/ironboard-0.0.5/lib/ironboard/jasmine/jasmine.js:518:42)
	at execute (file:///Users/deniznida/.rvm/gems/ruby-2.2.0-preview1/gems/ironboard-0.0.5/lib/ironboard/jasmine/jasmine.js:306:28)
	at file:///Users/deniznida/.rvm/gems/ruby-2.2.0-preview1/gems/ironboard-0.0.5/lib/ironboard/jasmine/jasmine.js:1708:44
	at attemptAsync (file:///Users/deniznida/.rvm/gems/ruby-2.2.0-preview1/gems/ironboard-0.0.5/lib/ironboard/jasmine/jasmine.js:1520:16)
	at run (file:///Users/deniznida/.rvm/gems/ruby-2.2.0-preview1/gems/ironboard-0.0.5/lib/ironboard/jasmine/jasmine.js:1496:28)
	at next (file:///Users/deniznida/.rvm/gems/ruby-2.2.0-preview1/gems/ironboard-0.0.5/lib/ironboard/jasmine/jasmine.js:1517:40)
	at complete (file:///Users/deniznida/.rvm/gems/ruby-2.2.0-preview1/gems/ironboard-0.0.5/lib/ironboard/jasmine/jasmine.js:333:19)
	at clearStack (file:///Users/deniznida/.rvm/gems/ruby-2.2.0-preview1/gems/ironboard-0.0.5/lib/ironboard/jasmine/jasmine.js:506:11)
	at run (file:///Users/deniznida/.rvm/gems/ruby-2.2.0-preview1/gems/ironboard-0.0.5/lib/ironboard/jasmine/jasmine.js:1505:22)
	at execute (file:///Users/deniznida/.rvm/gems/ruby-2.2.0-preview1/gems/ironboard-0.0.5/lib/ironboard/jasmine/jasmine.js:1485:13)
	at queueRunnerFactory (file:///Users/deniznida/.rvm/gems/ruby-2.2.0-preview1/gems/ironboard-0.0.5/lib/ironboard/jasmine/jasmine.js:518:42)
	at execute (file:///Users/deniznida/.rvm/gems/ruby-2.2.0-preview1/gems/ironboard-0.0.5/lib/ironboard/jasmine/jasmine.js:306:28)
	at file:///Users/deniznida/.rvm/gems/ruby-2.2.0-preview1/gems/ironboard-0.0.5/lib/ironboard/jasmine/jasmine.js:1708:44
	at attemptAsync (file:///Users/deniznida/.rvm/gems/ruby-2.2.0-preview1/gems/ironboard-0.0.5/lib/ironboard/jasmine/jasmine.js:1520:16)
	at run (file:///Users/deniznida/.rvm/gems/ruby-2.2.0-preview1/gems/ironboard-0.0.5/lib/ironboard/jasmine/jasmine.js:1496:28)
	at next (file:///Users/deniznida/.rvm/gems/ruby-2.2.0-preview1/gems/ironboard-0.0.5/lib/ironboard/jasmine/jasmine.js:1517:40)
	at complete (file:///Users/deniznida/.rvm/gems/ruby-2.2.0-preview1/gems/ironboard-0.0.5/lib/ironboard/jasmine/jasmine.js:333:19)
	at clearStack (file:///Users/deniznida/.rvm/gems/ruby-2.2.0-preview1/gems/ironboard-0.0.5/lib/ironboard/jasmine/jasmine.js:506:11)
	at run (file:///Users/deniznida/.rvm/gems/ruby-2.2.0-preview1/gems/ironboard-0.0.5/lib/ironboard/jasmine/jasmine.js:1505:22)
	at execute (file:///Users/deniznida/.rvm/gems/ruby-2.2.0-preview1/gems/ironboard-0.0.5/lib/ironboard/jasmine/jasmine.js:1485:13)
	at queueRunnerFactory (file:///Users/deniznida/.rvm/gems/ruby-2.2.0-preview1/gems/ironboard-0.0.5/lib/ironboard/jasmine/jasmine.js:518:42)
	at execute (file:///Users/deniznida/.rvm/gems/ruby-2.2.0-preview1/gems/ironboard-0.0.5/lib/ironboard/jasmine/jasmine.js:306:28)
	at file:///Users/deniznida/.rvm/gems/ruby-2.2.0-preview1/gems/ironboard-0.0.5/lib/ironboard/jasmine/jasmine.js:1708:44
	at attemptAsync (file:///Users/deniznida/.rvm/gems/ruby-2.2.0-preview1/gems/ironboard-0.0.5/lib/ironboard/jasmine/jasmine.js:1520:16)
	at run (file:///Users/deniznida/.rvm/gems/ruby-2.2.0-preview1/gems/ironboard-0.0.5/lib/ironboard/jasmine/jasmine.js:1496:28)
	at execute (file:///Users/deniznida/.rvm/gems/ruby-2.2.0-preview1/gems/ironboard-0.0.5/lib/ironboard/jasmine/jasmine.js:1485:13)
	at queueRunnerFactory (file:///Users/deniznida/.rvm/gems/ruby-2.2.0-preview1/gems/ironboard-0.0.5/lib/ironboard/jasmine/jasmine.js:518:42)
	at execute (file:///Users/deniznida/.rvm/gems/ruby-2.2.0-preview1/gems/ironboard-0.0.5/lib/ironboard/jasmine/jasmine.js:1694:21)
	at file:///Users/deniznida/.rvm/gems/ruby-2.2.0-preview1/gems/ironboard-0.0.5/lib/ironboard/jasmine/jasmine.js:1708:44
	at attemptAsync (file:///Users/deniznida/.rvm/gems/ruby-2.2.0-preview1/gems/ironboard-0.0.5/lib/ironboard/jasmine/jasmine.js:1520:16)
	at run (file:///Users/deniznida/.rvm/gems/ruby-2.2.0-preview1/gems/ironboard-0.0.5/lib/ironboard/jasmine/jasmine.js:1496:28)
	at execute (file:///Users/deniznida/.rvm/gems/ruby-2.2.0-preview1/gems/ironboard-0.0.5/lib/ironboard/jasmine/jasmine.js:1485:13)
	at queueRunnerFactory (file:///Users/deniznida/.rvm/gems/ruby-2.2.0-preview1/gems/ironboard-0.0.5/lib/ironboard/jasmine/jasmine.js:518:42)
	at execute (file:///Users/deniznida/.rvm/gems/ruby-2.2.0-preview1/gems/ironboard-0.0.5/lib/ironboard/jasmine/jasmine.js:1694:21)
	at file:///Users/deniznida/.rvm/gems/ruby-2.2.0-preview1/gems/ironboard-0.0.5/lib/ironboard/jasmine/jasmine.js:541:83
	at attemptAsync (file:///Users/deniznida/.rvm/gems/ruby-2.2.0-preview1/gems/ironboard-0.0.5/lib/ironboard/jasmine/jasmine.js:1520:16)
	at run (file:///Users/deniznida/.rvm/gems/ruby-2.2.0-preview1/gems/ironboard-0.0.5/lib/ironboard/jasmine/jasmine.js:1496:28)
	at execute (file:///Users/deniznida/.rvm/gems/ruby-2.2.0-preview1/gems/ironboard-0.0.5/lib/ironboard/jasmine/jasmine.js:1485:13)
	at queueRunnerFactory (file:///Users/deniznida/.rvm/gems/ruby-2.2.0-preview1/gems/ironboard-0.0.5/lib/ironboard/jasmine/jasmine.js:518:42)
	at execute (file:///Users/deniznida/.rvm/gems/ruby-2.2.0-preview1/gems/ironboard-0.0.5/lib/ironboard/jasmine/jasmine.js:548:25)
	at onload (file:///Users/deniznida/.rvm/gems/ruby-2.2.0-preview1/gems/ironboard-0.0.5/lib/ironboard/jasmine/boot.js:172:16)			</failure>
			<failure type="" message="TypeError: undefined is not an object (evaluating &amp;apos;spaceship.phasers&amp;apos;) in file:///Users/deniznida/Documents/FIS/space-invaders-ruby-007/spec/space-invaders-spec.js (line 37)">
	at file:///Users/deniznida/Documents/FIS/space-invaders-ruby-007/spec/space-invaders-spec.js:37:21
	at attemptSync (file:///Users/deniznida/.rvm/gems/ruby-2.2.0-preview1/gems/ironboard-0.0.5/lib/ironboard/jasmine/jasmine.js:1510:16)
	at run (file:///Users/deniznida/.rvm/gems/ruby-2.2.0-preview1/gems/ironboard-0.0.5/lib/ironboard/jasmine/jasmine.js:1498:20)
	at execute (file:///Users/deniznida/.rvm/gems/ruby-2.2.0-preview1/gems/ironboard-0.0.5/lib/ironboard/jasmine/jasmine.js:1485:13)
	at queueRunnerFactory (file:///Users/deniznida/.rvm/gems/ruby-2.2.0-preview1/gems/ironboard-0.0.5/lib/ironboard/jasmine/jasmine.js:518:42)
	at execute (file:///Users/deniznida/.rvm/gems/ruby-2.2.0-preview1/gems/ironboard-0.0.5/lib/ironboard/jasmine/jasmine.js:306:28)
	at file:///Users/deniznida/.rvm/gems/ruby-2.2.0-preview1/gems/ironboard-0.0.5/lib/ironboard/jasmine/jasmine.js:1708:44
	at attemptAsync (file:///Users/deniznida/.rvm/gems/ruby-2.2.0-preview1/gems/ironboard-0.0.5/lib/ironboard/jasmine/jasmine.js:1520:16)
	at run (file:///Users/deniznida/.rvm/gems/ruby-2.2.0-preview1/gems/ironboard-0.0.5/lib/ironboard/jasmine/jasmine.js:1496:28)
	at next (file:///Users/deniznida/.rvm/gems/ruby-2.2.0-preview1/gems/ironboard-0.0.5/lib/ironboard/jasmine/jasmine.js:1517:40)
	at complete (file:///Users/deniznida/.rvm/gems/ruby-2.2.0-preview1/gems/ironboard-0.0.5/lib/ironboard/jasmine/jasmine.js:333:19)
	at clearStack (file:///Users/deniznida/.rvm/gems/ruby-2.2.0-preview1/gems/ironboard-0.0.5/lib/ironboard/jasmine/jasmine.js:506:11)
	at run (file:///Users/deniznida/.rvm/gems/ruby-2.2.0-preview1/gems/ironboard-0.0.5/lib/ironboard/jasmine/jasmine.js:1505:22)
	at execute (file:///Users/deniznida/.rvm/gems/ruby-2.2.0-preview1/gems/ironboard-0.0.5/lib/ironboard/jasmine/jasmine.js:1485:13)
	at queueRunnerFactory (file:///Users/deniznida/.rvm/gems/ruby-2.2.0-preview1/gems/ironboard-0.0.5/lib/ironboard/jasmine/jasmine.js:518:42)
	at execute (file:///Users/deniznida/.rvm/gems/ruby-2.2.0-preview1/gems/ironboard-0.0.5/lib/ironboard/jasmine/jasmine.js:306:28)
	at file:///Users/deniznida/.rvm/gems/ruby-2.2.0-preview1/gems/ironboard-0.0.5/lib/ironboard/jasmine/jasmine.js:1708:44
	at attemptAsync (file:///Users/deniznida/.rvm/gems/ruby-2.2.0-preview1/gems/ironboard-0.0.5/lib/ironboard/jasmine/jasmine.js:1520:16)
	at run (file:///Users/deniznida/.rvm/gems/ruby-2.2.0-preview1/gems/ironboard-0.0.5/lib/ironboard/jasmine/jasmine.js:1496:28)
	at execute (file:///Users/deniznida/.rvm/gems/ruby-2.2.0-preview1/gems/ironboard-0.0.5/lib/ironboard/jasmine/jasmine.js:1485:13)
	at queueRunnerFactory (file:///Users/deniznida/.rvm/gems/ruby-2.2.0-preview1/gems/ironboard-0.0.5/lib/ironboard/jasmine/jasmine.js:518:42)
	at execute (file:///Users/deniznida/.rvm/gems/ruby-2.2.0-preview1/gems/ironboard-0.0.5/lib/ironboard/jasmine/jasmine.js:1694:21)
	at file:///Users/deniznida/.rvm/gems/ruby-2.2.0-preview1/gems/ironboard-0.0.5/lib/ironboard/jasmine/jasmine.js:1708:44
	at attemptAsync (file:///Users/deniznida/.rvm/gems/ruby-2.2.0-preview1/gems/ironboard-0.0.5/lib/ironboard/jasmine/jasmine.js:1520:16)
	at run (file:///Users/deniznida/.rvm/gems/ruby-2.2.0-preview1/gems/ironboard-0.0.5/lib/ironboard/jasmine/jasmine.js:1496:28)
	at next (file:///Users/deniznida/.rvm/gems/ruby-2.2.0-preview1/gems/ironboard-0.0.5/lib/ironboard/jasmine/jasmine.js:1517:40)
	at complete (file:///Users/deniznida/.rvm/gems/ruby-2.2.0-preview1/gems/ironboard-0.0.5/lib/ironboard/jasmine/jasmine.js:1703:19)
	at clearStack (file:///Users/deniznida/.rvm/gems/ruby-2.2.0-preview1/gems/ironboard-0.0.5/lib/ironboard/jasmine/jasmine.js:506:11)
	at run (file:///Users/deniznida/.rvm/gems/ruby-2.2.0-preview1/gems/ironboard-0.0.5/lib/ironboard/jasmine/jasmine.js:1505:22)
	at next (file:///Users/deniznida/.rvm/gems/ruby-2.2.0-preview1/gems/ironboard-0.0.5/lib/ironboard/jasmine/jasmine.js:1517:40)
	at complete (file:///Users/deniznida/.rvm/gems/ruby-2.2.0-preview1/gems/ironboard-0.0.5/lib/ironboard/jasmine/jasmine.js:333:19)
	at clearStack (file:///Users/deniznida/.rvm/gems/ruby-2.2.0-preview1/gems/ironboard-0.0.5/lib/ironboard/jasmine/jasmine.js:506:11)
	at run (file:///Users/deniznida/.rvm/gems/ruby-2.2.0-preview1/gems/ironboard-0.0.5/lib/ironboard/jasmine/jasmine.js:1505:22)
	at execute (file:///Users/deniznida/.rvm/gems/ruby-2.2.0-preview1/gems/ironboard-0.0.5/lib/ironboard/jasmine/jasmine.js:1485:13)
	at queueRunnerFactory (file:///Users/deniznida/.rvm/gems/ruby-2.2.0-preview1/gems/ironboard-0.0.5/lib/ironboard/jasmine/jasmine.js:518:42)
	at execute (file:///Users/deniznida/.rvm/gems/ruby-2.2.0-preview1/gems/ironboard-0.0.5/lib/ironboard/jasmine/jasmine.js:306:28)
	at file:///Users/deniznida/.rvm/gems/ruby-2.2.0-preview1/gems/ironboard-0.0.5/lib/ironboard/jasmine/jasmine.js:1708:44
	at attemptAsync (file:///Users/deniznida/.rvm/gems/ruby-2.2.0-preview1/gems/ironboard-0.0.5/lib/ironboard/jasmine/jasmine.js:1520:16)
	at run (file:///Users/deniznida/.rvm/gems/ruby-2.2.0-preview1/gems/ironboard-0.0.5/lib/ironboard/jasmine/jasmine.js:1496:28)
	at next (file:///Users/deniznida/.rvm/gems/ruby-2.2.0-preview1/gems/ironboard-0.0.5/lib/ironboard/jasmine/jasmine.js:1517:40)
	at complete (file:///Users/deniznida/.rvm/gems/ruby-2.2.0-preview1/gems/ironboard-0.0.5/lib/ironboard/jasmine/jasmine.js:333:19)
	at clearStack (file:///Users/deniznida/.rvm/gems/ruby-2.2.0-preview1/gems/ironboard-0.0.5/lib/ironboard/jasmine/jasmine.js:506:11)
	at run (file:///Users/deniznida/.rvm/gems/ruby-2.2.0-preview1/gems/ironboard-0.0.5/lib/ironboard/jasmine/jasmine.js:1505:22)
	at execute (file:///Users/deniznida/.rvm/gems/ruby-2.2.0-preview1/gems/ironboard-0.0.5/lib/ironboard/jasmine/jasmine.js:1485:13)
	at queueRunnerFactory (file:///Users/deniznida/.rvm/gems/ruby-2.2.0-preview1/gems/ironboard-0.0.5/lib/ironboard/jasmine/jasmine.js:518:42)
	at execute (file:///Users/deniznida/.rvm/gems/ruby-2.2.0-preview1/gems/ironboard-0.0.5/lib/ironboard/jasmine/jasmine.js:306:28)
	at file:///Users/deniznida/.rvm/gems/ruby-2.2.0-preview1/gems/ironboard-0.0.5/lib/ironboard/jasmine/jasmine.js:1708:44
	at attemptAsync (file:///Users/deniznida/.rvm/gems/ruby-2.2.0-preview1/gems/ironboard-0.0.5/lib/ironboard/jasmine/jasmine.js:1520:16)
	at run (file:///Users/deniznida/.rvm/gems/ruby-2.2.0-preview1/gems/ironboard-0.0.5/lib/ironboard/jasmine/jasmine.js:1496:28)
	at next (file:///Users/deniznida/.rvm/gems/ruby-2.2.0-preview1/gems/ironboard-0.0.5/lib/ironboard/jasmine/jasmine.js:1517:40)
	at complete (file:///Users/deniznida/.rvm/gems/ruby-2.2.0-preview1/gems/ironboard-0.0.5/lib/ironboard/jasmine/jasmine.js:333:19)
	at clearStack (file:///Users/deniznida/.rvm/gems/ruby-2.2.0-preview1/gems/ironboard-0.0.5/lib/ironboard/jasmine/jasmine.js:506:11)
	at run (file:///Users/deniznida/.rvm/gems/ruby-2.2.0-preview1/gems/ironboard-0.0.5/lib/ironboard/jasmine/jasmine.js:1505:22)
	at execute (file:///Users/deniznida/.rvm/gems/ruby-2.2.0-preview1/gems/ironboard-0.0.5/lib/ironboard/jasmine/jasmine.js:1485:13)
	at queueRunnerFactory (file:///Users/deniznida/.rvm/gems/ruby-2.2.0-preview1/gems/ironboard-0.0.5/lib/ironboard/jasmine/jasmine.js:518:42)
	at execute (file:///Users/deniznida/.rvm/gems/ruby-2.2.0-preview1/gems/ironboard-0.0.5/lib/ironboard/jasmine/jasmine.js:306:28)
	at file:///Users/deniznida/.rvm/gems/ruby-2.2.0-preview1/gems/ironboard-0.0.5/lib/ironboard/jasmine/jasmine.js:1708:44
	at attemptAsync (file:///Users/deniznida/.rvm/gems/ruby-2.2.0-preview1/gems/ironboard-0.0.5/lib/ironboard/jasmine/jasmine.js:1520:16)
	at run (file:///Users/deniznida/.rvm/gems/ruby-2.2.0-preview1/gems/ironboard-0.0.5/lib/ironboard/jasmine/jasmine.js:1496:28)
	at execute (file:///Users/deniznida/.rvm/gems/ruby-2.2.0-preview1/gems/ironboard-0.0.5/lib/ironboard/jasmine/jasmine.js:1485:13)
	at queueRunnerFactory (file:///Users/deniznida/.rvm/gems/ruby-2.2.0-preview1/gems/ironboard-0.0.5/lib/ironboard/jasmine/jasmine.js:518:42)
	at execute (file:///Users/deniznida/.rvm/gems/ruby-2.2.0-preview1/gems/ironboard-0.0.5/lib/ironboard/jasmine/jasmine.js:1694:21)
	at file:///Users/deniznida/.rvm/gems/ruby-2.2.0-preview1/gems/ironboard-0.0.5/lib/ironboard/jasmine/jasmine.js:1708:44
	at attemptAsync (file:///Users/deniznida/.rvm/gems/ruby-2.2.0-preview1/gems/ironboard-0.0.5/lib/ironboard/jasmine/jasmine.js:1520:16)
	at run (file:///Users/deniznida/.rvm/gems/ruby-2.2.0-preview1/gems/ironboard-0.0.5/lib/ironboard/jasmine/jasmine.js:1496:28)
	at execute (file:///Users/deniznida/.rvm/gems/ruby-2.2.0-preview1/gems/ironboard-0.0.5/lib/ironboard/jasmine/jasmine.js:1485:13)
	at queueRunnerFactory (file:///Users/deniznida/.rvm/gems/ruby-2.2.0-preview1/gems/ironboard-0.0.5/lib/ironboard/jasmine/jasmine.js:518:42)
	at execute (file:///Users/deniznida/.rvm/gems/ruby-2.2.0-preview1/gems/ironboard-0.0.5/lib/ironboard/jasmine/jasmine.js:1694:21)
	at file:///Users/deniznida/.rvm/gems/ruby-2.2.0-preview1/gems/ironboard-0.0.5/lib/ironboard/jasmine/jasmine.js:541:83
	at attemptAsync (file:///Users/deniznida/.rvm/gems/ruby-2.2.0-preview1/gems/ironboard-0.0.5/lib/ironboard/jasmine/jasmine.js:1520:16)
	at run (file:///Users/deniznida/.rvm/gems/ruby-2.2.0-preview1/gems/ironboard-0.0.5/lib/ironboard/jasmine/jasmine.js:1496:28)
	at execute (file:///Users/deniznida/.rvm/gems/ruby-2.2.0-preview1/gems/ironboard-0.0.5/lib/ironboard/jasmine/jasmine.js:1485:13)
	at queueRunnerFactory (file:///Users/deniznida/.rvm/gems/ruby-2.2.0-preview1/gems/ironboard-0.0.5/lib/ironboard/jasmine/jasmine.js:518:42)
	at execute (file:///Users/deniznida/.rvm/gems/ruby-2.2.0-preview1/gems/ironboard-0.0.5/lib/ironboard/jasmine/jasmine.js:548:25)
	at onload (file:///Users/deniznida/.rvm/gems/ruby-2.2.0-preview1/gems/ironboard-0.0.5/lib/ironboard/jasmine/boot.js:172:16)			</failure>
		</testcase>
		<testcase classname="Spaceship" name="should have the correct layer of shields (4)" time="0.001">
			<failure type="" message="ReferenceError: Can&amp;apos;t find variable: Spaceship in file:///Users/deniznida/Documents/FIS/space-invaders-ruby-007/spec/space-invaders-spec.js (line 29)">
	at file:///Users/deniznida/Documents/FIS/space-invaders-ruby-007/spec/space-invaders-spec.js:29:30
	at attemptSync (file:///Users/deniznida/.rvm/gems/ruby-2.2.0-preview1/gems/ironboard-0.0.5/lib/ironboard/jasmine/jasmine.js:1510:16)
	at run (file:///Users/deniznida/.rvm/gems/ruby-2.2.0-preview1/gems/ironboard-0.0.5/lib/ironboard/jasmine/jasmine.js:1498:20)
	at execute (file:///Users/deniznida/.rvm/gems/ruby-2.2.0-preview1/gems/ironboard-0.0.5/lib/ironboard/jasmine/jasmine.js:1485:13)
	at queueRunnerFactory (file:///Users/deniznida/.rvm/gems/ruby-2.2.0-preview1/gems/ironboard-0.0.5/lib/ironboard/jasmine/jasmine.js:518:42)
	at execute (file:///Users/deniznida/.rvm/gems/ruby-2.2.0-preview1/gems/ironboard-0.0.5/lib/ironboard/jasmine/jasmine.js:306:28)
	at file:///Users/deniznida/.rvm/gems/ruby-2.2.0-preview1/gems/ironboard-0.0.5/lib/ironboard/jasmine/jasmine.js:1708:44
	at attemptAsync (file:///Users/deniznida/.rvm/gems/ruby-2.2.0-preview1/gems/ironboard-0.0.5/lib/ironboard/jasmine/jasmine.js:1520:16)
	at run (file:///Users/deniznida/.rvm/gems/ruby-2.2.0-preview1/gems/ironboard-0.0.5/lib/ironboard/jasmine/jasmine.js:1496:28)
	at next (file:///Users/deniznida/.rvm/gems/ruby-2.2.0-preview1/gems/ironboard-0.0.5/lib/ironboard/jasmine/jasmine.js:1517:40)
	at complete (file:///Users/deniznida/.rvm/gems/ruby-2.2.0-preview1/gems/ironboard-0.0.5/lib/ironboard/jasmine/jasmine.js:333:19)
	at clearStack (file:///Users/deniznida/.rvm/gems/ruby-2.2.0-preview1/gems/ironboard-0.0.5/lib/ironboard/jasmine/jasmine.js:506:11)
	at run (file:///Users/deniznida/.rvm/gems/ruby-2.2.0-preview1/gems/ironboard-0.0.5/lib/ironboard/jasmine/jasmine.js:1505:22)
	at execute (file:///Users/deniznida/.rvm/gems/ruby-2.2.0-preview1/gems/ironboard-0.0.5/lib/ironboard/jasmine/jasmine.js:1485:13)
	at queueRunnerFactory (file:///Users/deniznida/.rvm/gems/ruby-2.2.0-preview1/gems/ironboard-0.0.5/lib/ironboard/jasmine/jasmine.js:518:42)
	at execute (file:///Users/deniznida/.rvm/gems/ruby-2.2.0-preview1/gems/ironboard-0.0.5/lib/ironboard/jasmine/jasmine.js:306:28)
	at file:///Users/deniznida/.rvm/gems/ruby-2.2.0-preview1/gems/ironboard-0.0.5/lib/ironboard/jasmine/jasmine.js:1708:44
	at attemptAsync (file:///Users/deniznida/.rvm/gems/ruby-2.2.0-preview1/gems/ironboard-0.0.5/lib/ironboard/jasmine/jasmine.js:1520:16)
	at run (file:///Users/deniznida/.rvm/gems/ruby-2.2.0-preview1/gems/ironboard-0.0.5/lib/ironboard/jasmine/jasmine.js:1496:28)
	at next (file:///Users/deniznida/.rvm/gems/ruby-2.2.0-preview1/gems/ironboard-0.0.5/lib/ironboard/jasmine/jasmine.js:1517:40)
	at complete (file:///Users/deniznida/.rvm/gems/ruby-2.2.0-preview1/gems/ironboard-0.0.5/lib/ironboard/jasmine/jasmine.js:333:19)
	at clearStack (file:///Users/deniznida/.rvm/gems/ruby-2.2.0-preview1/gems/ironboard-0.0.5/lib/ironboard/jasmine/jasmine.js:506:11)
	at run (file:///Users/deniznida/.rvm/gems/ruby-2.2.0-preview1/gems/ironboard-0.0.5/lib/ironboard/jasmine/jasmine.js:1505:22)
	at execute (file:///Users/deniznida/.rvm/gems/ruby-2.2.0-preview1/gems/ironboard-0.0.5/lib/ironboard/jasmine/jasmine.js:1485:13)
	at queueRunnerFactory (file:///Users/deniznida/.rvm/gems/ruby-2.2.0-preview1/gems/ironboard-0.0.5/lib/ironboard/jasmine/jasmine.js:518:42)
	at execute (file:///Users/deniznida/.rvm/gems/ruby-2.2.0-preview1/gems/ironboard-0.0.5/lib/ironboard/jasmine/jasmine.js:306:28)
	at file:///Users/deniznida/.rvm/gems/ruby-2.2.0-preview1/gems/ironboard-0.0.5/lib/ironboard/jasmine/jasmine.js:1708:44
	at attemptAsync (file:///Users/deniznida/.rvm/gems/ruby-2.2.0-preview1/gems/ironboard-0.0.5/lib/ironboard/jasmine/jasmine.js:1520:16)
	at run (file:///Users/deniznida/.rvm/gems/ruby-2.2.0-preview1/gems/ironboard-0.0.5/lib/ironboard/jasmine/jasmine.js:1496:28)
	at execute (file:///Users/deniznida/.rvm/gems/ruby-2.2.0-preview1/gems/ironboard-0.0.5/lib/ironboard/jasmine/jasmine.js:1485:13)
	at queueRunnerFactory (file:///Users/deniznida/.rvm/gems/ruby-2.2.0-preview1/gems/ironboard-0.0.5/lib/ironboard/jasmine/jasmine.js:518:42)
	at execute (file:///Users/deniznida/.rvm/gems/ruby-2.2.0-preview1/gems/ironboard-0.0.5/lib/ironboard/jasmine/jasmine.js:1694:21)
	at file:///Users/deniznida/.rvm/gems/ruby-2.2.0-preview1/gems/ironboard-0.0.5/lib/ironboard/jasmine/jasmine.js:1708:44
	at attemptAsync (file:///Users/deniznida/.rvm/gems/ruby-2.2.0-preview1/gems/ironboard-0.0.5/lib/ironboard/jasmine/jasmine.js:1520:16)
	at run (file:///Users/deniznida/.rvm/gems/ruby-2.2.0-preview1/gems/ironboard-0.0.5/lib/ironboard/jasmine/jasmine.js:1496:28)
	at next (file:///Users/deniznida/.rvm/gems/ruby-2.2.0-preview1/gems/ironboard-0.0.5/lib/ironboard/jasmine/jasmine.js:1517:40)
	at complete (file:///Users/deniznida/.rvm/gems/ruby-2.2.0-preview1/gems/ironboard-0.0.5/lib/ironboard/jasmine/jasmine.js:1703:19)
	at clearStack (file:///Users/deniznida/.rvm/gems/ruby-2.2.0-preview1/gems/ironboard-0.0.5/lib/ironboard/jasmine/jasmine.js:506:11)
	at run (file:///Users/deniznida/.rvm/gems/ruby-2.2.0-preview1/gems/ironboard-0.0.5/lib/ironboard/jasmine/jasmine.js:1505:22)
	at next (file:///Users/deniznida/.rvm/gems/ruby-2.2.0-preview1/gems/ironboard-0.0.5/lib/ironboard/jasmine/jasmine.js:1517:40)
	at complete (file:///Users/deniznida/.rvm/gems/ruby-2.2.0-preview1/gems/ironboard-0.0.5/lib/ironboard/jasmine/jasmine.js:333:19)
	at clearStack (file:///Users/deniznida/.rvm/gems/ruby-2.2.0-preview1/gems/ironboard-0.0.5/lib/ironboard/jasmine/jasmine.js:506:11)
	at run (file:///Users/deniznida/.rvm/gems/ruby-2.2.0-preview1/gems/ironboard-0.0.5/lib/ironboard/jasmine/jasmine.js:1505:22)
	at execute (file:///Users/deniznida/.rvm/gems/ruby-2.2.0-preview1/gems/ironboard-0.0.5/lib/ironboard/jasmine/jasmine.js:1485:13)
	at queueRunnerFactory (file:///Users/deniznida/.rvm/gems/ruby-2.2.0-preview1/gems/ironboard-0.0.5/lib/ironboard/jasmine/jasmine.js:518:42)
	at execute (file:///Users/deniznida/.rvm/gems/ruby-2.2.0-preview1/gems/ironboard-0.0.5/lib/ironboard/jasmine/jasmine.js:306:28)
	at file:///Users/deniznida/.rvm/gems/ruby-2.2.0-preview1/gems/ironboard-0.0.5/lib/ironboard/jasmine/jasmine.js:1708:44
	at attemptAsync (file:///Users/deniznida/.rvm/gems/ruby-2.2.0-preview1/gems/ironboard-0.0.5/lib/ironboard/jasmine/jasmine.js:1520:16)
	at run (file:///Users/deniznida/.rvm/gems/ruby-2.2.0-preview1/gems/ironboard-0.0.5/lib/ironboard/jasmine/jasmine.js:1496:28)
	at next (file:///Users/deniznida/.rvm/gems/ruby-2.2.0-preview1/gems/ironboard-0.0.5/lib/ironboard/jasmine/jasmine.js:1517:40)
	at complete (file:///Users/deniznida/.rvm/gems/ruby-2.2.0-preview1/gems/ironboard-0.0.5/lib/ironboard/jasmine/jasmine.js:333:19)
	at clearStack (file:///Users/deniznida/.rvm/gems/ruby-2.2.0-preview1/gems/ironboard-0.0.5/lib/ironboard/jasmine/jasmine.js:506:11)
	at run (file:///Users/deniznida/.rvm/gems/ruby-2.2.0-preview1/gems/ironboard-0.0.5/lib/ironboard/jasmine/jasmine.js:1505:22)
	at execute (file:///Users/deniznida/.rvm/gems/ruby-2.2.0-preview1/gems/ironboard-0.0.5/lib/ironboard/jasmine/jasmine.js:1485:13)
	at queueRunnerFactory (file:///Users/deniznida/.rvm/gems/ruby-2.2.0-preview1/gems/ironboard-0.0.5/lib/ironboard/jasmine/jasmine.js:518:42)
	at execute (file:///Users/deniznida/.rvm/gems/ruby-2.2.0-preview1/gems/ironboard-0.0.5/lib/ironboard/jasmine/jasmine.js:306:28)
	at file:///Users/deniznida/.rvm/gems/ruby-2.2.0-preview1/gems/ironboard-0.0.5/lib/ironboard/jasmine/jasmine.js:1708:44
	at attemptAsync (file:///Users/deniznida/.rvm/gems/ruby-2.2.0-preview1/gems/ironboard-0.0.5/lib/ironboard/jasmine/jasmine.js:1520:16)
	at run (file:///Users/deniznida/.rvm/gems/ruby-2.2.0-preview1/gems/ironboard-0.0.5/lib/ironboard/jasmine/jasmine.js:1496:28)
	at next (file:///Users/deniznida/.rvm/gems/ruby-2.2.0-preview1/gems/ironboard-0.0.5/lib/ironboard/jasmine/jasmine.js:1517:40)
	at complete (file:///Users/deniznida/.rvm/gems/ruby-2.2.0-preview1/gems/ironboard-0.0.5/lib/ironboard/jasmine/jasmine.js:333:19)
	at clearStack (file:///Users/deniznida/.rvm/gems/ruby-2.2.0-preview1/gems/ironboard-0.0.5/lib/ironboard/jasmine/jasmine.js:506:11)
	at run (file:///Users/deniznida/.rvm/gems/ruby-2.2.0-preview1/gems/ironboard-0.0.5/lib/ironboard/jasmine/jasmine.js:1505:22)
	at execute (file:///Users/deniznida/.rvm/gems/ruby-2.2.0-preview1/gems/ironboard-0.0.5/lib/ironboard/jasmine/jasmine.js:1485:13)
	at queueRunnerFactory (file:///Users/deniznida/.rvm/gems/ruby-2.2.0-preview1/gems/ironboard-0.0.5/lib/ironboard/jasmine/jasmine.js:518:42)
	at execute (file:///Users/deniznida/.rvm/gems/ruby-2.2.0-preview1/gems/ironboard-0.0.5/lib/ironboard/jasmine/jasmine.js:306:28)
	at file:///Users/deniznida/.rvm/gems/ruby-2.2.0-preview1/gems/ironboard-0.0.5/lib/ironboard/jasmine/jasmine.js:1708:44
	at attemptAsync (file:///Users/deniznida/.rvm/gems/ruby-2.2.0-preview1/gems/ironboard-0.0.5/lib/ironboard/jasmine/jasmine.js:1520:16)
	at run (file:///Users/deniznida/.rvm/gems/ruby-2.2.0-preview1/gems/ironboard-0.0.5/lib/ironboard/jasmine/jasmine.js:1496:28)
	at execute (file:///Users/deniznida/.rvm/gems/ruby-2.2.0-preview1/gems/ironboard-0.0.5/lib/ironboard/jasmine/jasmine.js:1485:13)
	at queueRunnerFactory (file:///Users/deniznida/.rvm/gems/ruby-2.2.0-preview1/gems/ironboard-0.0.5/lib/ironboard/jasmine/jasmine.js:518:42)
	at execute (file:///Users/deniznida/.rvm/gems/ruby-2.2.0-preview1/gems/ironboard-0.0.5/lib/ironboard/jasmine/jasmine.js:1694:21)
	at file:///Users/deniznida/.rvm/gems/ruby-2.2.0-preview1/gems/ironboard-0.0.5/lib/ironboard/jasmine/jasmine.js:1708:44
	at attemptAsync (file:///Users/deniznida/.rvm/gems/ruby-2.2.0-preview1/gems/ironboard-0.0.5/lib/ironboard/jasmine/jasmine.js:1520:16)
	at run (file:///Users/deniznida/.rvm/gems/ruby-2.2.0-preview1/gems/ironboard-0.0.5/lib/ironboard/jasmine/jasmine.js:1496:28)
	at execute (file:///Users/deniznida/.rvm/gems/ruby-2.2.0-preview1/gems/ironboard-0.0.5/lib/ironboard/jasmine/jasmine.js:1485:13)
	at queueRunnerFactory (file:///Users/deniznida/.rvm/gems/ruby-2.2.0-preview1/gems/ironboard-0.0.5/lib/ironboard/jasmine/jasmine.js:518:42)
	at execute (file:///Users/deniznida/.rvm/gems/ruby-2.2.0-preview1/gems/ironboard-0.0.5/lib/ironboard/jasmine/jasmine.js:1694:21)
	at file:///Users/deniznida/.rvm/gems/ruby-2.2.0-preview1/gems/ironboard-0.0.5/lib/ironboard/jasmine/jasmine.js:541:83
	at attemptAsync (file:///Users/deniznida/.rvm/gems/ruby-2.2.0-preview1/gems/ironboard-0.0.5/lib/ironboard/jasmine/jasmine.js:1520:16)
	at run (file:///Users/deniznida/.rvm/gems/ruby-2.2.0-preview1/gems/ironboard-0.0.5/lib/ironboard/jasmine/jasmine.js:1496:28)
	at execute (file:///Users/deniznida/.rvm/gems/ruby-2.2.0-preview1/gems/ironboard-0.0.5/lib/ironboard/jasmine/jasmine.js:1485:13)
	at queueRunnerFactory (file:///Users/deniznida/.rvm/gems/ruby-2.2.0-preview1/gems/ironboard-0.0.5/lib/ironboard/jasmine/jasmine.js:518:42)
	at execute (file:///Users/deniznida/.rvm/gems/ruby-2.2.0-preview1/gems/ironboard-0.0.5/lib/ironboard/jasmine/jasmine.js:548:25)
	at onload (file:///Users/deniznida/.rvm/gems/ruby-2.2.0-preview1/gems/ironboard-0.0.5/lib/ironboard/jasmine/boot.js:172:16)			</failure>
			<failure type="" message="TypeError: undefined is not an object (evaluating &amp;apos;spaceship.shields&amp;apos;) in file:///Users/deniznida/Documents/FIS/space-invaders-ruby-007/spec/space-invaders-spec.js (line 41)">
	at file:///Users/deniznida/Documents/FIS/space-invaders-ruby-007/spec/space-invaders-spec.js:41:21
	at attemptSync (file:///Users/deniznida/.rvm/gems/ruby-2.2.0-preview1/gems/ironboard-0.0.5/lib/ironboard/jasmine/jasmine.js:1510:16)
	at run (file:///Users/deniznida/.rvm/gems/ruby-2.2.0-preview1/gems/ironboard-0.0.5/lib/ironboard/jasmine/jasmine.js:1498:20)
	at execute (file:///Users/deniznida/.rvm/gems/ruby-2.2.0-preview1/gems/ironboard-0.0.5/lib/ironboard/jasmine/jasmine.js:1485:13)
	at queueRunnerFactory (file:///Users/deniznida/.rvm/gems/ruby-2.2.0-preview1/gems/ironboard-0.0.5/lib/ironboard/jasmine/jasmine.js:518:42)
	at execute (file:///Users/deniznida/.rvm/gems/ruby-2.2.0-preview1/gems/ironboard-0.0.5/lib/ironboard/jasmine/jasmine.js:306:28)
	at file:///Users/deniznida/.rvm/gems/ruby-2.2.0-preview1/gems/ironboard-0.0.5/lib/ironboard/jasmine/jasmine.js:1708:44
	at attemptAsync (file:///Users/deniznida/.rvm/gems/ruby-2.2.0-preview1/gems/ironboard-0.0.5/lib/ironboard/jasmine/jasmine.js:1520:16)
	at run (file:///Users/deniznida/.rvm/gems/ruby-2.2.0-preview1/gems/ironboard-0.0.5/lib/ironboard/jasmine/jasmine.js:1496:28)
	at next (file:///Users/deniznida/.rvm/gems/ruby-2.2.0-preview1/gems/ironboard-0.0.5/lib/ironboard/jasmine/jasmine.js:1517:40)
	at complete (file:///Users/deniznida/.rvm/gems/ruby-2.2.0-preview1/gems/ironboard-0.0.5/lib/ironboard/jasmine/jasmine.js:333:19)
	at clearStack (file:///Users/deniznida/.rvm/gems/ruby-2.2.0-preview1/gems/ironboard-0.0.5/lib/ironboard/jasmine/jasmine.js:506:11)
	at run (file:///Users/deniznida/.rvm/gems/ruby-2.2.0-preview1/gems/ironboard-0.0.5/lib/ironboard/jasmine/jasmine.js:1505:22)
	at execute (file:///Users/deniznida/.rvm/gems/ruby-2.2.0-preview1/gems/ironboard-0.0.5/lib/ironboard/jasmine/jasmine.js:1485:13)
	at queueRunnerFactory (file:///Users/deniznida/.rvm/gems/ruby-2.2.0-preview1/gems/ironboard-0.0.5/lib/ironboard/jasmine/jasmine.js:518:42)
	at execute (file:///Users/deniznida/.rvm/gems/ruby-2.2.0-preview1/gems/ironboard-0.0.5/lib/ironboard/jasmine/jasmine.js:306:28)
	at file:///Users/deniznida/.rvm/gems/ruby-2.2.0-preview1/gems/ironboard-0.0.5/lib/ironboard/jasmine/jasmine.js:1708:44
	at attemptAsync (file:///Users/deniznida/.rvm/gems/ruby-2.2.0-preview1/gems/ironboard-0.0.5/lib/ironboard/jasmine/jasmine.js:1520:16)
	at run (file:///Users/deniznida/.rvm/gems/ruby-2.2.0-preview1/gems/ironboard-0.0.5/lib/ironboard/jasmine/jasmine.js:1496:28)
	at next (file:///Users/deniznida/.rvm/gems/ruby-2.2.0-preview1/gems/ironboard-0.0.5/lib/ironboard/jasmine/jasmine.js:1517:40)
	at complete (file:///Users/deniznida/.rvm/gems/ruby-2.2.0-preview1/gems/ironboard-0.0.5/lib/ironboard/jasmine/jasmine.js:333:19)
	at clearStack (file:///Users/deniznida/.rvm/gems/ruby-2.2.0-preview1/gems/ironboard-0.0.5/lib/ironboard/jasmine/jasmine.js:506:11)
	at run (file:///Users/deniznida/.rvm/gems/ruby-2.2.0-preview1/gems/ironboard-0.0.5/lib/ironboard/jasmine/jasmine.js:1505:22)
	at execute (file:///Users/deniznida/.rvm/gems/ruby-2.2.0-preview1/gems/ironboard-0.0.5/lib/ironboard/jasmine/jasmine.js:1485:13)
	at queueRunnerFactory (file:///Users/deniznida/.rvm/gems/ruby-2.2.0-preview1/gems/ironboard-0.0.5/lib/ironboard/jasmine/jasmine.js:518:42)
	at execute (file:///Users/deniznida/.rvm/gems/ruby-2.2.0-preview1/gems/ironboard-0.0.5/lib/ironboard/jasmine/jasmine.js:306:28)
	at file:///Users/deniznida/.rvm/gems/ruby-2.2.0-preview1/gems/ironboard-0.0.5/lib/ironboard/jasmine/jasmine.js:1708:44
	at attemptAsync (file:///Users/deniznida/.rvm/gems/ruby-2.2.0-preview1/gems/ironboard-0.0.5/lib/ironboard/jasmine/jasmine.js:1520:16)
	at run (file:///Users/deniznida/.rvm/gems/ruby-2.2.0-preview1/gems/ironboard-0.0.5/lib/ironboard/jasmine/jasmine.js:1496:28)
	at execute (file:///Users/deniznida/.rvm/gems/ruby-2.2.0-preview1/gems/ironboard-0.0.5/lib/ironboard/jasmine/jasmine.js:1485:13)
	at queueRunnerFactory (file:///Users/deniznida/.rvm/gems/ruby-2.2.0-preview1/gems/ironboard-0.0.5/lib/ironboard/jasmine/jasmine.js:518:42)
	at execute (file:///Users/deniznida/.rvm/gems/ruby-2.2.0-preview1/gems/ironboard-0.0.5/lib/ironboard/jasmine/jasmine.js:1694:21)
	at file:///Users/deniznida/.rvm/gems/ruby-2.2.0-preview1/gems/ironboard-0.0.5/lib/ironboard/jasmine/jasmine.js:1708:44
	at attemptAsync (file:///Users/deniznida/.rvm/gems/ruby-2.2.0-preview1/gems/ironboard-0.0.5/lib/ironboard/jasmine/jasmine.js:1520:16)
	at run (file:///Users/deniznida/.rvm/gems/ruby-2.2.0-preview1/gems/ironboard-0.0.5/lib/ironboard/jasmine/jasmine.js:1496:28)
	at next (file:///Users/deniznida/.rvm/gems/ruby-2.2.0-preview1/gems/ironboard-0.0.5/lib/ironboard/jasmine/jasmine.js:1517:40)
	at complete (file:///Users/deniznida/.rvm/gems/ruby-2.2.0-preview1/gems/ironboard-0.0.5/lib/ironboard/jasmine/jasmine.js:1703:19)
	at clearStack (file:///Users/deniznida/.rvm/gems/ruby-2.2.0-preview1/gems/ironboard-0.0.5/lib/ironboard/jasmine/jasmine.js:506:11)
	at run (file:///Users/deniznida/.rvm/gems/ruby-2.2.0-preview1/gems/ironboard-0.0.5/lib/ironboard/jasmine/jasmine.js:1505:22)
	at next (file:///Users/deniznida/.rvm/gems/ruby-2.2.0-preview1/gems/ironboard-0.0.5/lib/ironboard/jasmine/jasmine.js:1517:40)
	at complete (file:///Users/deniznida/.rvm/gems/ruby-2.2.0-preview1/gems/ironboard-0.0.5/lib/ironboard/jasmine/jasmine.js:333:19)
	at clearStack (file:///Users/deniznida/.rvm/gems/ruby-2.2.0-preview1/gems/ironboard-0.0.5/lib/ironboard/jasmine/jasmine.js:506:11)
	at run (file:///Users/deniznida/.rvm/gems/ruby-2.2.0-preview1/gems/ironboard-0.0.5/lib/ironboard/jasmine/jasmine.js:1505:22)
	at execute (file:///Users/deniznida/.rvm/gems/ruby-2.2.0-preview1/gems/ironboard-0.0.5/lib/ironboard/jasmine/jasmine.js:1485:13)
	at queueRunnerFactory (file:///Users/deniznida/.rvm/gems/ruby-2.2.0-preview1/gems/ironboard-0.0.5/lib/ironboard/jasmine/jasmine.js:518:42)
	at execute (file:///Users/deniznida/.rvm/gems/ruby-2.2.0-preview1/gems/ironboard-0.0.5/lib/ironboard/jasmine/jasmine.js:306:28)
	at file:///Users/deniznida/.rvm/gems/ruby-2.2.0-preview1/gems/ironboard-0.0.5/lib/ironboard/jasmine/jasmine.js:1708:44
	at attemptAsync (file:///Users/deniznida/.rvm/gems/ruby-2.2.0-preview1/gems/ironboard-0.0.5/lib/ironboard/jasmine/jasmine.js:1520:16)
	at run (file:///Users/deniznida/.rvm/gems/ruby-2.2.0-preview1/gems/ironboard-0.0.5/lib/ironboard/jasmine/jasmine.js:1496:28)
	at next (file:///Users/deniznida/.rvm/gems/ruby-2.2.0-preview1/gems/ironboard-0.0.5/lib/ironboard/jasmine/jasmine.js:1517:40)
	at complete (file:///Users/deniznida/.rvm/gems/ruby-2.2.0-preview1/gems/ironboard-0.0.5/lib/ironboard/jasmine/jasmine.js:333:19)
	at clearStack (file:///Users/deniznida/.rvm/gems/ruby-2.2.0-preview1/gems/ironboard-0.0.5/lib/ironboard/jasmine/jasmine.js:506:11)
	at run (file:///Users/deniznida/.rvm/gems/ruby-2.2.0-preview1/gems/ironboard-0.0.5/lib/ironboard/jasmine/jasmine.js:1505:22)
	at execute (file:///Users/deniznida/.rvm/gems/ruby-2.2.0-preview1/gems/ironboard-0.0.5/lib/ironboard/jasmine/jasmine.js:1485:13)
	at queueRunnerFactory (file:///Users/deniznida/.rvm/gems/ruby-2.2.0-preview1/gems/ironboard-0.0.5/lib/ironboard/jasmine/jasmine.js:518:42)
	at execute (file:///Users/deniznida/.rvm/gems/ruby-2.2.0-preview1/gems/ironboard-0.0.5/lib/ironboard/jasmine/jasmine.js:306:28)
	at file:///Users/deniznida/.rvm/gems/ruby-2.2.0-preview1/gems/ironboard-0.0.5/lib/ironboard/jasmine/jasmine.js:1708:44
	at attemptAsync (file:///Users/deniznida/.rvm/gems/ruby-2.2.0-preview1/gems/ironboard-0.0.5/lib/ironboard/jasmine/jasmine.js:1520:16)
	at run (file:///Users/deniznida/.rvm/gems/ruby-2.2.0-preview1/gems/ironboard-0.0.5/lib/ironboard/jasmine/jasmine.js:1496:28)
	at next (file:///Users/deniznida/.rvm/gems/ruby-2.2.0-preview1/gems/ironboard-0.0.5/lib/ironboard/jasmine/jasmine.js:1517:40)
	at complete (file:///Users/deniznida/.rvm/gems/ruby-2.2.0-preview1/gems/ironboard-0.0.5/lib/ironboard/jasmine/jasmine.js:333:19)
	at clearStack (file:///Users/deniznida/.rvm/gems/ruby-2.2.0-preview1/gems/ironboard-0.0.5/lib/ironboard/jasmine/jasmine.js:506:11)
	at run (file:///Users/deniznida/.rvm/gems/ruby-2.2.0-preview1/gems/ironboard-0.0.5/lib/ironboard/jasmine/jasmine.js:1505:22)
	at execute (file:///Users/deniznida/.rvm/gems/ruby-2.2.0-preview1/gems/ironboard-0.0.5/lib/ironboard/jasmine/jasmine.js:1485:13)
	at queueRunnerFactory (file:///Users/deniznida/.rvm/gems/ruby-2.2.0-preview1/gems/ironboard-0.0.5/lib/ironboard/jasmine/jasmine.js:518:42)
	at execute (file:///Users/deniznida/.rvm/gems/ruby-2.2.0-preview1/gems/ironboard-0.0.5/lib/ironboard/jasmine/jasmine.js:306:28)
	at file:///Users/deniznida/.rvm/gems/ruby-2.2.0-preview1/gems/ironboard-0.0.5/lib/ironboard/jasmine/jasmine.js:1708:44
	at attemptAsync (file:///Users/deniznida/.rvm/gems/ruby-2.2.0-preview1/gems/ironboard-0.0.5/lib/ironboard/jasmine/jasmine.js:1520:16)
	at run (file:///Users/deniznida/.rvm/gems/ruby-2.2.0-preview1/gems/ironboard-0.0.5/lib/ironboard/jasmine/jasmine.js:1496:28)
	at execute (file:///Users/deniznida/.rvm/gems/ruby-2.2.0-preview1/gems/ironboard-0.0.5/lib/ironboard/jasmine/jasmine.js:1485:13)
	at queueRunnerFactory (file:///Users/deniznida/.rvm/gems/ruby-2.2.0-preview1/gems/ironboard-0.0.5/lib/ironboard/jasmine/jasmine.js:518:42)
	at execute (file:///Users/deniznida/.rvm/gems/ruby-2.2.0-preview1/gems/ironboard-0.0.5/lib/ironboard/jasmine/jasmine.js:1694:21)
	at file:///Users/deniznida/.rvm/gems/ruby-2.2.0-preview1/gems/ironboard-0.0.5/lib/ironboard/jasmine/jasmine.js:1708:44
	at attemptAsync (file:///Users/deniznida/.rvm/gems/ruby-2.2.0-preview1/gems/ironboard-0.0.5/lib/ironboard/jasmine/jasmine.js:1520:16)
	at run (file:///Users/deniznida/.rvm/gems/ruby-2.2.0-preview1/gems/ironboard-0.0.5/lib/ironboard/jasmine/jasmine.js:1496:28)
	at execute (file:///Users/deniznida/.rvm/gems/ruby-2.2.0-preview1/gems/ironboard-0.0.5/lib/ironboard/jasmine/jasmine.js:1485:13)
	at queueRunnerFactory (file:///Users/deniznida/.rvm/gems/ruby-2.2.0-preview1/gems/ironboard-0.0.5/lib/ironboard/jasmine/jasmine.js:518:42)
	at execute (file:///Users/deniznida/.rvm/gems/ruby-2.2.0-preview1/gems/ironboard-0.0.5/lib/ironboard/jasmine/jasmine.js:1694:21)
	at file:///Users/deniznida/.rvm/gems/ruby-2.2.0-preview1/gems/ironboard-0.0.5/lib/ironboard/jasmine/jasmine.js:541:83
	at attemptAsync (file:///Users/deniznida/.rvm/gems/ruby-2.2.0-preview1/gems/ironboard-0.0.5/lib/ironboard/jasmine/jasmine.js:1520:16)
	at run (file:///Users/deniznida/.rvm/gems/ruby-2.2.0-preview1/gems/ironboard-0.0.5/lib/ironboard/jasmine/jasmine.js:1496:28)
	at execute (file:///Users/deniznida/.rvm/gems/ruby-2.2.0-preview1/gems/ironboard-0.0.5/lib/ironboard/jasmine/jasmine.js:1485:13)
	at queueRunnerFactory (file:///Users/deniznida/.rvm/gems/ruby-2.2.0-preview1/gems/ironboard-0.0.5/lib/ironboard/jasmine/jasmine.js:518:42)
	at execute (file:///Users/deniznida/.rvm/gems/ruby-2.2.0-preview1/gems/ironboard-0.0.5/lib/ironboard/jasmine/jasmine.js:548:25)
	at onload (file:///Users/deniznida/.rvm/gems/ruby-2.2.0-preview1/gems/ironboard-0.0.5/lib/ironboard/jasmine/boot.js:172:16)			</failure>
		</testcase>
		<testcase classname="Spaceship" name="should have it&amp;apos;s cloaking set to false by default" time="0">
			<failure type="" message="ReferenceError: Can&amp;apos;t find variable: Spaceship in file:///Users/deniznida/Documents/FIS/space-invaders-ruby-007/spec/space-invaders-spec.js (line 29)">
	at file:///Users/deniznida/Documents/FIS/space-invaders-ruby-007/spec/space-invaders-spec.js:29:30
	at attemptSync (file:///Users/deniznida/.rvm/gems/ruby-2.2.0-preview1/gems/ironboard-0.0.5/lib/ironboard/jasmine/jasmine.js:1510:16)
	at run (file:///Users/deniznida/.rvm/gems/ruby-2.2.0-preview1/gems/ironboard-0.0.5/lib/ironboard/jasmine/jasmine.js:1498:20)
	at execute (file:///Users/deniznida/.rvm/gems/ruby-2.2.0-preview1/gems/ironboard-0.0.5/lib/ironboard/jasmine/jasmine.js:1485:13)
	at queueRunnerFactory (file:///Users/deniznida/.rvm/gems/ruby-2.2.0-preview1/gems/ironboard-0.0.5/lib/ironboard/jasmine/jasmine.js:518:42)
	at execute (file:///Users/deniznida/.rvm/gems/ruby-2.2.0-preview1/gems/ironboard-0.0.5/lib/ironboard/jasmine/jasmine.js:306:28)
	at file:///Users/deniznida/.rvm/gems/ruby-2.2.0-preview1/gems/ironboard-0.0.5/lib/ironboard/jasmine/jasmine.js:1708:44
	at attemptAsync (file:///Users/deniznida/.rvm/gems/ruby-2.2.0-preview1/gems/ironboard-0.0.5/lib/ironboard/jasmine/jasmine.js:1520:16)
	at run (file:///Users/deniznida/.rvm/gems/ruby-2.2.0-preview1/gems/ironboard-0.0.5/lib/ironboard/jasmine/jasmine.js:1496:28)
	at next (file:///Users/deniznida/.rvm/gems/ruby-2.2.0-preview1/gems/ironboard-0.0.5/lib/ironboard/jasmine/jasmine.js:1517:40)
	at complete (file:///Users/deniznida/.rvm/gems/ruby-2.2.0-preview1/gems/ironboard-0.0.5/lib/ironboard/jasmine/jasmine.js:333:19)
	at clearStack (file:///Users/deniznida/.rvm/gems/ruby-2.2.0-preview1/gems/ironboard-0.0.5/lib/ironboard/jasmine/jasmine.js:506:11)
	at run (file:///Users/deniznida/.rvm/gems/ruby-2.2.0-preview1/gems/ironboard-0.0.5/lib/ironboard/jasmine/jasmine.js:1505:22)
	at execute (file:///Users/deniznida/.rvm/gems/ruby-2.2.0-preview1/gems/ironboard-0.0.5/lib/ironboard/jasmine/jasmine.js:1485:13)
	at queueRunnerFactory (file:///Users/deniznida/.rvm/gems/ruby-2.2.0-preview1/gems/ironboard-0.0.5/lib/ironboard/jasmine/jasmine.js:518:42)
	at execute (file:///Users/deniznida/.rvm/gems/ruby-2.2.0-preview1/gems/ironboard-0.0.5/lib/ironboard/jasmine/jasmine.js:306:28)
	at file:///Users/deniznida/.rvm/gems/ruby-2.2.0-preview1/gems/ironboard-0.0.5/lib/ironboard/jasmine/jasmine.js:1708:44
	at attemptAsync (file:///Users/deniznida/.rvm/gems/ruby-2.2.0-preview1/gems/ironboard-0.0.5/lib/ironboard/jasmine/jasmine.js:1520:16)
	at run (file:///Users/deniznida/.rvm/gems/ruby-2.2.0-preview1/gems/ironboard-0.0.5/lib/ironboard/jasmine/jasmine.js:1496:28)
	at next (file:///Users/deniznida/.rvm/gems/ruby-2.2.0-preview1/gems/ironboard-0.0.5/lib/ironboard/jasmine/jasmine.js:1517:40)
	at complete (file:///Users/deniznida/.rvm/gems/ruby-2.2.0-preview1/gems/ironboard-0.0.5/lib/ironboard/jasmine/jasmine.js:333:19)
	at clearStack (file:///Users/deniznida/.rvm/gems/ruby-2.2.0-preview1/gems/ironboard-0.0.5/lib/ironboard/jasmine/jasmine.js:506:11)
	at run (file:///Users/deniznida/.rvm/gems/ruby-2.2.0-preview1/gems/ironboard-0.0.5/lib/ironboard/jasmine/jasmine.js:1505:22)
	at execute (file:///Users/deniznida/.rvm/gems/ruby-2.2.0-preview1/gems/ironboard-0.0.5/lib/ironboard/jasmine/jasmine.js:1485:13)
	at queueRunnerFactory (file:///Users/deniznida/.rvm/gems/ruby-2.2.0-preview1/gems/ironboard-0.0.5/lib/ironboard/jasmine/jasmine.js:518:42)
	at execute (file:///Users/deniznida/.rvm/gems/ruby-2.2.0-preview1/gems/ironboard-0.0.5/lib/ironboard/jasmine/jasmine.js:306:28)
	at file:///Users/deniznida/.rvm/gems/ruby-2.2.0-preview1/gems/ironboard-0.0.5/lib/ironboard/jasmine/jasmine.js:1708:44
	at attemptAsync (file:///Users/deniznida/.rvm/gems/ruby-2.2.0-preview1/gems/ironboard-0.0.5/lib/ironboard/jasmine/jasmine.js:1520:16)
	at run (file:///Users/deniznida/.rvm/gems/ruby-2.2.0-preview1/gems/ironboard-0.0.5/lib/ironboard/jasmine/jasmine.js:1496:28)
	at next (file:///Users/deniznida/.rvm/gems/ruby-2.2.0-preview1/gems/ironboard-0.0.5/lib/ironboard/jasmine/jasmine.js:1517:40)
	at complete (file:///Users/deniznida/.rvm/gems/ruby-2.2.0-preview1/gems/ironboard-0.0.5/lib/ironboard/jasmine/jasmine.js:333:19)
	at clearStack (file:///Users/deniznida/.rvm/gems/ruby-2.2.0-preview1/gems/ironboard-0.0.5/lib/ironboard/jasmine/jasmine.js:506:11)
	at run (file:///Users/deniznida/.rvm/gems/ruby-2.2.0-preview1/gems/ironboard-0.0.5/lib/ironboard/jasmine/jasmine.js:1505:22)
	at execute (file:///Users/deniznida/.rvm/gems/ruby-2.2.0-preview1/gems/ironboard-0.0.5/lib/ironboard/jasmine/jasmine.js:1485:13)
	at queueRunnerFactory (file:///Users/deniznida/.rvm/gems/ruby-2.2.0-preview1/gems/ironboard-0.0.5/lib/ironboard/jasmine/jasmine.js:518:42)
	at execute (file:///Users/deniznida/.rvm/gems/ruby-2.2.0-preview1/gems/ironboard-0.0.5/lib/ironboard/jasmine/jasmine.js:306:28)
	at file:///Users/deniznida/.rvm/gems/ruby-2.2.0-preview1/gems/ironboard-0.0.5/lib/ironboard/jasmine/jasmine.js:1708:44
	at attemptAsync (file:///Users/deniznida/.rvm/gems/ruby-2.2.0-preview1/gems/ironboard-0.0.5/lib/ironboard/jasmine/jasmine.js:1520:16)
	at run (file:///Users/deniznida/.rvm/gems/ruby-2.2.0-preview1/gems/ironboard-0.0.5/lib/ironboard/jasmine/jasmine.js:1496:28)
	at execute (file:///Users/deniznida/.rvm/gems/ruby-2.2.0-preview1/gems/ironboard-0.0.5/lib/ironboard/jasmine/jasmine.js:1485:13)
	at queueRunnerFactory (file:///Users/deniznida/.rvm/gems/ruby-2.2.0-preview1/gems/ironboard-0.0.5/lib/ironboard/jasmine/jasmine.js:518:42)
	at execute (file:///Users/deniznida/.rvm/gems/ruby-2.2.0-preview1/gems/ironboard-0.0.5/lib/ironboard/jasmine/jasmine.js:1694:21)
	at file:///Users/deniznida/.rvm/gems/ruby-2.2.0-preview1/gems/ironboard-0.0.5/lib/ironboard/jasmine/jasmine.js:1708:44
	at attemptAsync (file:///Users/deniznida/.rvm/gems/ruby-2.2.0-preview1/gems/ironboard-0.0.5/lib/ironboard/jasmine/jasmine.js:1520:16)
	at run (file:///Users/deniznida/.rvm/gems/ruby-2.2.0-preview1/gems/ironboard-0.0.5/lib/ironboard/jasmine/jasmine.js:1496:28)
	at next (file:///Users/deniznida/.rvm/gems/ruby-2.2.0-preview1/gems/ironboard-0.0.5/lib/ironboard/jasmine/jasmine.js:1517:40)
	at complete (file:///Users/deniznida/.rvm/gems/ruby-2.2.0-preview1/gems/ironboard-0.0.5/lib/ironboard/jasmine/jasmine.js:1703:19)
	at clearStack (file:///Users/deniznida/.rvm/gems/ruby-2.2.0-preview1/gems/ironboard-0.0.5/lib/ironboard/jasmine/jasmine.js:506:11)
	at run (file:///Users/deniznida/.rvm/gems/ruby-2.2.0-preview1/gems/ironboard-0.0.5/lib/ironboard/jasmine/jasmine.js:1505:22)
	at next (file:///Users/deniznida/.rvm/gems/ruby-2.2.0-preview1/gems/ironboard-0.0.5/lib/ironboard/jasmine/jasmine.js:1517:40)
	at complete (file:///Users/deniznida/.rvm/gems/ruby-2.2.0-preview1/gems/ironboard-0.0.5/lib/ironboard/jasmine/jasmine.js:333:19)
	at clearStack (file:///Users/deniznida/.rvm/gems/ruby-2.2.0-preview1/gems/ironboard-0.0.5/lib/ironboard/jasmine/jasmine.js:506:11)
	at run (file:///Users/deniznida/.rvm/gems/ruby-2.2.0-preview1/gems/ironboard-0.0.5/lib/ironboard/jasmine/jasmine.js:1505:22)
	at execute (file:///Users/deniznida/.rvm/gems/ruby-2.2.0-preview1/gems/ironboard-0.0.5/lib/ironboard/jasmine/jasmine.js:1485:13)
	at queueRunnerFactory (file:///Users/deniznida/.rvm/gems/ruby-2.2.0-preview1/gems/ironboard-0.0.5/lib/ironboard/jasmine/jasmine.js:518:42)
	at execute (file:///Users/deniznida/.rvm/gems/ruby-2.2.0-preview1/gems/ironboard-0.0.5/lib/ironboard/jasmine/jasmine.js:306:28)
	at file:///Users/deniznida/.rvm/gems/ruby-2.2.0-preview1/gems/ironboard-0.0.5/lib/ironboard/jasmine/jasmine.js:1708:44
	at attemptAsync (file:///Users/deniznida/.rvm/gems/ruby-2.2.0-preview1/gems/ironboard-0.0.5/lib/ironboard/jasmine/jasmine.js:1520:16)
	at run (file:///Users/deniznida/.rvm/gems/ruby-2.2.0-preview1/gems/ironboard-0.0.5/lib/ironboard/jasmine/jasmine.js:1496:28)
	at next (file:///Users/deniznida/.rvm/gems/ruby-2.2.0-preview1/gems/ironboard-0.0.5/lib/ironboard/jasmine/jasmine.js:1517:40)
	at complete (file:///Users/deniznida/.rvm/gems/ruby-2.2.0-preview1/gems/ironboard-0.0.5/lib/ironboard/jasmine/jasmine.js:333:19)
	at clearStack (file:///Users/deniznida/.rvm/gems/ruby-2.2.0-preview1/gems/ironboard-0.0.5/lib/ironboard/jasmine/jasmine.js:506:11)
	at run (file:///Users/deniznida/.rvm/gems/ruby-2.2.0-preview1/gems/ironboard-0.0.5/lib/ironboard/jasmine/jasmine.js:1505:22)
	at execute (file:///Users/deniznida/.rvm/gems/ruby-2.2.0-preview1/gems/ironboard-0.0.5/lib/ironboard/jasmine/jasmine.js:1485:13)
	at queueRunnerFactory (file:///Users/deniznida/.rvm/gems/ruby-2.2.0-preview1/gems/ironboard-0.0.5/lib/ironboard/jasmine/jasmine.js:518:42)
	at execute (file:///Users/deniznida/.rvm/gems/ruby-2.2.0-preview1/gems/ironboard-0.0.5/lib/ironboard/jasmine/jasmine.js:306:28)
	at file:///Users/deniznida/.rvm/gems/ruby-2.2.0-preview1/gems/ironboard-0.0.5/lib/ironboard/jasmine/jasmine.js:1708:44
	at attemptAsync (file:///Users/deniznida/.rvm/gems/ruby-2.2.0-preview1/gems/ironboard-0.0.5/lib/ironboard/jasmine/jasmine.js:1520:16)
	at run (file:///Users/deniznida/.rvm/gems/ruby-2.2.0-preview1/gems/ironboard-0.0.5/lib/ironboard/jasmine/jasmine.js:1496:28)
	at next (file:///Users/deniznida/.rvm/gems/ruby-2.2.0-preview1/gems/ironboard-0.0.5/lib/ironboard/jasmine/jasmine.js:1517:40)
	at complete (file:///Users/deniznida/.rvm/gems/ruby-2.2.0-preview1/gems/ironboard-0.0.5/lib/ironboard/jasmine/jasmine.js:333:19)
	at clearStack (file:///Users/deniznida/.rvm/gems/ruby-2.2.0-preview1/gems/ironboard-0.0.5/lib/ironboard/jasmine/jasmine.js:506:11)
	at run (file:///Users/deniznida/.rvm/gems/ruby-2.2.0-preview1/gems/ironboard-0.0.5/lib/ironboard/jasmine/jasmine.js:1505:22)
	at execute (file:///Users/deniznida/.rvm/gems/ruby-2.2.0-preview1/gems/ironboard-0.0.5/lib/ironboard/jasmine/jasmine.js:1485:13)
	at queueRunnerFactory (file:///Users/deniznida/.rvm/gems/ruby-2.2.0-preview1/gems/ironboard-0.0.5/lib/ironboard/jasmine/jasmine.js:518:42)
	at execute (file:///Users/deniznida/.rvm/gems/ruby-2.2.0-preview1/gems/ironboard-0.0.5/lib/ironboard/jasmine/jasmine.js:306:28)
	at file:///Users/deniznida/.rvm/gems/ruby-2.2.0-preview1/gems/ironboard-0.0.5/lib/ironboard/jasmine/jasmine.js:1708:44
	at attemptAsync (file:///Users/deniznida/.rvm/gems/ruby-2.2.0-preview1/gems/ironboard-0.0.5/lib/ironboard/jasmine/jasmine.js:1520:16)
	at run (file:///Users/deniznida/.rvm/gems/ruby-2.2.0-preview1/gems/ironboard-0.0.5/lib/ironboard/jasmine/jasmine.js:1496:28)
	at execute (file:///Users/deniznida/.rvm/gems/ruby-2.2.0-preview1/gems/ironboard-0.0.5/lib/ironboard/jasmine/jasmine.js:1485:13)
	at queueRunnerFactory (file:///Users/deniznida/.rvm/gems/ruby-2.2.0-preview1/gems/ironboard-0.0.5/lib/ironboard/jasmine/jasmine.js:518:42)
	at execute (file:///Users/deniznida/.rvm/gems/ruby-2.2.0-preview1/gems/ironboard-0.0.5/lib/ironboard/jasmine/jasmine.js:1694:21)
	at file:///Users/deniznida/.rvm/gems/ruby-2.2.0-preview1/gems/ironboard-0.0.5/lib/ironboard/jasmine/jasmine.js:1708:44
	at attemptAsync (file:///Users/deniznida/.rvm/gems/ruby-2.2.0-preview1/gems/ironboard-0.0.5/lib/ironboard/jasmine/jasmine.js:1520:16)
	at run (file:///Users/deniznida/.rvm/gems/ruby-2.2.0-preview1/gems/ironboard-0.0.5/lib/ironboard/jasmine/jasmine.js:1496:28)
	at execute (file:///Users/deniznida/.rvm/gems/ruby-2.2.0-preview1/gems/ironboard-0.0.5/lib/ironboard/jasmine/jasmine.js:1485:13)
	at queueRunnerFactory (file:///Users/deniznida/.rvm/gems/ruby-2.2.0-preview1/gems/ironboard-0.0.5/lib/ironboard/jasmine/jasmine.js:518:42)
	at execute (file:///Users/deniznida/.rvm/gems/ruby-2.2.0-preview1/gems/ironboard-0.0.5/lib/ironboard/jasmine/jasmine.js:1694:21)
	at file:///Users/deniznida/.rvm/gems/ruby-2.2.0-preview1/gems/ironboard-0.0.5/lib/ironboard/jasmine/jasmine.js:541:83
	at attemptAsync (file:///Users/deniznida/.rvm/gems/ruby-2.2.0-preview1/gems/ironboard-0.0.5/lib/ironboard/jasmine/jasmine.js:1520:16)
	at run (file:///Users/deniznida/.rvm/gems/ruby-2.2.0-preview1/gems/ironboard-0.0.5/lib/ironboard/jasmine/jasmine.js:1496:28)
	at execute (file:///Users/deniznida/.rvm/gems/ruby-2.2.0-preview1/gems/ironboard-0.0.5/lib/ironboard/jasmine/jasmine.js:1485:13)
	at queueRunnerFactory (file:///Users/deniznida/.rvm/gems/ruby-2.2.0-preview1/gems/ironboard-0.0.5/lib/ironboard/jasmine/jasmine.js:518:42)
	at execute (file:///Users/deniznida/.rvm/gems/ruby-2.2.0-preview1/gems/ironboard-0.0.5/lib/ironboard/jasmine/jasmine.js:548:25)
	at onload (file:///Users/deniznida/.rvm/gems/ruby-2.2.0-preview1/gems/ironboard-0.0.5/lib/ironboard/jasmine/boot.js:172:16)			</failure>
			<failure type="" message="TypeError: undefined is not an object (evaluating &amp;apos;spaceship.cloaked&amp;apos;) in file:///Users/deniznida/Documents/FIS/space-invaders-ruby-007/spec/space-invaders-spec.js (line 45)">
	at file:///Users/deniznida/Documents/FIS/space-invaders-ruby-007/spec/space-invaders-spec.js:45:21
	at attemptSync (file:///Users/deniznida/.rvm/gems/ruby-2.2.0-preview1/gems/ironboard-0.0.5/lib/ironboard/jasmine/jasmine.js:1510:16)
	at run (file:///Users/deniznida/.rvm/gems/ruby-2.2.0-preview1/gems/ironboard-0.0.5/lib/ironboard/jasmine/jasmine.js:1498:20)
	at execute (file:///Users/deniznida/.rvm/gems/ruby-2.2.0-preview1/gems/ironboard-0.0.5/lib/ironboard/jasmine/jasmine.js:1485:13)
	at queueRunnerFactory (file:///Users/deniznida/.rvm/gems/ruby-2.2.0-preview1/gems/ironboard-0.0.5/lib/ironboard/jasmine/jasmine.js:518:42)
	at execute (file:///Users/deniznida/.rvm/gems/ruby-2.2.0-preview1/gems/ironboard-0.0.5/lib/ironboard/jasmine/jasmine.js:306:28)
	at file:///Users/deniznida/.rvm/gems/ruby-2.2.0-preview1/gems/ironboard-0.0.5/lib/ironboard/jasmine/jasmine.js:1708:44
	at attemptAsync (file:///Users/deniznida/.rvm/gems/ruby-2.2.0-preview1/gems/ironboard-0.0.5/lib/ironboard/jasmine/jasmine.js:1520:16)
	at run (file:///Users/deniznida/.rvm/gems/ruby-2.2.0-preview1/gems/ironboard-0.0.5/lib/ironboard/jasmine/jasmine.js:1496:28)
	at next (file:///Users/deniznida/.rvm/gems/ruby-2.2.0-preview1/gems/ironboard-0.0.5/lib/ironboard/jasmine/jasmine.js:1517:40)
	at complete (file:///Users/deniznida/.rvm/gems/ruby-2.2.0-preview1/gems/ironboard-0.0.5/lib/ironboard/jasmine/jasmine.js:333:19)
	at clearStack (file:///Users/deniznida/.rvm/gems/ruby-2.2.0-preview1/gems/ironboard-0.0.5/lib/ironboard/jasmine/jasmine.js:506:11)
	at run (file:///Users/deniznida/.rvm/gems/ruby-2.2.0-preview1/gems/ironboard-0.0.5/lib/ironboard/jasmine/jasmine.js:1505:22)
	at execute (file:///Users/deniznida/.rvm/gems/ruby-2.2.0-preview1/gems/ironboard-0.0.5/lib/ironboard/jasmine/jasmine.js:1485:13)
	at queueRunnerFactory (file:///Users/deniznida/.rvm/gems/ruby-2.2.0-preview1/gems/ironboard-0.0.5/lib/ironboard/jasmine/jasmine.js:518:42)
	at execute (file:///Users/deniznida/.rvm/gems/ruby-2.2.0-preview1/gems/ironboard-0.0.5/lib/ironboard/jasmine/jasmine.js:306:28)
	at file:///Users/deniznida/.rvm/gems/ruby-2.2.0-preview1/gems/ironboard-0.0.5/lib/ironboard/jasmine/jasmine.js:1708:44
	at attemptAsync (file:///Users/deniznida/.rvm/gems/ruby-2.2.0-preview1/gems/ironboard-0.0.5/lib/ironboard/jasmine/jasmine.js:1520:16)
	at run (file:///Users/deniznida/.rvm/gems/ruby-2.2.0-preview1/gems/ironboard-0.0.5/lib/ironboard/jasmine/jasmine.js:1496:28)
	at next (file:///Users/deniznida/.rvm/gems/ruby-2.2.0-preview1/gems/ironboard-0.0.5/lib/ironboard/jasmine/jasmine.js:1517:40)
	at complete (file:///Users/deniznida/.rvm/gems/ruby-2.2.0-preview1/gems/ironboard-0.0.5/lib/ironboard/jasmine/jasmine.js:333:19)
	at clearStack (file:///Users/deniznida/.rvm/gems/ruby-2.2.0-preview1/gems/ironboard-0.0.5/lib/ironboard/jasmine/jasmine.js:506:11)
	at run (file:///Users/deniznida/.rvm/gems/ruby-2.2.0-preview1/gems/ironboard-0.0.5/lib/ironboard/jasmine/jasmine.js:1505:22)
	at execute (file:///Users/deniznida/.rvm/gems/ruby-2.2.0-preview1/gems/ironboard-0.0.5/lib/ironboard/jasmine/jasmine.js:1485:13)
	at queueRunnerFactory (file:///Users/deniznida/.rvm/gems/ruby-2.2.0-preview1/gems/ironboard-0.0.5/lib/ironboard/jasmine/jasmine.js:518:42)
	at execute (file:///Users/deniznida/.rvm/gems/ruby-2.2.0-preview1/gems/ironboard-0.0.5/lib/ironboard/jasmine/jasmine.js:306:28)
	at file:///Users/deniznida/.rvm/gems/ruby-2.2.0-preview1/gems/ironboard-0.0.5/lib/ironboard/jasmine/jasmine.js:1708:44
	at attemptAsync (file:///Users/deniznida/.rvm/gems/ruby-2.2.0-preview1/gems/ironboard-0.0.5/lib/ironboard/jasmine/jasmine.js:1520:16)
	at run (file:///Users/deniznida/.rvm/gems/ruby-2.2.0-preview1/gems/ironboard-0.0.5/lib/ironboard/jasmine/jasmine.js:1496:28)
	at next (file:///Users/deniznida/.rvm/gems/ruby-2.2.0-preview1/gems/ironboard-0.0.5/lib/ironboard/jasmine/jasmine.js:1517:40)
	at complete (file:///Users/deniznida/.rvm/gems/ruby-2.2.0-preview1/gems/ironboard-0.0.5/lib/ironboard/jasmine/jasmine.js:333:19)
	at clearStack (file:///Users/deniznida/.rvm/gems/ruby-2.2.0-preview1/gems/ironboard-0.0.5/lib/ironboard/jasmine/jasmine.js:506:11)
	at run (file:///Users/deniznida/.rvm/gems/ruby-2.2.0-preview1/gems/ironboard-0.0.5/lib/ironboard/jasmine/jasmine.js:1505:22)
	at execute (file:///Users/deniznida/.rvm/gems/ruby-2.2.0-preview1/gems/ironboard-0.0.5/lib/ironboard/jasmine/jasmine.js:1485:13)
	at queueRunnerFactory (file:///Users/deniznida/.rvm/gems/ruby-2.2.0-preview1/gems/ironboard-0.0.5/lib/ironboard/jasmine/jasmine.js:518:42)
	at execute (file:///Users/deniznida/.rvm/gems/ruby-2.2.0-preview1/gems/ironboard-0.0.5/lib/ironboard/jasmine/jasmine.js:306:28)
	at file:///Users/deniznida/.rvm/gems/ruby-2.2.0-preview1/gems/ironboard-0.0.5/lib/ironboard/jasmine/jasmine.js:1708:44
	at attemptAsync (file:///Users/deniznida/.rvm/gems/ruby-2.2.0-preview1/gems/ironboard-0.0.5/lib/ironboard/jasmine/jasmine.js:1520:16)
	at run (file:///Users/deniznida/.rvm/gems/ruby-2.2.0-preview1/gems/ironboard-0.0.5/lib/ironboard/jasmine/jasmine.js:1496:28)
	at execute (file:///Users/deniznida/.rvm/gems/ruby-2.2.0-preview1/gems/ironboard-0.0.5/lib/ironboard/jasmine/jasmine.js:1485:13)
	at queueRunnerFactory (file:///Users/deniznida/.rvm/gems/ruby-2.2.0-preview1/gems/ironboard-0.0.5/lib/ironboard/jasmine/jasmine.js:518:42)
	at execute (file:///Users/deniznida/.rvm/gems/ruby-2.2.0-preview1/gems/ironboard-0.0.5/lib/ironboard/jasmine/jasmine.js:1694:21)
	at file:///Users/deniznida/.rvm/gems/ruby-2.2.0-preview1/gems/ironboard-0.0.5/lib/ironboard/jasmine/jasmine.js:1708:44
	at attemptAsync (file:///Users/deniznida/.rvm/gems/ruby-2.2.0-preview1/gems/ironboard-0.0.5/lib/ironboard/jasmine/jasmine.js:1520:16)
	at run (file:///Users/deniznida/.rvm/gems/ruby-2.2.0-preview1/gems/ironboard-0.0.5/lib/ironboard/jasmine/jasmine.js:1496:28)
	at next (file:///Users/deniznida/.rvm/gems/ruby-2.2.0-preview1/gems/ironboard-0.0.5/lib/ironboard/jasmine/jasmine.js:1517:40)
	at complete (file:///Users/deniznida/.rvm/gems/ruby-2.2.0-preview1/gems/ironboard-0.0.5/lib/ironboard/jasmine/jasmine.js:1703:19)
	at clearStack (file:///Users/deniznida/.rvm/gems/ruby-2.2.0-preview1/gems/ironboard-0.0.5/lib/ironboard/jasmine/jasmine.js:506:11)
	at run (file:///Users/deniznida/.rvm/gems/ruby-2.2.0-preview1/gems/ironboard-0.0.5/lib/ironboard/jasmine/jasmine.js:1505:22)
	at next (file:///Users/deniznida/.rvm/gems/ruby-2.2.0-preview1/gems/ironboard-0.0.5/lib/ironboard/jasmine/jasmine.js:1517:40)
	at complete (file:///Users/deniznida/.rvm/gems/ruby-2.2.0-preview1/gems/ironboard-0.0.5/lib/ironboard/jasmine/jasmine.js:333:19)
	at clearStack (file:///Users/deniznida/.rvm/gems/ruby-2.2.0-preview1/gems/ironboard-0.0.5/lib/ironboard/jasmine/jasmine.js:506:11)
	at run (file:///Users/deniznida/.rvm/gems/ruby-2.2.0-preview1/gems/ironboard-0.0.5/lib/ironboard/jasmine/jasmine.js:1505:22)
	at execute (file:///Users/deniznida/.rvm/gems/ruby-2.2.0-preview1/gems/ironboard-0.0.5/lib/ironboard/jasmine/jasmine.js:1485:13)
	at queueRunnerFactory (file:///Users/deniznida/.rvm/gems/ruby-2.2.0-preview1/gems/ironboard-0.0.5/lib/ironboard/jasmine/jasmine.js:518:42)
[...]
	at run (file:///Users/deniznida/.rvm/gems/ruby-2.2.0-preview1/gems/ironboard-0.0.5/lib/ironboard/jasmine/jasmine.js:1496:28)
	at next (file:///Users/deniznida/.rvm/gems/ruby-2.2.0-preview1/gems/ironboard-0.0.5/lib/ironboard/jasmine/jasmine.js:1517:40)
	at complete (file:///Users/deniznida/.rvm/gems/ruby-2.2.0-preview1/gems/ironboard-0.0.5/lib/ironboard/jasmine/jasmine.js:333:19)
	at clearStack (file:///Users/deniznida/.rvm/gems/ruby-2.2.0-preview1/gems/ironboard-0.0.5/lib/ironboard/jasmine/jasmine.js:506:11)
	at run (file:///Users/deniznida/.rvm/gems/ruby-2.2.0-preview1/gems/ironboard-0.0.5/lib/ironboard/jasmine/jasmine.js:1505:22)
	at execute (file:///Users/deniznida/.rvm/gems/ruby-2.2.0-preview1/gems/ironboard-0.0.5/lib/ironboard/jasmine/jasmine.js:1485:13)
	at queueRunnerFactory (file:///Users/deniznida/.rvm/gems/ruby-2.2.0-preview1/gems/ironboard-0.0.5/lib/ironboard/jasmine/jasmine.js:518:42)
	at execute (file:///Users/deniznida/.rvm/gems/ruby-2.2.0-preview1/gems/ironboard-0.0.5/lib/ironboard/jasmine/jasmine.js:306:28)
	at file:///Users/deniznida/.rvm/gems/ruby-2.2.0-preview1/gems/ironboard-0.0.5/lib/ironboard/jasmine/jasmine.js:1708:44
	at attemptAsync (file:///Users/deniznida/.rvm/gems/ruby-2.2.0-preview1/gems/ironboard-0.0.5/lib/ironboard/jasmine/jasmine.js:1520:16)
	at run (file:///Users/deniznida/.rvm/gems/ruby-2.2.0-preview1/gems/ironboard-0.0.5/lib/ironboard/jasmine/jasmine.js:1496:28)
	at execute (file:///Users/deniznida/.rvm/gems/ruby-2.2.0-preview1/gems/ironboard-0.0.5/lib/ironboard/jasmine/jasmine.js:1485:13)
	at queueRunnerFactory (file:///Users/deniznida/.rvm/gems/ruby-2.2.0-preview1/gems/ironboard-0.0.5/lib/ironboard/jasmine/jasmine.js:518:42)
	at execute (file:///Users/deniznida/.rvm/gems/ruby-2.2.0-preview1/gems/ironboard-0.0.5/lib/ironboard/jasmine/jasmine.js:1694:21)
	at file:///Users/deniznida/.rvm/gems/ruby-2.2.0-preview1/gems/ironboard-0.0.5/lib/ironboard/jasmine/jasmine.js:1708:44
	at attemptAsync (file:///Users/deniznida/.rvm/gems/ruby-2.2.0-preview1/gems/ironboard-0.0.5/lib/ironboard/jasmine/jasmine.js:1520:16)
	at run (file:///Users/deniznida/.rvm/gems/ruby-2.2.0-preview1/gems/ironboard-0.0.5/lib/ironboard/jasmine/jasmine.js:1496:28)
	at execute (file:///Users/deniznida/.rvm/gems/ruby-2.2.0-preview1/gems/ironboard-0.0.5/lib/ironboard/jasmine/jasmine.js:1485:13)
	at queueRunnerFactory (file:///Users/deniznida/.rvm/gems/ruby-2.2.0-preview1/gems/ironboard-0.0.5/lib/ironboard/jasmine/jasmine.js:518:42)
	at execute (file:///Users/deniznida/.rvm/gems/ruby-2.2.0-preview1/gems/ironboard-0.0.5/lib/ironboard/jasmine/jasmine.js:1694:21)
	at file:///Users/deniznida/.rvm/gems/ruby-2.2.0-preview1/gems/ironboard-0.0.5/lib/ironboard/jasmine/jasmine.js:541:83
	at attemptAsync (file:///Users/deniznida/.rvm/gems/ruby-2.2.0-preview1/gems/ironboard-0.0.5/lib/ironboard/jasmine/jasmine.js:1520:16)
	at run (file:///Users/deniznida/.rvm/gems/ruby-2.2.0-preview1/gems/ironboard-0.0.5/lib/ironboard/jasmine/jasmine.js:1496:28)
	at execute (file:///Users/deniznida/.rvm/gems/ruby-2.2.0-preview1/gems/ironboard-0.0.5/lib/ironboard/jasmine/jasmine.js:1485:13)
	at queueRunnerFactory (file:///Users/deniznida/.rvm/gems/ruby-2.2.0-preview1/gems/ironboard-0.0.5/lib/ironboard/jasmine/jasmine.js:518:42)
	at execute (file:///Users/deniznida/.rvm/gems/ruby-2.2.0-preview1/gems/ironboard-0.0.5/lib/ironboard/jasmine/jasmine.js:548:25)
	at onload (file:///Users/deniznida/.rvm/gems/ruby-2.2.0-preview1/gems/ironboard-0.0.5/lib/ironboard/jasmine/boot.js:172:16)			</failure>
			<failure type="" message="TypeError: undefined is not an object (evaluating &amp;apos;spaceship.phasersCharge&amp;apos;) in file:///Users/deniznida/Documents/FIS/space-invaders-ruby-007/spec/space-invaders-spec.js (line 57)">
	at file:///Users/deniznida/Documents/FIS/space-invaders-ruby-007/spec/space-invaders-spec.js:57:21
	at attemptSync (file:///Users/deniznida/.rvm/gems/ruby-2.2.0-preview1/gems/ironboard-0.0.5/lib/ironboard/jasmine/jasmine.js:1510:16)
	at run (file:///Users/deniznida/.rvm/gems/ruby-2.2.0-preview1/gems/ironboard-0.0.5/lib/ironboard/jasmine/jasmine.js:1498:20)
	at execute (file:///Users/deniznida/.rvm/gems/ruby-2.2.0-preview1/gems/ironboard-0.0.5/lib/ironboard/jasmine/jasmine.js:1485:13)
	at queueRunnerFactory (file:///Users/deniznida/.rvm/gems/ruby-2.2.0-preview1/gems/ironboard-0.0.5/lib/ironboard/jasmine/jasmine.js:518:42)
	at execute (file:///Users/deniznida/.rvm/gems/ruby-2.2.0-preview1/gems/ironboard-0.0.5/lib/ironboard/jasmine/jasmine.js:306:28)
	at file:///Users/deniznida/.rvm/gems/ruby-2.2.0-preview1/gems/ironboard-0.0.5/lib/ironboard/jasmine/jasmine.js:1708:44
	at attemptAsync (file:///Users/deniznida/.rvm/gems/ruby-2.2.0-preview1/gems/ironboard-0.0.5/lib/ironboard/jasmine/jasmine.js:1520:16)
	at run (file:///Users/deniznida/.rvm/gems/ruby-2.2.0-preview1/gems/ironboard-0.0.5/lib/ironboard/jasmine/jasmine.js:1496:28)
	at next (file:///Users/deniznida/.rvm/gems/ruby-2.2.0-preview1/gems/ironboard-0.0.5/lib/ironboard/jasmine/jasmine.js:1517:40)
	at complete (file:///Users/deniznida/.rvm/gems/ruby-2.2.0-preview1/gems/ironboard-0.0.5/lib/ironboard/jasmine/jasmine.js:333:19)
	at clearStack (file:///Users/deniznida/.rvm/gems/ruby-2.2.0-preview1/gems/ironboard-0.0.5/lib/ironboard/jasmine/jasmine.js:506:11)
	at run (file:///Users/deniznida/.rvm/gems/ruby-2.2.0-preview1/gems/ironboard-0.0.5/lib/ironboard/jasmine/jasmine.js:1505:22)
	at execute (file:///Users/deniznida/.rvm/gems/ruby-2.2.0-preview1/gems/ironboard-0.0.5/lib/ironboard/jasmine/jasmine.js:1485:13)
	at queueRunnerFactory (file:///Users/deniznida/.rvm/gems/ruby-2.2.0-preview1/gems/ironboard-0.0.5/lib/ironboard/jasmine/jasmine.js:518:42)
	at execute (file:///Users/deniznida/.rvm/gems/ruby-2.2.0-preview1/gems/ironboard-0.0.5/lib/ironboard/jasmine/jasmine.js:306:28)
	at file:///Users/deniznida/.rvm/gems/ruby-2.2.0-preview1/gems/ironboard-0.0.5/lib/ironboard/jasmine/jasmine.js:1708:44
	at attemptAsync (file:///Users/deniznida/.rvm/gems/ruby-2.2.0-preview1/gems/ironboard-0.0.5/lib/ironboard/jasmine/jasmine.js:1520:16)
	at run (file:///Users/deniznida/.rvm/gems/ruby-2.2.0-preview1/gems/ironboard-0.0.5/lib/ironboard/jasmine/jasmine.js:1496:28)
	at next (file:///Users/deniznida/.rvm/gems/ruby-2.2.0-preview1/gems/ironboard-0.0.5/lib/ironboard/jasmine/jasmine.js:1517:40)
	at complete (file:///Users/deniznida/.rvm/gems/ruby-2.2.0-preview1/gems/ironboard-0.0.5/lib/ironboard/jasmine/jasmine.js:333:19)
	at clearStack (file:///Users/deniznida/.rvm/gems/ruby-2.2.0-preview1/gems/ironboard-0.0.5/lib/ironboard/jasmine/jasmine.js:506:11)
	at run (file:///Users/deniznida/.rvm/gems/ruby-2.2.0-preview1/gems/ironboard-0.0.5/lib/ironboard/jasmine/jasmine.js:1505:22)
	at execute (file:///Users/deniznida/.rvm/gems/ruby-2.2.0-preview1/gems/ironboard-0.0.5/lib/ironboard/jasmine/jasmine.js:1485:13)
	at queueRunnerFactory (file:///Users/deniznida/.rvm/gems/ruby-2.2.0-preview1/gems/ironboard-0.0.5/lib/ironboard/jasmine/jasmine.js:518:42)
	at execute (file:///Users/deniznida/.rvm/gems/ruby-2.2.0-preview1/gems/ironboard-0.0.5/lib/ironboard/jasmine/jasmine.js:306:28)
	at file:///Users/deniznida/.rvm/gems/ruby-2.2.0-preview1/gems/ironboard-0.0.5/lib/ironboard/jasmine/jasmine.js:1708:44
	at attemptAsync (file:///Users/deniznida/.rvm/gems/ruby-2.2.0-preview1/gems/ironboard-0.0.5/lib/ironboard/jasmine/jasmine.js:1520:16)
	at run (file:///Users/deniznida/.rvm/gems/ruby-2.2.0-preview1/gems/ironboard-0.0.5/lib/ironboard/jasmine/jasmine.js:1496:28)
	at next (file:///Users/deniznida/.rvm/gems/ruby-2.2.0-preview1/gems/ironboard-0.0.5/lib/ironboard/jasmine/jasmine.js:1517:40)
	at complete (file:///Users/deniznida/.rvm/gems/ruby-2.2.0-preview1/gems/ironboard-0.0.5/lib/ironboard/jasmine/jasmine.js:333:19)
	at clearStack (file:///Users/deniznida/.rvm/gems/ruby-2.2.0-preview1/gems/ironboard-0.0.5/lib/ironboard/jasmine/jasmine.js:506:11)
	at run (file:///Users/deniznida/.rvm/gems/ruby-2.2.0-preview1/gems/ironboard-0.0.5/lib/ironboard/jasmine/jasmine.js:1505:22)
	at execute (file:///Users/deniznida/.rvm/gems/ruby-2.2.0-preview1/gems/ironboard-0.0.5/lib/ironboard/jasmine/jasmine.js:1485:13)
	at queueRunnerFactory (file:///Users/deniznida/.rvm/gems/ruby-2.2.0-preview1/gems/ironboard-0.0.5/lib/ironboard/jasmine/jasmine.js:518:42)
	at execute (file:///Users/deniznida/.rvm/gems/ruby-2.2.0-preview1/gems/ironboard-0.0.5/lib/ironboard/jasmine/jasmine.js:306:28)
	at file:///Users/deniznida/.rvm/gems/ruby-2.2.0-preview1/gems/ironboard-0.0.5/lib/ironboard/jasmine/jasmine.js:1708:44
	at attemptAsync (file:///Users/deniznida/.rvm/gems/ruby-2.2.0-preview1/gems/ironboard-0.0.5/lib/ironboard/jasmine/jasmine.js:1520:16)
	at run (file:///Users/deniznida/.rvm/gems/ruby-2.2.0-preview1/gems/ironboard-0.0.5/lib/ironboard/jasmine/jasmine.js:1496:28)
	at next (file:///Users/deniznida/.rvm/gems/ruby-2.2.0-preview1/gems/ironboard-0.0.5/lib/ironboard/jasmine/jasmine.js:1517:40)
	at complete (file:///Users/deniznida/.rvm/gems/ruby-2.2.0-preview1/gems/ironboard-0.0.5/lib/ironboard/jasmine/jasmine.js:333:19)
	at clearStack (file:///Users/deniznida/.rvm/gems/ruby-2.2.0-preview1/gems/ironboard-0.0.5/lib/ironboard/jasmine/jasmine.js:506:11)
	at run (file:///Users/deniznida/.rvm/gems/ruby-2.2.0-preview1/gems/ironboard-0.0.5/lib/ironboard/jasmine/jasmine.js:1505:22)
	at execute (file:///Users/deniznida/.rvm/gems/ruby-2.2.0-preview1/gems/ironboard-0.0.5/lib/ironboard/jasmine/jasmine.js:1485:13)
	at queueRunnerFactory (file:///Users/deniznida/.rvm/gems/ruby-2.2.0-preview1/gems/ironboard-0.0.5/lib/ironboard/jasmine/jasmine.js:518:42)
	at execute (file:///Users/deniznida/.rvm/gems/ruby-2.2.0-preview1/gems/ironboard-0.0.5/lib/ironboard/jasmine/jasmine.js:306:28)
	at file:///Users/deniznida/.rvm/gems/ruby-2.2.0-preview1/gems/ironboard-0.0.5/lib/ironboard/jasmine/jasmine.js:1708:44
	at attemptAsync (file:///Users/deniznida/.rvm/gems/ruby-2.2.0-preview1/gems/ironboard-0.0.5/lib/ironboard/jasmine/jasmine.js:1520:16)
	at run (file:///Users/deniznida/.rvm/gems/ruby-2.2.0-preview1/gems/ironboard-0.0.5/lib/ironboard/jasmine/jasmine.js:1496:28)
	at next (file:///Users/deniznida/.rvm/gems/ruby-2.2.0-preview1/gems/ironboard-0.0.5/lib/ironboard/jasmine/jasmine.js:1517:40)
	at complete (file:///Users/deniznida/.rvm/gems/ruby-2.2.0-preview1/gems/ironboard-0.0.5/lib/ironboard/jasmine/jasmine.js:333:19)
	at clearStack (file:///Users/deniznida/.rvm/gems/ruby-2.2.0-preview1/gems/ironboard-0.0.5/lib/ironboard/jasmine/jasmine.js:506:11)
	at run (file:///Users/deniznida/.rvm/gems/ruby-2.2.0-preview1/gems/ironboard-0.0.5/lib/ironboard/jasmine/jasmine.js:1505:22)
	at execute (file:///Users/deniznida/.rvm/gems/ruby-2.2.0-preview1/gems/ironboard-0.0.5/lib/ironboard/jasmine/jasmine.js:1485:13)
	at queueRunnerFactory (file:///Users/deniznida/.rvm/gems/ruby-2.2.0-preview1/gems/ironboard-0.0.5/lib/ironboard/jasmine/jasmine.js:518:42)
	at execute (file:///Users/deniznida/.rvm/gems/ruby-2.2.0-preview1/gems/ironboard-0.0.5/lib/ironboard/jasmine/jasmine.js:306:28)
	at file:///Users/deniznida/.rvm/gems/ruby-2.2.0-preview1/gems/ironboard-0.0.5/lib/ironboard/jasmine/jasmine.js:1708:44
	at attemptAsync (file:///Users/deniznida/.rvm/gems/ruby-2.2.0-preview1/gems/ironboard-0.0.5/lib/ironboard/jasmine/jasmine.js:1520:16)
	at run (file:///Users/deniznida/.rvm/gems/ruby-2.2.0-preview1/gems/ironboard-0.0.5/lib/ironboard/jasmine/jasmine.js:1496:28)
	at next (file:///Users/deniznida/.rvm/gems/ruby-2.2.0-preview1/gems/ironboard-0.0.5/lib/ironboard/jasmine/jasmine.js:1517:40)
	at complete (file:///Users/deniznida/.rvm/gems/ruby-2.2.0-preview1/gems/ironboard-0.0.5/lib/ironboard/jasmine/jasmine.js:333:19)
	at clearStack (file:///Users/deniznida/.rvm/gems/ruby-2.2.0-preview1/gems/ironboard-0.0.5/lib/ironboard/jasmine/jasmine.js:506:11)
	at run (file:///Users/deniznida/.rvm/gems/ruby-2.2.0-preview1/gems/ironboard-0.0.5/lib/ironboard/jasmine/jasmine.js:1505:22)
	at execute (file:///Users/deniznida/.rvm/gems/ruby-2.2.0-preview1/gems/ironboard-0.0.5/lib/ironboard/jasmine/jasmine.js:1485:13)
	at queueRunnerFactory (file:///Users/deniznida/.rvm/gems/ruby-2.2.0-preview1/gems/ironboard-0.0.5/lib/ironboard/jasmine/jasmine.js:518:42)
	at execute (file:///Users/deniznida/.rvm/gems/ruby-2.2.0-preview1/gems/ironboard-0.0.5/lib/ironboard/jasmine/jasmine.js:306:28)
	at file:///Users/deniznida/.rvm/gems/ruby-2.2.0-preview1/gems/ironboard-0.0.5/lib/ironboard/jasmine/jasmine.js:1708:44
	at attemptAsync (file:///Users/deniznida/.rvm/gems/ruby-2.2.0-preview1/gems/ironboard-0.0.5/lib/ironboard/jasmine/jasmine.js:1520:16)
	at run (file:///Users/deniznida/.rvm/gems/ruby-2.2.0-preview1/gems/ironboard-0.0.5/lib/ironboard/jasmine/jasmine.js:1496:28)
	at execute (file:///Users/deniznida/.rvm/gems/ruby-2.2.0-preview1/gems/ironboard-0.0.5/lib/ironboard/jasmine/jasmine.js:1485:13)
	at queueRunnerFactory (file:///Users/deniznida/.rvm/gems/ruby-2.2.0-preview1/gems/ironboard-0.0.5/lib/ironboard/jasmine/jasmine.js:518:42)
	at execute (file:///Users/deniznida/.rvm/gems/ruby-2.2.0-preview1/gems/ironboard-0.0.5/lib/ironboard/jasmine/jasmine.js:1694:21)
	at file:///Users/deniznida/.rvm/gems/ruby-2.2.0-preview1/gems/ironboard-0.0.5/lib/ironboard/jasmine/jasmine.js:1708:44
	at attemptAsync (file:///Users/deniznida/.rvm/gems/ruby-2.2.0-preview1/gems/ironboard-0.0.5/lib/ironboard/jasmine/jasmine.js:1520:16)
	at run (file:///Users/deniznida/.rvm/gems/ruby-2.2.0-preview1/gems/ironboard-0.0.5/lib/ironboard/jasmine/jasmine.js:1496:28)
	at next (file:///Users/deniznida/.rvm/gems/ruby-2.2.0-preview1/gems/ironboard-0.0.5/lib/ironboard/jasmine/jasmine.js:1517:40)
	at complete (file:///Users/deniznida/.rvm/gems/ruby-2.2.0-preview1/gems/ironboard-0.0.5/lib/ironboard/jasmine/jasmine.js:1703:19)
	at clearStack (file:///Users/deniznida/.rvm/gems/ruby-2.2.0-preview1/gems/ironboard-0.0.5/lib/ironboard/jasmine/jasmine.js:506:11)
	at run (file:///Users/deniznida/.rvm/gems/ruby-2.2.0-preview1/gems/ironboard-0.0.5/lib/ironboard/jasmine/jasmine.js:1505:22)
	at next (file:///Users/deniznida/.rvm/gems/ruby-2.2.0-preview1/gems/ironboard-0.0.5/lib/ironboard/jasmine/jasmine.js:1517:40)
	at complete (file:///Users/deniznida/.rvm/gems/ruby-2.2.0-preview1/gems/ironboard-0.0.5/lib/ironboard/jasmine/jasmine.js:333:19)
	at clearStack (file:///Users/deniznida/.rvm/gems/ruby-2.2.0-preview1/gems/ironboard-0.0.5/lib/ironboard/jasmine/jasmine.js:506:11)
	at run (file:///Users/deniznida/.rvm/gems/ruby-2.2.0-preview1/gems/ironboard-0.0.5/lib/ironboard/jasmine/jasmine.js:1505:22)
	at execute (file:///Users/deniznida/.rvm/gems/ruby-2.2.0-preview1/gems/ironboard-0.0.5/lib/ironboard/jasmine/jasmine.js:1485:13)
	at queueRunnerFactory (file:///Users/deniznida/.rvm/gems/ruby-2.2.0-preview1/gems/ironboard-0.0.5/lib/ironboard/jasmine/jasmine.js:518:42)
	at execute (file:///Users/deniznida/.rvm/gems/ruby-2.2.0-preview1/gems/ironboard-0.0.5/lib/ironboard/jasmine/jasmine.js:306:28)
	at file:///Users/deniznida/.rvm/gems/ruby-2.2.0-preview1/gems/ironboard-0.0.5/lib/ironboard/jasmine/jasmine.js:1708:44
	at attemptAsync (file:///Users/deniznida/.rvm/gems/ruby-2.2.0-preview1/gems/ironboard-0.0.5/lib/ironboard/jasmine/jasmine.js:1520:16)
	at run (file:///Users/deniznida/.rvm/gems/ruby-2.2.0-preview1/gems/ironboard-0.0.5/lib/ironboard/jasmine/jasmine.js:1496:28)
	at next (file:///Users/deniznida/.rvm/gems/ruby-2.2.0-preview1/gems/ironboard-0.0.5/lib/ironboard/jasmine/jasmine.js:1517:40)
	at complete (file:///Users/deniznida/.rvm/gems/ruby-2.2.0-preview1/gems/ironboard-0.0.5/lib/ironboard/jasmine/jasmine.js:333:19)
	at clearStack (file:///Users/deniznida/.rvm/gems/ruby-2.2.0-preview1/gems/ironboard-0.0.5/lib/ironboard/jasmine/jasmine.js:506:11)
	at run (file:///Users/deniznida/.rvm/gems/ruby-2.2.0-preview1/gems/ironboard-0.0.5/lib/ironboard/jasmine/jasmine.js:1505:22)
	at execute (file:///Users/deniznida/.rvm/gems/ruby-2.2.0-preview1/gems/ironboard-0.0.5/lib/ironboard/jasmine/jasmine.js:1485:13)
	at queueRunnerFactory (file:///Users/deniznida/.rvm/gems/ruby-2.2.0-preview1/gems/ironboard-0.0.5/lib/ironboard/jasmine/jasmine.js:518:42)
	at execute (file:///Users/deniznida/.rvm/gems/ruby-2.2.0-preview1/gems/ironboard-0.0.5/lib/ironboard/jasmine/jasmine.js:306:28)
	at file:///Users/deniznida/.rvm/gems/ruby-2.2.0-preview1/gems/ironboard-0.0.5/lib/ironboard/jasmine/jasmine.js:1708:44
	at attemptAsync (file:///Users/deniznida/.rvm/gems/ruby-2.2.0-preview1/gems/ironboard-0.0.5/lib/ironboard/jasmine/jasmine.js:1520:16)
	at run (file:///Users/deniznida/.rvm/gems/ruby-2.2.0-preview1/gems/ironboard-0.0.5/lib/ironboard/jasmine/jasmine.js:1496:28)
	at next (file:///Users/deniznida/.rvm/gems/ruby-2.2.0-preview1/gems/ironboard-0.0.5/lib/ironboard/jasmine/jasmine.js:1517:40)
	at complete (file:///Users/deniznida/.rvm/gems/ruby-2.2.0-preview1/gems/ironboard-0.0.5/lib/ironboard/jasmine/jasmine.js:333:19)
	at clearStack (file:///Users/deniznida/.rvm/gems/ruby-2.2.0-preview1/gems/ironboard-0.0.5/lib/ironboard/jasmine/jasmine.js:506:11)
	at run (file:///Users/deniznida/.rvm/gems/ruby-2.2.0-preview1/gems/ironboard-0.0.5/lib/ironboard/jasmine/jasmine.js:1505:22)
	at execute (file:///Users/deniznida/.rvm/gems/ruby-2.2.0-preview1/gems/ironboard-0.0.5/lib/ironboard/jasmine/jasmine.js:1485:13)
	at queueRunnerFactory (file:///Users/deniznida/.rvm/gems/ruby-2.2.0-preview1/gems/ironboard-0.0.5/lib/ironboard/jasmine/jasmine.js:518:42)
	at execute (file:///Users/deniznida/.rvm/gems/ruby-2.2.0-preview1/gems/ironboard-0.0.5/lib/ironboard/jasmine/jasmine.js:306:28)
	at file:///Users/deniznida/.rvm/gems/ruby-2.2.0-preview1/gems/ironboard-0.0.5/lib/ironboard/jasmine/jasmine.js:1708:44
	at attemptAsync (file:///Users/deniznida/.rvm/gems/ruby-2.2.0-preview1/gems/ironboard-0.0.5/lib/ironboard/jasmine/jasmine.js:1520:16)
	at run (file:///Users/deniznida/.rvm/gems/ruby-2.2.0-preview1/gems/ironboard-0.0.5/lib/ironboard/jasmine/jasmine.js:1496:28)
	at execute (file:///Users/deniznida/.rvm/gems/ruby-2.2.0-preview1/gems/ironboard-0.0.5/lib/ironboard/jasmine/jasmine.js:1485:13)
	at queueRunnerFactory (file:///Users/deniznida/.rvm/gems/ruby-2.2.0-preview1/gems/ironboard-0.0.5/lib/ironboard/jasmine/jasmine.js:518:42)
	at execute (file:///Users/deniznida/.rvm/gems/ruby-2.2.0-preview1/gems/ironboard-0.0.5/lib/ironboard/jasmine/jasmine.js:1694:21)
	at file:///Users/deniznida/.rvm/gems/ruby-2.2.0-preview1/gems/ironboard-0.0.5/lib/ironboard/jasmine/jasmine.js:1708:44
	at attemptAsync (file:///Users/deniznida/.rvm/gems/ruby-2.2.0-preview1/gems/ironboard-0.0.5/lib/ironboard/jasmine/jasmine.js:1520:16)
	at run (file:///Users/deniznida/.rvm/gems/ruby-2.2.0-preview1/gems/ironboard-0.0.5/lib/ironboard/jasmine/jasmine.js:1496:28)
	at execute (file:///Users/deniznida/.rvm/gems/ruby-2.2.0-preview1/gems/ironboard-0.0.5/lib/ironboard/jasmine/jasmine.js:1485:13)
	at queueRunnerFactory (file:///Users/deniznida/.rvm/gems/ruby-2.2.0-preview1/gems/ironboard-0.0.5/lib/ironboard/jasmine/jasmine.js:518:42)
	at execute (file:///Users/deniznida/.rvm/gems/ruby-2.2.0-preview1/gems/ironboard-0.0.5/lib/ironboard/jasmine/jasmine.js:1694:21)
	at file:///Users/deniznida/.rvm/gems/ruby-2.2.0-preview1/gems/ironboard-0.0.5/lib/ironboard/jasmine/jasmine.js:541:83
	at attemptAsync (file:///Users/deniznida/.rvm/gems/ruby-2.2.0-preview1/gems/ironboard-0.0.5/lib/ironboard/jasmine/jasmine.js:1520:16)
	at run (file:///Users/deniznida/.rvm/gems/ruby-2.2.0-preview1/gems/ironboard-0.0.5/lib/ironboard/jasmine/jasmine.js:1496:28)
	at execute (file:///Users/deniznida/.rvm/gems/ruby-2.2.0-preview1/gems/ironboard-0.0.5/lib/ironboard/jasmine/jasmine.js:1485:13)
	at queueRunnerFactory (file:///Users/deniznida/.rvm/gems/ruby-2.2.0-preview1/gems/ironboard-0.0.5/lib/ironboard/jasmine/jasmine.js:518:42)
	at execute (file:///Users/deniznida/.rvm/gems/ruby-2.2.0-preview1/gems/ironboard-0.0.5/lib/ironboard/jasmine/jasmine.js:548:25)
	at onload (file:///Users/deniznida/.rvm/gems/ruby-2.2.0-preview1/gems/ironboard-0.0.5/lib/ironboard/jasmine/boot.js:172:16)			</failure>
		</testcase>
	</testsuite>
</testsuites>

